[0.046s] Invoking command in '/home/darius/turtlebot3_ws/build/turtlebot3_description': CMAKE_PREFIX_PATH=/opt/ros/humble /usr/bin/cmake /home/darius/turtlebot3_ws/src/turtlebot3/turtlebot3_description -DCMAKE_INSTALL_PREFIX=/home/darius/turtlebot3_ws/install/turtlebot3_description
[0.227s] -- The C compiler identification is GNU 11.4.0
[0.395s] -- The CXX compiler identification is GNU 11.4.0
[0.422s] -- Detecting C compiler ABI info
[0.620s] -- Detecting C compiler ABI info - done
[0.641s] -- Check for working C compiler: /usr/bin/cc - skipped
[0.641s] -- Detecting C compile features
[0.641s] -- Detecting C compile features - done
[0.644s] -- Detecting CXX compiler ABI info
[0.875s] -- Detecting CXX compiler ABI info - done
[0.896s] -- Check for working CXX compiler: /usr/bin/c++ - skipped
[0.897s] -- Detecting CXX compile features
[0.898s] -- Detecting CXX compile features - done
[0.910s] -- Found ament_cmake: 1.3.11 (/opt/ros/humble/share/ament_cmake/cmake)
[1.338s] -- Found Python3: /usr/bin/python3 (found version "3.10.12") found components: Interpreter 
[1.592s] -- Found urdf: 2.6.1 (/opt/ros/humble/share/urdf/cmake)
[1.901s] -- Configuring done
[1.909s] -- Generating done
[1.912s] -- Build files have been written to: /home/darius/turtlebot3_ws/build/turtlebot3_description
[1.933s] Invoked command in '/home/darius/turtlebot3_ws/build/turtlebot3_description' returned '0': CMAKE_PREFIX_PATH=/opt/ros/humble /usr/bin/cmake /home/darius/turtlebot3_ws/src/turtlebot3/turtlebot3_description -DCMAKE_INSTALL_PREFIX=/home/darius/turtlebot3_ws/install/turtlebot3_description
[1.934s] Invoking command in '/home/darius/turtlebot3_ws/build/turtlebot3_description': CMAKE_PREFIX_PATH=/opt/ros/humble /usr/bin/cmake --build /home/darius/turtlebot3_ws/build/turtlebot3_description
[2.633s] Invoked command in '/home/darius/turtlebot3_ws/build/turtlebot3_description' returned '0': CMAKE_PREFIX_PATH=/opt/ros/humble /usr/bin/cmake --build /home/darius/turtlebot3_ws/build/turtlebot3_description
[2.638s] Invoking command in '/home/darius/turtlebot3_ws/build/turtlebot3_description': CMAKE_PREFIX_PATH=/opt/ros/humble /usr/bin/cmake --install /home/darius/turtlebot3_ws/build/turtlebot3_description
[2.660s] -- Install configuration: ""
[2.660s] -- Installing: /home/darius/turtlebot3_ws/install/turtlebot3_description/share/turtlebot3_description/meshes
[2.661s] -- Installing: /home/darius/turtlebot3_ws/install/turtlebot3_description/share/turtlebot3_description/meshes/wheels
[2.661s] -- Installing: /home/darius/turtlebot3_ws/install/turtlebot3_description/share/turtlebot3_description/meshes/wheels/left_tire.stl
[2.667s] -- Installing: /home/darius/turtlebot3_ws/install/turtlebot3_description/share/turtlebot3_description/meshes/wheels/right_tire.stl
[2.671s] -- Installing: /home/darius/turtlebot3_ws/install/turtlebot3_description/share/turtlebot3_description/meshes/sensors
[2.673s] -- Installing: /home/darius/turtlebot3_ws/install/turtlebot3_description/share/turtlebot3_description/meshes/sensors/r200.dae
[2.675s] -- Installing: /home/darius/turtlebot3_ws/install/turtlebot3_description/share/turtlebot3_description/meshes/sensors/astra.jpg
[2.676s] -- Installing: /home/darius/turtlebot3_ws/install/turtlebot3_description/share/turtlebot3_description/meshes/sensors/lds.stl
[2.680s] -- Installing: /home/darius/turtlebot3_ws/install/turtlebot3_description/share/turtlebot3_description/meshes/sensors/r200.jpg
[2.681s] -- Installing: /home/darius/turtlebot3_ws/install/turtlebot3_description/share/turtlebot3_description/meshes/sensors/astra.dae
[2.708s] -- Installing: /home/darius/turtlebot3_ws/install/turtlebot3_description/share/turtlebot3_description/meshes/bases
[2.710s] -- Installing: /home/darius/turtlebot3_ws/install/turtlebot3_description/share/turtlebot3_description/meshes/bases/waffle_pi_base.stl
[2.738s] -- Installing: /home/darius/turtlebot3_ws/install/turtlebot3_description/share/turtlebot3_description/meshes/bases/burger_base.stl
[2.752s] -- Installing: /home/darius/turtlebot3_ws/install/turtlebot3_description/share/turtlebot3_description/meshes/bases/waffle_base.stl
[2.805s] -- Installing: /home/darius/turtlebot3_ws/install/turtlebot3_description/share/turtlebot3_description/rviz
[2.805s] -- Installing: /home/darius/turtlebot3_ws/install/turtlebot3_description/share/turtlebot3_description/rviz/model.rviz
[2.806s] -- Installing: /home/darius/turtlebot3_ws/install/turtlebot3_description/share/turtlebot3_description/urdf
[2.806s] -- Installing: /home/darius/turtlebot3_ws/install/turtlebot3_description/share/turtlebot3_description/urdf/common_properties.urdf
[2.807s] -- Installing: /home/darius/turtlebot3_ws/install/turtlebot3_description/share/turtlebot3_description/urdf/turtlebot3_waffle.urdf
[2.808s] -- Installing: /home/darius/turtlebot3_ws/install/turtlebot3_description/share/turtlebot3_description/urdf/turtlebot3_waffle_pi.urdf
[2.809s] -- Installing: /home/darius/turtlebot3_ws/install/turtlebot3_description/share/turtlebot3_description/urdf/turtlebot3_burger.urdf
[2.812s] -- Installing: /home/darius/turtlebot3_ws/install/turtlebot3_description/share/ament_index/resource_index/package_run_dependencies/turtlebot3_description
[2.813s] -- Installing: /home/darius/turtlebot3_ws/install/turtlebot3_description/share/ament_index/resource_index/parent_prefix_path/turtlebot3_description
[2.814s] -- Installing: /home/darius/turtlebot3_ws/install/turtlebot3_description/share/turtlebot3_description/environment/ament_prefix_path.sh
[2.815s] -- Installing: /home/darius/turtlebot3_ws/install/turtlebot3_description/share/turtlebot3_description/environment/ament_prefix_path.dsv
[2.815s] -- Installing: /home/darius/turtlebot3_ws/install/turtlebot3_description/share/turtlebot3_description/environment/path.sh
[2.815s] -- Installing: /home/darius/turtlebot3_ws/install/turtlebot3_description/share/turtlebot3_description/environment/path.dsv
[2.815s] -- Installing: /home/darius/turtlebot3_ws/install/turtlebot3_description/share/turtlebot3_description/local_setup.bash
[2.815s] -- Installing: /home/darius/turtlebot3_ws/install/turtlebot3_description/share/turtlebot3_description/local_setup.sh
[2.818s] -- Installing: /home/darius/turtlebot3_ws/install/turtlebot3_description/share/turtlebot3_description/local_setup.zsh
[2.818s] -- Installing: /home/darius/turtlebot3_ws/install/turtlebot3_description/share/turtlebot3_description/local_setup.dsv
[2.818s] -- Installing: /home/darius/turtlebot3_ws/install/turtlebot3_description/share/turtlebot3_description/package.dsv
[2.818s] -- Installing: /home/darius/turtlebot3_ws/install/turtlebot3_description/share/ament_index/resource_index/packages/turtlebot3_description
[2.820s] -- Installing: /home/darius/turtlebot3_ws/install/turtlebot3_description/share/turtlebot3_description/cmake/turtlebot3_descriptionConfig.cmake
[2.820s] -- Installing: /home/darius/turtlebot3_ws/install/turtlebot3_description/share/turtlebot3_description/cmake/turtlebot3_descriptionConfig-version.cmake
[2.820s] -- Installing: /home/darius/turtlebot3_ws/install/turtlebot3_description/share/turtlebot3_description/package.xml
[2.826s] Invoked command in '/home/darius/turtlebot3_ws/build/turtlebot3_description' returned '0': CMAKE_PREFIX_PATH=/opt/ros/humble /usr/bin/cmake --install /home/darius/turtlebot3_ws/build/turtlebot3_description
