[1.594s] Invoking command in '/home/darius/turtlebot3_ws/build/turtlebot3_teleop': PYTHONPATH=/home/darius/turtlebot3_ws/build/turtlebot3_teleop/prefix_override:/usr/lib/python3/dist-packages/colcon_core/task/python/colcon_distutils_commands:/home/darius/turtlebot3_ws/install/turtlebot3_teleop/lib/python3.10/site-packages:${PYTHONPATH} /usr/bin/python3 -W ignore:setup.py install is deprecated -W ignore:easy_install command is deprecated setup.py develop --editable --build-directory /home/darius/turtlebot3_ws/build/turtlebot3_teleop/build --no-deps symlink_data
[2.149s] running develop
[2.424s] running egg_info
[2.424s] creating turtlebot3_teleop.egg-info
[2.424s] writing turtlebot3_teleop.egg-info/PKG-INFO
[2.425s] writing dependency_links to turtlebot3_teleop.egg-info/dependency_links.txt
[2.425s] writing entry points to turtlebot3_teleop.egg-info/entry_points.txt
[2.425s] writing requirements to turtlebot3_teleop.egg-info/requires.txt
[2.425s] writing top-level names to turtlebot3_teleop.egg-info/top_level.txt
[2.426s] writing manifest file 'turtlebot3_teleop.egg-info/SOURCES.txt'
[2.429s] reading manifest file 'turtlebot3_teleop.egg-info/SOURCES.txt'
[2.430s] writing manifest file 'turtlebot3_teleop.egg-info/SOURCES.txt'
[2.432s] running build_ext
[2.432s] Creating /home/darius/turtlebot3_ws/install/turtlebot3_teleop/lib/python3.10/site-packages/turtlebot3-teleop.egg-link (link to .)
[2.433s] Installing teleop_keyboard script to /home/darius/turtlebot3_ws/install/turtlebot3_teleop/lib/turtlebot3_teleop
[2.434s] 
[2.434s] Installed /home/darius/turtlebot3_ws/build/turtlebot3_teleop
[2.434s] running symlink_data
[2.435s] creating /home/darius/turtlebot3_ws/install/turtlebot3_teleop/share/ament_index
[2.435s] creating /home/darius/turtlebot3_ws/install/turtlebot3_teleop/share/ament_index/resource_index
[2.435s] creating /home/darius/turtlebot3_ws/install/turtlebot3_teleop/share/ament_index/resource_index/packages
[2.435s] symbolically linking /home/darius/turtlebot3_ws/build/turtlebot3_teleop/resource/turtlebot3_teleop -> /home/darius/turtlebot3_ws/install/turtlebot3_teleop/share/ament_index/resource_index/packages
[2.435s] symbolically linking /home/darius/turtlebot3_ws/build/turtlebot3_teleop/package.xml -> /home/darius/turtlebot3_ws/install/turtlebot3_teleop/share/turtlebot3_teleop
[2.511s] Invoked command in '/home/darius/turtlebot3_ws/build/turtlebot3_teleop' returned '0': PYTHONPATH=/home/darius/turtlebot3_ws/build/turtlebot3_teleop/prefix_override:/usr/lib/python3/dist-packages/colcon_core/task/python/colcon_distutils_commands:/home/darius/turtlebot3_ws/install/turtlebot3_teleop/lib/python3.10/site-packages:${PYTHONPATH} /usr/bin/python3 -W ignore:setup.py install is deprecated -W ignore:easy_install command is deprecated setup.py develop --editable --build-directory /home/darius/turtlebot3_ws/build/turtlebot3_teleop/build --no-deps symlink_data
