[0.047s] Invoking command in '/home/darius/turtlebot3_ws/build/turtlebot3_gazebo': CMAKE_PREFIX_PATH=/opt/ros/humble /usr/bin/cmake /home/darius/turtlebot3_ws/src/turtlebot3_simulations/turtlebot3_gazebo -DCMAKE_INSTALL_PREFIX=/home/darius/turtlebot3_ws/install/turtlebot3_gazebo
[0.209s] -- The C compiler identification is GNU 11.4.0
[0.396s] -- The CXX compiler identification is GNU 11.4.0
[0.412s] -- Detecting C compiler ABI info
[0.596s] -- Detecting C compiler ABI info - done
[0.614s] -- Check for working C compiler: /usr/bin/cc - skipped
[0.618s] -- Detecting C compile features
[0.618s] -- Detecting C compile features - done
[0.627s] -- Detecting CXX compiler ABI info
[0.856s] -- Detecting CXX compiler ABI info - done
[0.880s] -- Check for working CXX compiler: /usr/bin/c++ - skipped
[0.882s] -- Detecting CXX compile features
[0.884s] -- Detecting CXX compile features - done
[0.895s] -- Found ament_cmake: 1.3.11 (/opt/ros/humble/share/ament_cmake/cmake)
[1.326s] -- Found Python3: /usr/bin/python3 (found version "3.10.12") found components: Interpreter 
[1.611s] -- Found PkgConfig: /usr/bin/pkg-config (found version "0.29.2") 
[1.611s] [33mCMake Warning (dev) at /usr/share/cmake-3.22/Modules/FindPackageHandleStandardArgs.cmake:438 (message):
[1.611s]   The package name passed to `find_package_handle_standard_args` (PkgConfig)
[1.611s]   does not match the name of the calling package (gazebo).  This can lead to
[1.611s]   problems in calling code that expects `find_package` result variables
[1.611s]   (e.g., `_FOUND`) to follow a certain pattern.
[1.612s] Call Stack (most recent call first):
[1.612s]   /usr/share/cmake-3.22/Modules/FindPkgConfig.cmake:99 (find_package_handle_standard_args)
[1.612s]   /usr/lib/x86_64-linux-gnu/cmake/gazebo/gazebo-config.cmake:72 (include)
[1.612s]   CMakeLists.txt:23 (find_package)
[1.612s] This warning is for project developers.  Use -Wno-dev to suppress it.
[1.612s] [0m
[1.626s] -- Checking for module 'bullet>=2.82'
[1.657s] --   Found bullet, version 3.05
[1.951s] -- Found fcl: /usr/include (found suitable version "0.7.0", minimum required is "0.5.0") 
[2.073s] -- Found assimp: /usr/include (found version "5.2.0") 
[2.128s] -- Found DART: /usr/include (Required is at least version "6.6") found components: dart 
[2.508s] -- Found Boost: /usr/lib/x86_64-linux-gnu/cmake/Boost-1.74.0/BoostConfig.cmake (found suitable version "1.74.0", minimum required is "1.40.0") found components: thread system filesystem program_options regex iostreams date_time 
[2.556s] -- Found Protobuf: /usr/lib/x86_64-linux-gnu/libprotobuf.so (found version "3.12.4") 
[2.572s] -- Looking for ignition-math6 -- found version 6.15.1
[2.601s] -- Searching for dependencies of ignition-math6
[2.607s] -- Looking for OGRE...
[2.608s] -- OGRE_PREFIX_WATCH changed.
[2.617s] -- Checking for module 'OGRE'
[2.649s] --   Found OGRE, version 1.9.0
[2.743s] -- Found Ogre Ghadamon (1.9.0)
[2.773s] -- Found OGRE: optimized;/usr/lib/x86_64-linux-gnu/libOgreMain.so;debug;/usr/lib/x86_64-linux-gnu/libOgreMain.so
[2.796s] -- Looking for OGRE_Paging...
[2.818s] -- Found OGRE_Paging: optimized;/usr/lib/x86_64-linux-gnu/libOgrePaging.so;debug;/usr/lib/x86_64-linux-gnu/libOgrePaging.so
[2.818s] -- Looking for OGRE_Terrain...
[2.831s] -- Found OGRE_Terrain: optimized;/usr/lib/x86_64-linux-gnu/libOgreTerrain.so;debug;/usr/lib/x86_64-linux-gnu/libOgreTerrain.so
[2.831s] -- Looking for OGRE_Property...
[2.850s] -- Found OGRE_Property: optimized;/usr/lib/x86_64-linux-gnu/libOgreProperty.so;debug;/usr/lib/x86_64-linux-gnu/libOgreProperty.so
[2.850s] -- Looking for OGRE_RTShaderSystem...
[2.867s] -- Found OGRE_RTShaderSystem: optimized;/usr/lib/x86_64-linux-gnu/libOgreRTShaderSystem.so;debug;/usr/lib/x86_64-linux-gnu/libOgreRTShaderSystem.so
[2.868s] -- Looking for OGRE_Volume...
[2.891s] -- Found OGRE_Volume: optimized;/usr/lib/x86_64-linux-gnu/libOgreVolume.so;debug;/usr/lib/x86_64-linux-gnu/libOgreVolume.so
[2.892s] -- Looking for OGRE_Overlay...
[2.918s] -- Found OGRE_Overlay: optimized;/usr/lib/x86_64-linux-gnu/libOgreOverlay.so;debug;/usr/lib/x86_64-linux-gnu/libOgreOverlay.so
[3.297s] -- Looking for ignition-math6 -- found version 6.15.1
[3.305s] -- Looking for ignition-transport8 -- found version 8.2.1
[3.308s] -- Searching for dependencies of ignition-transport8
[3.350s] -- Found Protobuf: /usr/lib/x86_64-linux-gnu/libprotobuf.so (found suitable version "3.12.4", minimum required is "3") 
[3.371s] -- Config-file not installed for ZeroMQ -- checking for pkg-config
[3.382s] -- Checking for module 'libzmq >= 4'
[3.423s] --   Found libzmq , version 4.3.4
[3.508s] -- Found ZeroMQ: TRUE (Required is at least version "4") 
[3.519s] -- Checking for module 'uuid'
[3.550s] --   Found uuid, version 2.37.2
[3.633s] -- Found UUID: TRUE  
[3.637s] -- Looking for ignition-msgs5 -- found version 5.8.1
[3.638s] -- Searching for dependencies of ignition-msgs5
[3.674s] -- Looking for ignition-math6 -- found version 6.15.1
[3.685s] -- Checking for module 'tinyxml2'
[3.717s] --   Found tinyxml2, version 9.0.0
[3.807s] -- Looking for ignition-msgs5 -- found version 5.8.1
[3.812s] -- Looking for ignition-common3 -- found version 3.14.0
[3.813s] -- Searching for dependencies of ignition-common3
[3.814s] -- Looking for dlfcn.h - found
[3.815s] -- Looking for libdl - found
[3.818s] -- Found DL: TRUE  
[3.843s] -- Found tinyobjloader: /usr/lib/x86_64-linux-gnu/cmake/tinyobjloader/tinyobjloader-config.cmake (found version "2.0.0") 
[3.845s] -- Searching for <ignition-common3> component [graphics]
[3.849s] -- Looking for ignition-common3-graphics -- found version 3.14.0
[3.850s] -- Searching for dependencies of ignition-common3-graphics
[3.851s] -- Looking for ignition-math6 -- found version 6.15.1
[3.859s] -- Looking for ignition-fuel_tools4 -- found version 4.4.0
[3.866s] -- Searching for dependencies of ignition-fuel_tools4
[4.077s] -- Found CURL: /usr/lib/x86_64-linux-gnu/libcurl.so (found version "7.81.0")  
[4.094s] -- Checking for module 'jsoncpp'
[4.121s] --   Found jsoncpp, version 1.9.5
[4.209s] -- Found JSONCPP: TRUE  
[4.223s] -- Checking for module 'libzip'
[4.248s] --   Found libzip, version 1.7.3
[4.319s] -- Found ZIP: TRUE  
[4.320s] -- Looking for ignition-common3 -- found version 3.14.0
[4.321s] -- Looking for ignition-math6 -- found version 6.15.1
[4.322s] -- Looking for ignition-msgs5 -- found version 5.8.1
[4.336s] -- Found gazebo_ros_pkgs: 3.7.0 (/opt/ros/humble/share/gazebo_ros_pkgs/cmake)
[4.341s] -- Found geometry_msgs: 4.2.4 (/opt/ros/humble/share/geometry_msgs/cmake)
[4.402s] -- Found rosidl_generator_c: 3.1.6 (/opt/ros/humble/share/rosidl_generator_c/cmake)
[4.412s] -- Found rosidl_adapter: 3.1.6 (/opt/ros/humble/share/rosidl_adapter/cmake)
[4.430s] -- Found rosidl_generator_cpp: 3.1.6 (/opt/ros/humble/share/rosidl_generator_cpp/cmake)
[4.459s] -- Using all available rosidl_typesupport_c: rosidl_typesupport_fastrtps_c;rosidl_typesupport_introspection_c
[4.491s] -- Using all available rosidl_typesupport_cpp: rosidl_typesupport_fastrtps_cpp;rosidl_typesupport_introspection_cpp
[4.579s] -- Found nav_msgs: 4.2.4 (/opt/ros/humble/share/nav_msgs/cmake)
[4.640s] -- Found rclcpp: 16.0.11 (/opt/ros/humble/share/rclcpp/cmake)
[4.785s] -- Found rmw_implementation_cmake: 6.1.2 (/opt/ros/humble/share/rmw_implementation_cmake/cmake)
[4.794s] -- Found rmw_fastrtps_cpp: 6.2.7 (/opt/ros/humble/share/rmw_fastrtps_cpp/cmake)
[5.002s] -- Found OpenSSL: /usr/lib/x86_64-linux-gnu/libcrypto.so (found version "3.0.2")  
[5.046s] -- Found FastRTPS: /opt/ros/humble/include  
[5.116s] -- Using RMW implementation 'rmw_fastrtps_cpp' as default
[5.135s] -- Found Threads: TRUE  
[5.216s] -- Found sensor_msgs: 4.2.4 (/opt/ros/humble/share/sensor_msgs/cmake)
[5.258s] -- Found tf2: 0.25.9 (/opt/ros/humble/share/tf2/cmake)
[5.391s] -- Configuring done
[5.488s] -- Generating done
[5.502s] -- Build files have been written to: /home/darius/turtlebot3_ws/build/turtlebot3_gazebo
[5.525s] Invoked command in '/home/darius/turtlebot3_ws/build/turtlebot3_gazebo' returned '0': CMAKE_PREFIX_PATH=/opt/ros/humble /usr/bin/cmake /home/darius/turtlebot3_ws/src/turtlebot3_simulations/turtlebot3_gazebo -DCMAKE_INSTALL_PREFIX=/home/darius/turtlebot3_ws/install/turtlebot3_gazebo
[5.528s] Invoking command in '/home/darius/turtlebot3_ws/build/turtlebot3_gazebo': CMAKE_PREFIX_PATH=/opt/ros/humble /usr/bin/cmake --build /home/darius/turtlebot3_ws/build/turtlebot3_gazebo
[5.619s] [ 12%] [32mBuilding CXX object CMakeFiles/turtlebot3_drive.dir/src/turtlebot3_drive.cpp.o[0m
