[1.502s] Invoking command in '/home/darius/turtlebot3_ws/src/turtlebot3/turtlebot3_teleop': PYTHONPATH=/home/darius/turtlebot3_ws/build/turtlebot3_teleop/prefix_override:/usr/lib/python3/dist-packages/colcon_core/task/python/colcon_distutils_commands:/home/darius/turtlebot3_ws/install/turtlebot3_teleop/lib/python3.10/site-packages:${PYTHONPATH} /usr/bin/python3 -W ignore:setup.py install is deprecated -W ignore:easy_install command is deprecated setup.py egg_info --egg-base ../../../build/turtlebot3_teleop build --build-base /home/darius/turtlebot3_ws/build/turtlebot3_teleop/build install --record /home/darius/turtlebot3_ws/build/turtlebot3_teleop/install.log --single-version-externally-managed install_data
[1.992s] running egg_info
[1.995s] writing ../../../build/turtlebot3_teleop/turtlebot3_teleop.egg-info/PKG-INFO
[1.995s] writing dependency_links to ../../../build/turtlebot3_teleop/turtlebot3_teleop.egg-info/dependency_links.txt
[1.995s] writing entry points to ../../../build/turtlebot3_teleop/turtlebot3_teleop.egg-info/entry_points.txt
[1.995s] writing requirements to ../../../build/turtlebot3_teleop/turtlebot3_teleop.egg-info/requires.txt
[1.995s] writing top-level names to ../../../build/turtlebot3_teleop/turtlebot3_teleop.egg-info/top_level.txt
[1.999s] reading manifest file '../../../build/turtlebot3_teleop/turtlebot3_teleop.egg-info/SOURCES.txt'
[2.001s] writing manifest file '../../../build/turtlebot3_teleop/turtlebot3_teleop.egg-info/SOURCES.txt'
[2.001s] running build
[2.001s] running build_py
[2.002s] running install
[2.003s] running install_lib
[2.006s] running install_data
[2.007s] running install_egg_info
[2.014s] removing '/home/darius/turtlebot3_ws/install/turtlebot3_teleop/lib/python3.10/site-packages/turtlebot3_teleop-2.1.5-py3.10.egg-info' (and everything under it)
[2.015s] Copying ../../../build/turtlebot3_teleop/turtlebot3_teleop.egg-info to /home/darius/turtlebot3_ws/install/turtlebot3_teleop/lib/python3.10/site-packages/turtlebot3_teleop-2.1.5-py3.10.egg-info
[2.017s] running install_scripts
[2.058s] Installing teleop_keyboard script to /home/darius/turtlebot3_ws/install/turtlebot3_teleop/lib/turtlebot3_teleop
[2.058s] writing list of installed files to '/home/darius/turtlebot3_ws/build/turtlebot3_teleop/install.log'
[2.261s] Invoked command in '/home/darius/turtlebot3_ws/src/turtlebot3/turtlebot3_teleop' returned '0': PYTHONPATH=/home/darius/turtlebot3_ws/build/turtlebot3_teleop/prefix_override:/usr/lib/python3/dist-packages/colcon_core/task/python/colcon_distutils_commands:/home/darius/turtlebot3_ws/install/turtlebot3_teleop/lib/python3.10/site-packages:${PYTHONPATH} /usr/bin/python3 -W ignore:setup.py install is deprecated -W ignore:easy_install command is deprecated setup.py egg_info --egg-base ../../../build/turtlebot3_teleop build --build-base /home/darius/turtlebot3_ws/build/turtlebot3_teleop/build install --record /home/darius/turtlebot3_ws/build/turtlebot3_teleop/install.log --single-version-externally-managed install_data
