[0.779s] Invoking command in '/home/darius/turtlebot3_ws/src/my_simulation': PYTHONPATH=/home/darius/turtlebot3_ws/build/my_simulation/prefix_override:/usr/lib/python3/dist-packages/colcon_core/task/python/colcon_distutils_commands:/home/darius/turtlebot3_ws/install/my_simulation/lib/python3.10/site-packages:${PYTHONPATH} /usr/bin/python3 -W ignore:setup.py install is deprecated -W ignore:easy_install command is deprecated setup.py egg_info --egg-base ../../build/my_simulation build --build-base /home/darius/turtlebot3_ws/build/my_simulation/build install --record /home/darius/turtlebot3_ws/build/my_simulation/install.log --single-version-externally-managed install_data
[1.082s] running egg_info
[1.083s] writing ../../build/my_simulation/my_simulation.egg-info/PKG-INFO
[1.083s] writing dependency_links to ../../build/my_simulation/my_simulation.egg-info/dependency_links.txt
[1.083s] writing entry points to ../../build/my_simulation/my_simulation.egg-info/entry_points.txt
[1.084s] writing requirements to ../../build/my_simulation/my_simulation.egg-info/requires.txt
[1.084s] writing top-level names to ../../build/my_simulation/my_simulation.egg-info/top_level.txt
[1.085s] reading manifest file '../../build/my_simulation/my_simulation.egg-info/SOURCES.txt'
[1.087s] writing manifest file '../../build/my_simulation/my_simulation.egg-info/SOURCES.txt'
[1.087s] running build
[1.087s] running build_py
[1.088s] running install
[1.088s] running install_lib
[1.089s] running install_data
[1.089s] running install_egg_info
[1.092s] removing '/home/darius/turtlebot3_ws/install/my_simulation/lib/python3.10/site-packages/my_simulation-0.0.0-py3.10.egg-info' (and everything under it)
[1.092s] Copying ../../build/my_simulation/my_simulation.egg-info to /home/darius/turtlebot3_ws/install/my_simulation/lib/python3.10/site-packages/my_simulation-0.0.0-py3.10.egg-info
[1.093s] running install_scripts
[1.118s] writing list of installed files to '/home/darius/turtlebot3_ws/build/my_simulation/install.log'
[1.156s] Invoked command in '/home/darius/turtlebot3_ws/src/my_simulation' returned '0': PYTHONPATH=/home/darius/turtlebot3_ws/build/my_simulation/prefix_override:/usr/lib/python3/dist-packages/colcon_core/task/python/colcon_distutils_commands:/home/darius/turtlebot3_ws/install/my_simulation/lib/python3.10/site-packages:${PYTHONPATH} /usr/bin/python3 -W ignore:setup.py install is deprecated -W ignore:easy_install command is deprecated setup.py egg_info --egg-base ../../build/my_simulation build --build-base /home/darius/turtlebot3_ws/build/my_simulation/build install --record /home/darius/turtlebot3_ws/build/my_simulation/install.log --single-version-externally-managed install_data
