[0.274s] DEBUG:colcon:Command line arguments: ['/usr/bin/colcon', 'list', '-p', '--base-paths', '/home/darius/turtlebot3_ws']
[0.274s] DEBUG:colcon:Parsed command line arguments: Namespace(log_base=None, log_level=None, verb_name='list', build_base='build', ignore_user_meta=False, metas=['./colcon.meta'], base_paths=['/home/darius/turtlebot3_ws'], packages_ignore=None, packages_ignore_regex=None, paths=None, packages_up_to=None, packages_up_to_regex=None, packages_above=None, packages_above_and_dependencies=None, packages_above_depth=None, packages_select_by_dep=None, packages_skip_by_dep=None, packages_skip_up_to=None, packages_select_build_failed=False, packages_skip_build_finished=False, packages_select_test_failures=False, packages_skip_test_passed=False, packages_select=None, packages_skip=None, packages_select_regex=None, packages_skip_regex=None, packages_start=None, packages_end=None, allow_overriding=[], topological_order=False, names_only=False, paths_only=True, topological_graph=False, topological_graph_dot=False, topological_graph_density=False, topological_graph_legend=False, topological_graph_dot_cluster=False, topological_graph_dot_include_skipped=False, mixin_files=None, mixin=None, verb_parser=<colcon_mixin.mixin.mixin_argument.MixinArgumentDecorator object at 0x7f0f7a0144f0>, verb_extension=<colcon_package_information.verb.list.ListVerb object at 0x7f0f79fdf310>, main=<bound method ListVerb.main of <colcon_package_information.verb.list.ListVerb object at 0x7f0f79fdf310>>, mixin_verb=('list',))
[0.749s] Level 1:colcon.colcon_core.package_discovery:discover_packages(colcon_meta) check parameters
[0.749s] Level 1:colcon.colcon_core.package_discovery:discover_packages(recursive) check parameters
[0.749s] Level 1:colcon.colcon_core.package_discovery:discover_packages(ignore) check parameters
[0.749s] Level 1:colcon.colcon_core.package_discovery:discover_packages(path) check parameters
[0.749s] Level 1:colcon.colcon_core.package_discovery:discover_packages(recursive) discover
[0.750s] INFO:colcon.colcon_core.package_discovery:Crawling recursively for packages in '/home/darius/turtlebot3_ws'
[0.750s] Level 1:colcon.colcon_core.package_identification:_identify(/home/darius/turtlebot3_ws) by extensions ['ignore', 'ignore_ament_install']
[0.750s] Level 1:colcon.colcon_core.package_identification:_identify(/home/darius/turtlebot3_ws) by extension 'ignore'
[0.751s] Level 1:colcon.colcon_core.package_identification:_identify(/home/darius/turtlebot3_ws) by extension 'ignore_ament_install'
[0.751s] Level 1:colcon.colcon_core.package_identification:_identify(/home/darius/turtlebot3_ws) by extensions ['colcon_pkg']
[0.751s] Level 1:colcon.colcon_core.package_identification:_identify(/home/darius/turtlebot3_ws) by extension 'colcon_pkg'
[0.751s] Level 1:colcon.colcon_core.package_identification:_identify(/home/darius/turtlebot3_ws) by extensions ['colcon_meta']
[0.751s] Level 1:colcon.colcon_core.package_identification:_identify(/home/darius/turtlebot3_ws) by extension 'colcon_meta'
[0.751s] Level 1:colcon.colcon_core.package_identification:_identify(/home/darius/turtlebot3_ws) by extensions ['ros']
[0.751s] Level 1:colcon.colcon_core.package_identification:_identify(/home/darius/turtlebot3_ws) by extension 'ros'
[0.780s] Level 1:colcon.colcon_core.package_identification:_identify(/home/darius/turtlebot3_ws) by extensions ['cmake', 'python']
[0.781s] Level 1:colcon.colcon_core.package_identification:_identify(/home/darius/turtlebot3_ws) by extension 'cmake'
[0.781s] Level 1:colcon.colcon_core.package_identification:_identify(/home/darius/turtlebot3_ws) by extension 'python'
[0.781s] Level 1:colcon.colcon_core.package_identification:_identify(/home/darius/turtlebot3_ws) by extensions ['python_setup_py']
[0.781s] Level 1:colcon.colcon_core.package_identification:_identify(/home/darius/turtlebot3_ws) by extension 'python_setup_py'
[0.781s] Level 1:colcon.colcon_core.package_identification:_identify(/home/darius/turtlebot3_ws/build) by extensions ['ignore', 'ignore_ament_install']
[0.782s] Level 1:colcon.colcon_core.package_identification:_identify(/home/darius/turtlebot3_ws/build) by extension 'ignore'
[0.782s] Level 1:colcon.colcon_core.package_identification:_identify(/home/darius/turtlebot3_ws/build) ignored
[0.782s] Level 1:colcon.colcon_core.package_identification:_identify(/home/darius/turtlebot3_ws/install) by extensions ['ignore', 'ignore_ament_install']
[0.783s] Level 1:colcon.colcon_core.package_identification:_identify(/home/darius/turtlebot3_ws/install) by extension 'ignore'
[0.783s] Level 1:colcon.colcon_core.package_identification:_identify(/home/darius/turtlebot3_ws/install) ignored
[0.783s] Level 1:colcon.colcon_core.package_identification:_identify(/home/darius/turtlebot3_ws/log) by extensions ['ignore', 'ignore_ament_install']
[0.784s] Level 1:colcon.colcon_core.package_identification:_identify(/home/darius/turtlebot3_ws/log) by extension 'ignore'
[0.784s] Level 1:colcon.colcon_core.package_identification:_identify(/home/darius/turtlebot3_ws/log) ignored
[0.784s] Level 1:colcon.colcon_core.package_identification:_identify(/home/darius/turtlebot3_ws/src) by extensions ['ignore', 'ignore_ament_install']
[0.785s] Level 1:colcon.colcon_core.package_identification:_identify(/home/darius/turtlebot3_ws/src) by extension 'ignore'
[0.785s] Level 1:colcon.colcon_core.package_identification:_identify(/home/darius/turtlebot3_ws/src) by extension 'ignore_ament_install'
[0.785s] Level 1:colcon.colcon_core.package_identification:_identify(/home/darius/turtlebot3_ws/src) by extensions ['colcon_pkg']
[0.785s] Level 1:colcon.colcon_core.package_identification:_identify(/home/darius/turtlebot3_ws/src) by extension 'colcon_pkg'
[0.785s] Level 1:colcon.colcon_core.package_identification:_identify(/home/darius/turtlebot3_ws/src) by extensions ['colcon_meta']
[0.785s] Level 1:colcon.colcon_core.package_identification:_identify(/home/darius/turtlebot3_ws/src) by extension 'colcon_meta'
[0.785s] Level 1:colcon.colcon_core.package_identification:_identify(/home/darius/turtlebot3_ws/src) by extensions ['ros']
[0.786s] Level 1:colcon.colcon_core.package_identification:_identify(/home/darius/turtlebot3_ws/src) by extension 'ros'
[0.786s] Level 1:colcon.colcon_core.package_identification:_identify(/home/darius/turtlebot3_ws/src) by extensions ['cmake', 'python']
[0.786s] Level 1:colcon.colcon_core.package_identification:_identify(/home/darius/turtlebot3_ws/src) by extension 'cmake'
[0.786s] Level 1:colcon.colcon_core.package_identification:_identify(/home/darius/turtlebot3_ws/src) by extension 'python'
[0.786s] Level 1:colcon.colcon_core.package_identification:_identify(/home/darius/turtlebot3_ws/src) by extensions ['python_setup_py']
[0.786s] Level 1:colcon.colcon_core.package_identification:_identify(/home/darius/turtlebot3_ws/src) by extension 'python_setup_py'
[0.787s] Level 1:colcon.colcon_core.package_identification:_identify(/home/darius/turtlebot3_ws/src/DynamixelSDK) by extensions ['ignore', 'ignore_ament_install']
[0.787s] Level 1:colcon.colcon_core.package_identification:_identify(/home/darius/turtlebot3_ws/src/DynamixelSDK) by extension 'ignore'
[0.787s] Level 1:colcon.colcon_core.package_identification:_identify(/home/darius/turtlebot3_ws/src/DynamixelSDK) by extension 'ignore_ament_install'
[0.787s] Level 1:colcon.colcon_core.package_identification:_identify(/home/darius/turtlebot3_ws/src/DynamixelSDK) by extensions ['colcon_pkg']
[0.787s] Level 1:colcon.colcon_core.package_identification:_identify(/home/darius/turtlebot3_ws/src/DynamixelSDK) by extension 'colcon_pkg'
[0.787s] Level 1:colcon.colcon_core.package_identification:_identify(/home/darius/turtlebot3_ws/src/DynamixelSDK) by extensions ['colcon_meta']
[0.787s] Level 1:colcon.colcon_core.package_identification:_identify(/home/darius/turtlebot3_ws/src/DynamixelSDK) by extension 'colcon_meta'
[0.788s] Level 1:colcon.colcon_core.package_identification:_identify(/home/darius/turtlebot3_ws/src/DynamixelSDK) by extensions ['ros']
[0.788s] Level 1:colcon.colcon_core.package_identification:_identify(/home/darius/turtlebot3_ws/src/DynamixelSDK) by extension 'ros'
[0.788s] Level 1:colcon.colcon_core.package_identification:_identify(/home/darius/turtlebot3_ws/src/DynamixelSDK) by extensions ['cmake', 'python']
[0.788s] Level 1:colcon.colcon_core.package_identification:_identify(/home/darius/turtlebot3_ws/src/DynamixelSDK) by extension 'cmake'
[0.788s] Level 1:colcon.colcon_core.package_identification:_identify(/home/darius/turtlebot3_ws/src/DynamixelSDK) by extension 'python'
[0.788s] Level 1:colcon.colcon_core.package_identification:_identify(/home/darius/turtlebot3_ws/src/DynamixelSDK) by extensions ['python_setup_py']
[0.789s] Level 1:colcon.colcon_core.package_identification:_identify(/home/darius/turtlebot3_ws/src/DynamixelSDK) by extension 'python_setup_py'
[0.789s] Level 1:colcon.colcon_core.package_identification:_identify(/home/darius/turtlebot3_ws/src/DynamixelSDK/dynamixel_sdk) by extensions ['ignore', 'ignore_ament_install']
[0.789s] Level 1:colcon.colcon_core.package_identification:_identify(/home/darius/turtlebot3_ws/src/DynamixelSDK/dynamixel_sdk) by extension 'ignore'
[0.789s] Level 1:colcon.colcon_core.package_identification:_identify(/home/darius/turtlebot3_ws/src/DynamixelSDK/dynamixel_sdk) by extension 'ignore_ament_install'
[0.790s] Level 1:colcon.colcon_core.package_identification:_identify(/home/darius/turtlebot3_ws/src/DynamixelSDK/dynamixel_sdk) by extensions ['colcon_pkg']
[0.790s] Level 1:colcon.colcon_core.package_identification:_identify(/home/darius/turtlebot3_ws/src/DynamixelSDK/dynamixel_sdk) by extension 'colcon_pkg'
[0.790s] Level 1:colcon.colcon_core.package_identification:_identify(/home/darius/turtlebot3_ws/src/DynamixelSDK/dynamixel_sdk) by extensions ['colcon_meta']
[0.790s] Level 1:colcon.colcon_core.package_identification:_identify(/home/darius/turtlebot3_ws/src/DynamixelSDK/dynamixel_sdk) by extension 'colcon_meta'
[0.790s] Level 1:colcon.colcon_core.package_identification:_identify(/home/darius/turtlebot3_ws/src/DynamixelSDK/dynamixel_sdk) by extensions ['ros']
[0.790s] Level 1:colcon.colcon_core.package_identification:_identify(/home/darius/turtlebot3_ws/src/DynamixelSDK/dynamixel_sdk) by extension 'ros'
[0.797s] DEBUG:colcon.colcon_core.package_identification:Package '/home/darius/turtlebot3_ws/src/DynamixelSDK/dynamixel_sdk' with type 'ros.ament_cmake' and name 'dynamixel_sdk'
[0.798s] Level 1:colcon.colcon_core.package_identification:_identify(/home/darius/turtlebot3_ws/src/DynamixelSDK/dynamixel_sdk_custom_interfaces) by extensions ['ignore', 'ignore_ament_install']
[0.798s] Level 1:colcon.colcon_core.package_identification:_identify(/home/darius/turtlebot3_ws/src/DynamixelSDK/dynamixel_sdk_custom_interfaces) by extension 'ignore'
[0.799s] Level 1:colcon.colcon_core.package_identification:_identify(/home/darius/turtlebot3_ws/src/DynamixelSDK/dynamixel_sdk_custom_interfaces) by extension 'ignore_ament_install'
[0.799s] Level 1:colcon.colcon_core.package_identification:_identify(/home/darius/turtlebot3_ws/src/DynamixelSDK/dynamixel_sdk_custom_interfaces) by extensions ['colcon_pkg']
[0.799s] Level 1:colcon.colcon_core.package_identification:_identify(/home/darius/turtlebot3_ws/src/DynamixelSDK/dynamixel_sdk_custom_interfaces) by extension 'colcon_pkg'
[0.799s] Level 1:colcon.colcon_core.package_identification:_identify(/home/darius/turtlebot3_ws/src/DynamixelSDK/dynamixel_sdk_custom_interfaces) by extensions ['colcon_meta']
[0.799s] Level 1:colcon.colcon_core.package_identification:_identify(/home/darius/turtlebot3_ws/src/DynamixelSDK/dynamixel_sdk_custom_interfaces) by extension 'colcon_meta'
[0.801s] Level 1:colcon.colcon_core.package_identification:_identify(/home/darius/turtlebot3_ws/src/DynamixelSDK/dynamixel_sdk_custom_interfaces) by extensions ['ros']
[0.801s] Level 1:colcon.colcon_core.package_identification:_identify(/home/darius/turtlebot3_ws/src/DynamixelSDK/dynamixel_sdk_custom_interfaces) by extension 'ros'
[0.804s] DEBUG:colcon.colcon_core.package_identification:Package '/home/darius/turtlebot3_ws/src/DynamixelSDK/dynamixel_sdk_custom_interfaces' with type 'ros.ament_cmake' and name 'dynamixel_sdk_custom_interfaces'
[0.805s] Level 1:colcon.colcon_core.package_identification:_identify(/home/darius/turtlebot3_ws/src/DynamixelSDK/dynamixel_sdk_examples) by extensions ['ignore', 'ignore_ament_install']
[0.805s] Level 1:colcon.colcon_core.package_identification:_identify(/home/darius/turtlebot3_ws/src/DynamixelSDK/dynamixel_sdk_examples) by extension 'ignore'
[0.805s] Level 1:colcon.colcon_core.package_identification:_identify(/home/darius/turtlebot3_ws/src/DynamixelSDK/dynamixel_sdk_examples) by extension 'ignore_ament_install'
[0.805s] Level 1:colcon.colcon_core.package_identification:_identify(/home/darius/turtlebot3_ws/src/DynamixelSDK/dynamixel_sdk_examples) by extensions ['colcon_pkg']
[0.805s] Level 1:colcon.colcon_core.package_identification:_identify(/home/darius/turtlebot3_ws/src/DynamixelSDK/dynamixel_sdk_examples) by extension 'colcon_pkg'
[0.806s] Level 1:colcon.colcon_core.package_identification:_identify(/home/darius/turtlebot3_ws/src/DynamixelSDK/dynamixel_sdk_examples) by extensions ['colcon_meta']
[0.806s] Level 1:colcon.colcon_core.package_identification:_identify(/home/darius/turtlebot3_ws/src/DynamixelSDK/dynamixel_sdk_examples) by extension 'colcon_meta'
[0.806s] Level 1:colcon.colcon_core.package_identification:_identify(/home/darius/turtlebot3_ws/src/DynamixelSDK/dynamixel_sdk_examples) by extensions ['ros']
[0.806s] Level 1:colcon.colcon_core.package_identification:_identify(/home/darius/turtlebot3_ws/src/DynamixelSDK/dynamixel_sdk_examples) by extension 'ros'
[0.808s] DEBUG:colcon.colcon_core.package_identification:Package '/home/darius/turtlebot3_ws/src/DynamixelSDK/dynamixel_sdk_examples' with type 'ros.ament_cmake' and name 'dynamixel_sdk_examples'
[0.809s] Level 1:colcon.colcon_core.package_identification:_identify(/home/darius/turtlebot3_ws/src/turtlebot3) by extensions ['ignore', 'ignore_ament_install']
[0.809s] Level 1:colcon.colcon_core.package_identification:_identify(/home/darius/turtlebot3_ws/src/turtlebot3) by extension 'ignore'
[0.809s] Level 1:colcon.colcon_core.package_identification:_identify(/home/darius/turtlebot3_ws/src/turtlebot3) by extension 'ignore_ament_install'
[0.809s] Level 1:colcon.colcon_core.package_identification:_identify(/home/darius/turtlebot3_ws/src/turtlebot3) by extensions ['colcon_pkg']
[0.809s] Level 1:colcon.colcon_core.package_identification:_identify(/home/darius/turtlebot3_ws/src/turtlebot3) by extension 'colcon_pkg'
[0.809s] Level 1:colcon.colcon_core.package_identification:_identify(/home/darius/turtlebot3_ws/src/turtlebot3) by extensions ['colcon_meta']
[0.810s] Level 1:colcon.colcon_core.package_identification:_identify(/home/darius/turtlebot3_ws/src/turtlebot3) by extension 'colcon_meta'
[0.810s] Level 1:colcon.colcon_core.package_identification:_identify(/home/darius/turtlebot3_ws/src/turtlebot3) by extensions ['ros']
[0.810s] Level 1:colcon.colcon_core.package_identification:_identify(/home/darius/turtlebot3_ws/src/turtlebot3) by extension 'ros'
[0.810s] Level 1:colcon.colcon_core.package_identification:_identify(/home/darius/turtlebot3_ws/src/turtlebot3) by extensions ['cmake', 'python']
[0.810s] Level 1:colcon.colcon_core.package_identification:_identify(/home/darius/turtlebot3_ws/src/turtlebot3) by extension 'cmake'
[0.810s] Level 1:colcon.colcon_core.package_identification:_identify(/home/darius/turtlebot3_ws/src/turtlebot3) by extension 'python'
[0.810s] Level 1:colcon.colcon_core.package_identification:_identify(/home/darius/turtlebot3_ws/src/turtlebot3) by extensions ['python_setup_py']
[0.811s] Level 1:colcon.colcon_core.package_identification:_identify(/home/darius/turtlebot3_ws/src/turtlebot3) by extension 'python_setup_py'
[0.811s] Level 1:colcon.colcon_core.package_identification:_identify(/home/darius/turtlebot3_ws/src/turtlebot3/turtlebot3) by extensions ['ignore', 'ignore_ament_install']
[0.811s] Level 1:colcon.colcon_core.package_identification:_identify(/home/darius/turtlebot3_ws/src/turtlebot3/turtlebot3) by extension 'ignore'
[0.811s] Level 1:colcon.colcon_core.package_identification:_identify(/home/darius/turtlebot3_ws/src/turtlebot3/turtlebot3) by extension 'ignore_ament_install'
[0.812s] Level 1:colcon.colcon_core.package_identification:_identify(/home/darius/turtlebot3_ws/src/turtlebot3/turtlebot3) by extensions ['colcon_pkg']
[0.812s] Level 1:colcon.colcon_core.package_identification:_identify(/home/darius/turtlebot3_ws/src/turtlebot3/turtlebot3) by extension 'colcon_pkg'
[0.812s] Level 1:colcon.colcon_core.package_identification:_identify(/home/darius/turtlebot3_ws/src/turtlebot3/turtlebot3) by extensions ['colcon_meta']
[0.812s] Level 1:colcon.colcon_core.package_identification:_identify(/home/darius/turtlebot3_ws/src/turtlebot3/turtlebot3) by extension 'colcon_meta'
[0.812s] Level 1:colcon.colcon_core.package_identification:_identify(/home/darius/turtlebot3_ws/src/turtlebot3/turtlebot3) by extensions ['ros']
[0.812s] Level 1:colcon.colcon_core.package_identification:_identify(/home/darius/turtlebot3_ws/src/turtlebot3/turtlebot3) by extension 'ros'
[0.814s] DEBUG:colcon.colcon_core.package_identification:Package '/home/darius/turtlebot3_ws/src/turtlebot3/turtlebot3' with type 'ros.ament_cmake' and name 'turtlebot3'
[0.815s] Level 1:colcon.colcon_core.package_identification:_identify(/home/darius/turtlebot3_ws/src/turtlebot3/turtlebot3_bringup) by extensions ['ignore', 'ignore_ament_install']
[0.816s] Level 1:colcon.colcon_core.package_identification:_identify(/home/darius/turtlebot3_ws/src/turtlebot3/turtlebot3_bringup) by extension 'ignore'
[0.816s] Level 1:colcon.colcon_core.package_identification:_identify(/home/darius/turtlebot3_ws/src/turtlebot3/turtlebot3_bringup) by extension 'ignore_ament_install'
[0.816s] Level 1:colcon.colcon_core.package_identification:_identify(/home/darius/turtlebot3_ws/src/turtlebot3/turtlebot3_bringup) by extensions ['colcon_pkg']
[0.817s] Level 1:colcon.colcon_core.package_identification:_identify(/home/darius/turtlebot3_ws/src/turtlebot3/turtlebot3_bringup) by extension 'colcon_pkg'
[0.817s] Level 1:colcon.colcon_core.package_identification:_identify(/home/darius/turtlebot3_ws/src/turtlebot3/turtlebot3_bringup) by extensions ['colcon_meta']
[0.817s] Level 1:colcon.colcon_core.package_identification:_identify(/home/darius/turtlebot3_ws/src/turtlebot3/turtlebot3_bringup) by extension 'colcon_meta'
[0.817s] Level 1:colcon.colcon_core.package_identification:_identify(/home/darius/turtlebot3_ws/src/turtlebot3/turtlebot3_bringup) by extensions ['ros']
[0.817s] Level 1:colcon.colcon_core.package_identification:_identify(/home/darius/turtlebot3_ws/src/turtlebot3/turtlebot3_bringup) by extension 'ros'
[0.819s] DEBUG:colcon.colcon_core.package_identification:Package '/home/darius/turtlebot3_ws/src/turtlebot3/turtlebot3_bringup' with type 'ros.ament_cmake' and name 'turtlebot3_bringup'
[0.819s] Level 1:colcon.colcon_core.package_identification:_identify(/home/darius/turtlebot3_ws/src/turtlebot3/turtlebot3_cartographer) by extensions ['ignore', 'ignore_ament_install']
[0.820s] Level 1:colcon.colcon_core.package_identification:_identify(/home/darius/turtlebot3_ws/src/turtlebot3/turtlebot3_cartographer) by extension 'ignore'
[0.820s] Level 1:colcon.colcon_core.package_identification:_identify(/home/darius/turtlebot3_ws/src/turtlebot3/turtlebot3_cartographer) by extension 'ignore_ament_install'
[0.820s] Level 1:colcon.colcon_core.package_identification:_identify(/home/darius/turtlebot3_ws/src/turtlebot3/turtlebot3_cartographer) by extensions ['colcon_pkg']
[0.820s] Level 1:colcon.colcon_core.package_identification:_identify(/home/darius/turtlebot3_ws/src/turtlebot3/turtlebot3_cartographer) by extension 'colcon_pkg'
[0.820s] Level 1:colcon.colcon_core.package_identification:_identify(/home/darius/turtlebot3_ws/src/turtlebot3/turtlebot3_cartographer) by extensions ['colcon_meta']
[0.820s] Level 1:colcon.colcon_core.package_identification:_identify(/home/darius/turtlebot3_ws/src/turtlebot3/turtlebot3_cartographer) by extension 'colcon_meta'
[0.820s] Level 1:colcon.colcon_core.package_identification:_identify(/home/darius/turtlebot3_ws/src/turtlebot3/turtlebot3_cartographer) by extensions ['ros']
[0.821s] Level 1:colcon.colcon_core.package_identification:_identify(/home/darius/turtlebot3_ws/src/turtlebot3/turtlebot3_cartographer) by extension 'ros'
[0.822s] DEBUG:colcon.colcon_core.package_identification:Package '/home/darius/turtlebot3_ws/src/turtlebot3/turtlebot3_cartographer' with type 'ros.ament_cmake' and name 'turtlebot3_cartographer'
[0.823s] Level 1:colcon.colcon_core.package_identification:_identify(/home/darius/turtlebot3_ws/src/turtlebot3/turtlebot3_description) by extensions ['ignore', 'ignore_ament_install']
[0.823s] Level 1:colcon.colcon_core.package_identification:_identify(/home/darius/turtlebot3_ws/src/turtlebot3/turtlebot3_description) by extension 'ignore'
[0.823s] Level 1:colcon.colcon_core.package_identification:_identify(/home/darius/turtlebot3_ws/src/turtlebot3/turtlebot3_description) by extension 'ignore_ament_install'
[0.823s] Level 1:colcon.colcon_core.package_identification:_identify(/home/darius/turtlebot3_ws/src/turtlebot3/turtlebot3_description) by extensions ['colcon_pkg']
[0.824s] Level 1:colcon.colcon_core.package_identification:_identify(/home/darius/turtlebot3_ws/src/turtlebot3/turtlebot3_description) by extension 'colcon_pkg'
[0.824s] Level 1:colcon.colcon_core.package_identification:_identify(/home/darius/turtlebot3_ws/src/turtlebot3/turtlebot3_description) by extensions ['colcon_meta']
[0.824s] Level 1:colcon.colcon_core.package_identification:_identify(/home/darius/turtlebot3_ws/src/turtlebot3/turtlebot3_description) by extension 'colcon_meta'
[0.824s] Level 1:colcon.colcon_core.package_identification:_identify(/home/darius/turtlebot3_ws/src/turtlebot3/turtlebot3_description) by extensions ['ros']
[0.824s] Level 1:colcon.colcon_core.package_identification:_identify(/home/darius/turtlebot3_ws/src/turtlebot3/turtlebot3_description) by extension 'ros'
[0.826s] DEBUG:colcon.colcon_core.package_identification:Package '/home/darius/turtlebot3_ws/src/turtlebot3/turtlebot3_description' with type 'ros.ament_cmake' and name 'turtlebot3_description'
[0.826s] Level 1:colcon.colcon_core.package_identification:_identify(/home/darius/turtlebot3_ws/src/turtlebot3/turtlebot3_example) by extensions ['ignore', 'ignore_ament_install']
[0.826s] Level 1:colcon.colcon_core.package_identification:_identify(/home/darius/turtlebot3_ws/src/turtlebot3/turtlebot3_example) by extension 'ignore'
[0.827s] Level 1:colcon.colcon_core.package_identification:_identify(/home/darius/turtlebot3_ws/src/turtlebot3/turtlebot3_example) by extension 'ignore_ament_install'
[0.827s] Level 1:colcon.colcon_core.package_identification:_identify(/home/darius/turtlebot3_ws/src/turtlebot3/turtlebot3_example) by extensions ['colcon_pkg']
[0.827s] Level 1:colcon.colcon_core.package_identification:_identify(/home/darius/turtlebot3_ws/src/turtlebot3/turtlebot3_example) by extension 'colcon_pkg'
[0.827s] Level 1:colcon.colcon_core.package_identification:_identify(/home/darius/turtlebot3_ws/src/turtlebot3/turtlebot3_example) by extensions ['colcon_meta']
[0.827s] Level 1:colcon.colcon_core.package_identification:_identify(/home/darius/turtlebot3_ws/src/turtlebot3/turtlebot3_example) by extension 'colcon_meta'
[0.827s] Level 1:colcon.colcon_core.package_identification:_identify(/home/darius/turtlebot3_ws/src/turtlebot3/turtlebot3_example) by extensions ['ros']
[0.827s] Level 1:colcon.colcon_core.package_identification:_identify(/home/darius/turtlebot3_ws/src/turtlebot3/turtlebot3_example) by extension 'ros'
[0.830s] DEBUG:colcon.colcon_core.package_identification:Package '/home/darius/turtlebot3_ws/src/turtlebot3/turtlebot3_example' with type 'ros.ament_python' and name 'turtlebot3_example'
[0.831s] Level 1:colcon.colcon_core.package_identification:_identify(/home/darius/turtlebot3_ws/src/turtlebot3/turtlebot3_navigation2) by extensions ['ignore', 'ignore_ament_install']
[0.832s] Level 1:colcon.colcon_core.package_identification:_identify(/home/darius/turtlebot3_ws/src/turtlebot3/turtlebot3_navigation2) by extension 'ignore'
[0.832s] Level 1:colcon.colcon_core.package_identification:_identify(/home/darius/turtlebot3_ws/src/turtlebot3/turtlebot3_navigation2) by extension 'ignore_ament_install'
[0.833s] Level 1:colcon.colcon_core.package_identification:_identify(/home/darius/turtlebot3_ws/src/turtlebot3/turtlebot3_navigation2) by extensions ['colcon_pkg']
[0.833s] Level 1:colcon.colcon_core.package_identification:_identify(/home/darius/turtlebot3_ws/src/turtlebot3/turtlebot3_navigation2) by extension 'colcon_pkg'
[0.834s] Level 1:colcon.colcon_core.package_identification:_identify(/home/darius/turtlebot3_ws/src/turtlebot3/turtlebot3_navigation2) by extensions ['colcon_meta']
[0.834s] Level 1:colcon.colcon_core.package_identification:_identify(/home/darius/turtlebot3_ws/src/turtlebot3/turtlebot3_navigation2) by extension 'colcon_meta'
[0.834s] Level 1:colcon.colcon_core.package_identification:_identify(/home/darius/turtlebot3_ws/src/turtlebot3/turtlebot3_navigation2) by extensions ['ros']
[0.834s] Level 1:colcon.colcon_core.package_identification:_identify(/home/darius/turtlebot3_ws/src/turtlebot3/turtlebot3_navigation2) by extension 'ros'
[0.836s] DEBUG:colcon.colcon_core.package_identification:Package '/home/darius/turtlebot3_ws/src/turtlebot3/turtlebot3_navigation2' with type 'ros.ament_cmake' and name 'turtlebot3_navigation2'
[0.836s] Level 1:colcon.colcon_core.package_identification:_identify(/home/darius/turtlebot3_ws/src/turtlebot3/turtlebot3_node) by extensions ['ignore', 'ignore_ament_install']
[0.836s] Level 1:colcon.colcon_core.package_identification:_identify(/home/darius/turtlebot3_ws/src/turtlebot3/turtlebot3_node) by extension 'ignore'
[0.837s] Level 1:colcon.colcon_core.package_identification:_identify(/home/darius/turtlebot3_ws/src/turtlebot3/turtlebot3_node) by extension 'ignore_ament_install'
[0.837s] Level 1:colcon.colcon_core.package_identification:_identify(/home/darius/turtlebot3_ws/src/turtlebot3/turtlebot3_node) by extensions ['colcon_pkg']
[0.837s] Level 1:colcon.colcon_core.package_identification:_identify(/home/darius/turtlebot3_ws/src/turtlebot3/turtlebot3_node) by extension 'colcon_pkg'
[0.837s] Level 1:colcon.colcon_core.package_identification:_identify(/home/darius/turtlebot3_ws/src/turtlebot3/turtlebot3_node) by extensions ['colcon_meta']
[0.837s] Level 1:colcon.colcon_core.package_identification:_identify(/home/darius/turtlebot3_ws/src/turtlebot3/turtlebot3_node) by extension 'colcon_meta'
[0.837s] Level 1:colcon.colcon_core.package_identification:_identify(/home/darius/turtlebot3_ws/src/turtlebot3/turtlebot3_node) by extensions ['ros']
[0.837s] Level 1:colcon.colcon_core.package_identification:_identify(/home/darius/turtlebot3_ws/src/turtlebot3/turtlebot3_node) by extension 'ros'
[0.842s] DEBUG:colcon.colcon_core.package_identification:Package '/home/darius/turtlebot3_ws/src/turtlebot3/turtlebot3_node' with type 'ros.ament_cmake' and name 'turtlebot3_node'
[0.842s] Level 1:colcon.colcon_core.package_identification:_identify(/home/darius/turtlebot3_ws/src/turtlebot3/turtlebot3_teleop) by extensions ['ignore', 'ignore_ament_install']
[0.843s] Level 1:colcon.colcon_core.package_identification:_identify(/home/darius/turtlebot3_ws/src/turtlebot3/turtlebot3_teleop) by extension 'ignore'
[0.843s] Level 1:colcon.colcon_core.package_identification:_identify(/home/darius/turtlebot3_ws/src/turtlebot3/turtlebot3_teleop) by extension 'ignore_ament_install'
[0.843s] Level 1:colcon.colcon_core.package_identification:_identify(/home/darius/turtlebot3_ws/src/turtlebot3/turtlebot3_teleop) by extensions ['colcon_pkg']
[0.843s] Level 1:colcon.colcon_core.package_identification:_identify(/home/darius/turtlebot3_ws/src/turtlebot3/turtlebot3_teleop) by extension 'colcon_pkg'
[0.843s] Level 1:colcon.colcon_core.package_identification:_identify(/home/darius/turtlebot3_ws/src/turtlebot3/turtlebot3_teleop) by extensions ['colcon_meta']
[0.843s] Level 1:colcon.colcon_core.package_identification:_identify(/home/darius/turtlebot3_ws/src/turtlebot3/turtlebot3_teleop) by extension 'colcon_meta'
[0.843s] Level 1:colcon.colcon_core.package_identification:_identify(/home/darius/turtlebot3_ws/src/turtlebot3/turtlebot3_teleop) by extensions ['ros']
[0.843s] Level 1:colcon.colcon_core.package_identification:_identify(/home/darius/turtlebot3_ws/src/turtlebot3/turtlebot3_teleop) by extension 'ros'
[0.845s] DEBUG:colcon.colcon_core.package_identification:Package '/home/darius/turtlebot3_ws/src/turtlebot3/turtlebot3_teleop' with type 'ros.ament_python' and name 'turtlebot3_teleop'
[0.845s] Level 1:colcon.colcon_core.package_identification:_identify(/home/darius/turtlebot3_ws/src/turtlebot3_msgs) by extensions ['ignore', 'ignore_ament_install']
[0.846s] Level 1:colcon.colcon_core.package_identification:_identify(/home/darius/turtlebot3_ws/src/turtlebot3_msgs) by extension 'ignore'
[0.846s] Level 1:colcon.colcon_core.package_identification:_identify(/home/darius/turtlebot3_ws/src/turtlebot3_msgs) by extension 'ignore_ament_install'
[0.846s] Level 1:colcon.colcon_core.package_identification:_identify(/home/darius/turtlebot3_ws/src/turtlebot3_msgs) by extensions ['colcon_pkg']
[0.846s] Level 1:colcon.colcon_core.package_identification:_identify(/home/darius/turtlebot3_ws/src/turtlebot3_msgs) by extension 'colcon_pkg'
[0.846s] Level 1:colcon.colcon_core.package_identification:_identify(/home/darius/turtlebot3_ws/src/turtlebot3_msgs) by extensions ['colcon_meta']
[0.846s] Level 1:colcon.colcon_core.package_identification:_identify(/home/darius/turtlebot3_ws/src/turtlebot3_msgs) by extension 'colcon_meta'
[0.846s] Level 1:colcon.colcon_core.package_identification:_identify(/home/darius/turtlebot3_ws/src/turtlebot3_msgs) by extensions ['ros']
[0.846s] Level 1:colcon.colcon_core.package_identification:_identify(/home/darius/turtlebot3_ws/src/turtlebot3_msgs) by extension 'ros'
[0.849s] DEBUG:colcon.colcon_core.package_identification:Package '/home/darius/turtlebot3_ws/src/turtlebot3_msgs' with type 'ros.ament_cmake' and name 'turtlebot3_msgs'
[0.849s] Level 1:colcon.colcon_core.package_identification:_identify(/home/darius/turtlebot3_ws/src/turtlebot3_simulations) by extensions ['ignore', 'ignore_ament_install']
[0.849s] Level 1:colcon.colcon_core.package_identification:_identify(/home/darius/turtlebot3_ws/src/turtlebot3_simulations) by extension 'ignore'
[0.850s] Level 1:colcon.colcon_core.package_identification:_identify(/home/darius/turtlebot3_ws/src/turtlebot3_simulations) by extension 'ignore_ament_install'
[0.850s] Level 1:colcon.colcon_core.package_identification:_identify(/home/darius/turtlebot3_ws/src/turtlebot3_simulations) by extensions ['colcon_pkg']
[0.850s] Level 1:colcon.colcon_core.package_identification:_identify(/home/darius/turtlebot3_ws/src/turtlebot3_simulations) by extension 'colcon_pkg'
[0.850s] Level 1:colcon.colcon_core.package_identification:_identify(/home/darius/turtlebot3_ws/src/turtlebot3_simulations) by extensions ['colcon_meta']
[0.850s] Level 1:colcon.colcon_core.package_identification:_identify(/home/darius/turtlebot3_ws/src/turtlebot3_simulations) by extension 'colcon_meta'
[0.850s] Level 1:colcon.colcon_core.package_identification:_identify(/home/darius/turtlebot3_ws/src/turtlebot3_simulations) by extensions ['ros']
[0.850s] Level 1:colcon.colcon_core.package_identification:_identify(/home/darius/turtlebot3_ws/src/turtlebot3_simulations) by extension 'ros'
[0.850s] Level 1:colcon.colcon_core.package_identification:_identify(/home/darius/turtlebot3_ws/src/turtlebot3_simulations) by extensions ['cmake', 'python']
[0.851s] Level 1:colcon.colcon_core.package_identification:_identify(/home/darius/turtlebot3_ws/src/turtlebot3_simulations) by extension 'cmake'
[0.851s] Level 1:colcon.colcon_core.package_identification:_identify(/home/darius/turtlebot3_ws/src/turtlebot3_simulations) by extension 'python'
[0.851s] Level 1:colcon.colcon_core.package_identification:_identify(/home/darius/turtlebot3_ws/src/turtlebot3_simulations) by extensions ['python_setup_py']
[0.851s] Level 1:colcon.colcon_core.package_identification:_identify(/home/darius/turtlebot3_ws/src/turtlebot3_simulations) by extension 'python_setup_py'
[0.851s] Level 1:colcon.colcon_core.package_identification:_identify(/home/darius/turtlebot3_ws/src/turtlebot3_simulations/turtlebot3_fake_node) by extensions ['ignore', 'ignore_ament_install']
[0.851s] Level 1:colcon.colcon_core.package_identification:_identify(/home/darius/turtlebot3_ws/src/turtlebot3_simulations/turtlebot3_fake_node) by extension 'ignore'
[0.852s] Level 1:colcon.colcon_core.package_identification:_identify(/home/darius/turtlebot3_ws/src/turtlebot3_simulations/turtlebot3_fake_node) by extension 'ignore_ament_install'
[0.852s] Level 1:colcon.colcon_core.package_identification:_identify(/home/darius/turtlebot3_ws/src/turtlebot3_simulations/turtlebot3_fake_node) by extensions ['colcon_pkg']
[0.852s] Level 1:colcon.colcon_core.package_identification:_identify(/home/darius/turtlebot3_ws/src/turtlebot3_simulations/turtlebot3_fake_node) by extension 'colcon_pkg'
[0.852s] Level 1:colcon.colcon_core.package_identification:_identify(/home/darius/turtlebot3_ws/src/turtlebot3_simulations/turtlebot3_fake_node) by extensions ['colcon_meta']
[0.852s] Level 1:colcon.colcon_core.package_identification:_identify(/home/darius/turtlebot3_ws/src/turtlebot3_simulations/turtlebot3_fake_node) by extension 'colcon_meta'
[0.852s] Level 1:colcon.colcon_core.package_identification:_identify(/home/darius/turtlebot3_ws/src/turtlebot3_simulations/turtlebot3_fake_node) by extensions ['ros']
[0.852s] Level 1:colcon.colcon_core.package_identification:_identify(/home/darius/turtlebot3_ws/src/turtlebot3_simulations/turtlebot3_fake_node) by extension 'ros'
[0.855s] DEBUG:colcon.colcon_core.package_identification:Package '/home/darius/turtlebot3_ws/src/turtlebot3_simulations/turtlebot3_fake_node' with type 'ros.ament_cmake' and name 'turtlebot3_fake_node'
[0.855s] Level 1:colcon.colcon_core.package_identification:_identify(/home/darius/turtlebot3_ws/src/turtlebot3_simulations/turtlebot3_gazebo) by extensions ['ignore', 'ignore_ament_install']
[0.856s] Level 1:colcon.colcon_core.package_identification:_identify(/home/darius/turtlebot3_ws/src/turtlebot3_simulations/turtlebot3_gazebo) by extension 'ignore'
[0.856s] Level 1:colcon.colcon_core.package_identification:_identify(/home/darius/turtlebot3_ws/src/turtlebot3_simulations/turtlebot3_gazebo) by extension 'ignore_ament_install'
[0.856s] Level 1:colcon.colcon_core.package_identification:_identify(/home/darius/turtlebot3_ws/src/turtlebot3_simulations/turtlebot3_gazebo) by extensions ['colcon_pkg']
[0.856s] Level 1:colcon.colcon_core.package_identification:_identify(/home/darius/turtlebot3_ws/src/turtlebot3_simulations/turtlebot3_gazebo) by extension 'colcon_pkg'
[0.856s] Level 1:colcon.colcon_core.package_identification:_identify(/home/darius/turtlebot3_ws/src/turtlebot3_simulations/turtlebot3_gazebo) by extensions ['colcon_meta']
[0.856s] Level 1:colcon.colcon_core.package_identification:_identify(/home/darius/turtlebot3_ws/src/turtlebot3_simulations/turtlebot3_gazebo) by extension 'colcon_meta'
[0.856s] Level 1:colcon.colcon_core.package_identification:_identify(/home/darius/turtlebot3_ws/src/turtlebot3_simulations/turtlebot3_gazebo) by extensions ['ros']
[0.856s] Level 1:colcon.colcon_core.package_identification:_identify(/home/darius/turtlebot3_ws/src/turtlebot3_simulations/turtlebot3_gazebo) by extension 'ros'
[0.859s] DEBUG:colcon.colcon_core.package_identification:Package '/home/darius/turtlebot3_ws/src/turtlebot3_simulations/turtlebot3_gazebo' with type 'ros.ament_cmake' and name 'turtlebot3_gazebo'
[0.860s] Level 1:colcon.colcon_core.package_identification:_identify(/home/darius/turtlebot3_ws/src/turtlebot3_simulations/turtlebot3_simulations) by extensions ['ignore', 'ignore_ament_install']
[0.860s] Level 1:colcon.colcon_core.package_identification:_identify(/home/darius/turtlebot3_ws/src/turtlebot3_simulations/turtlebot3_simulations) by extension 'ignore'
[0.860s] Level 1:colcon.colcon_core.package_identification:_identify(/home/darius/turtlebot3_ws/src/turtlebot3_simulations/turtlebot3_simulations) by extension 'ignore_ament_install'
[0.860s] Level 1:colcon.colcon_core.package_identification:_identify(/home/darius/turtlebot3_ws/src/turtlebot3_simulations/turtlebot3_simulations) by extensions ['colcon_pkg']
[0.860s] Level 1:colcon.colcon_core.package_identification:_identify(/home/darius/turtlebot3_ws/src/turtlebot3_simulations/turtlebot3_simulations) by extension 'colcon_pkg'
[0.861s] Level 1:colcon.colcon_core.package_identification:_identify(/home/darius/turtlebot3_ws/src/turtlebot3_simulations/turtlebot3_simulations) by extensions ['colcon_meta']
[0.861s] Level 1:colcon.colcon_core.package_identification:_identify(/home/darius/turtlebot3_ws/src/turtlebot3_simulations/turtlebot3_simulations) by extension 'colcon_meta'
[0.861s] Level 1:colcon.colcon_core.package_identification:_identify(/home/darius/turtlebot3_ws/src/turtlebot3_simulations/turtlebot3_simulations) by extensions ['ros']
[0.861s] Level 1:colcon.colcon_core.package_identification:_identify(/home/darius/turtlebot3_ws/src/turtlebot3_simulations/turtlebot3_simulations) by extension 'ros'
[0.863s] DEBUG:colcon.colcon_core.package_identification:Package '/home/darius/turtlebot3_ws/src/turtlebot3_simulations/turtlebot3_simulations' with type 'ros.ament_cmake' and name 'turtlebot3_simulations'
[0.863s] Level 1:colcon.colcon_core.package_discovery:discover_packages(recursive) using defaults
