[0.027s] Invoking command in '/home/darius/turtlebot3_ws/build/turtlebot3_simulations': AMENT_PREFIX_PATH=/home/darius/turtlebot3_ws/install/turtlebot3_fake_node:/home/darius/turtlebot3_ws/install/turtlebot3_msgs:/home/darius/turtlebot3_ws/install/turtlebot3_gazebo:${AMENT_PREFIX_PATH} CMAKE_PREFIX_PATH=/home/darius/turtlebot3_ws/install/turtlebot3_fake_node:/home/darius/turtlebot3_ws/install/turtlebot3_msgs:/home/darius/turtlebot3_ws/install/turtlebot3_gazebo:/opt/ros/humble LD_LIBRARY_PATH=/home/darius/turtlebot3_ws/install/turtlebot3_msgs/lib:/usr/lib/x86_64-linux-gnu/gazebo-11/plugins:/opt/ros/humble/opt/rviz_ogre_vendor/lib:/opt/ros/humble/lib/x86_64-linux-gnu:/opt/ros/humble/lib:/usr/lib/x86_64-linux-gnu/gazebo-11/plugins PYTHONPATH=/home/darius/turtlebot3_ws/install/turtlebot3_msgs/local/lib/python3.10/dist-packages:${PYTHONPATH} /usr/bin/cmake /home/darius/turtlebot3_ws/src/turtlebot3_simulations/turtlebot3_simulations -DCMAKE_INSTALL_PREFIX=/home/darius/turtlebot3_ws/install/turtlebot3_simulations
[0.137s] -- The C compiler identification is GNU 11.4.0
[0.233s] -- The CXX compiler identification is GNU 11.4.0
[0.246s] -- Detecting C compiler ABI info
[0.372s] -- Detecting C compiler ABI info - done
[0.396s] -- Check for working C compiler: /usr/bin/cc - skipped
[0.397s] -- Detecting C compile features
[0.398s] -- Detecting C compile features - done
[0.406s] -- Detecting CXX compiler ABI info
[0.551s] -- Detecting CXX compiler ABI info - done
[0.575s] -- Check for working CXX compiler: /usr/bin/c++ - skipped
[0.575s] -- Detecting CXX compile features
[0.577s] -- Detecting CXX compile features - done
[0.587s] -- Found ament_cmake: 1.3.11 (/opt/ros/humble/share/ament_cmake/cmake)
[0.818s] -- Found Python3: /usr/bin/python3 (found version "3.10.12") found components: Interpreter 
[1.099s] -- Configuring done
[1.104s] -- Generating done
[1.106s] -- Build files have been written to: /home/darius/turtlebot3_ws/build/turtlebot3_simulations
[1.112s] Invoked command in '/home/darius/turtlebot3_ws/build/turtlebot3_simulations' returned '0': AMENT_PREFIX_PATH=/home/darius/turtlebot3_ws/install/turtlebot3_fake_node:/home/darius/turtlebot3_ws/install/turtlebot3_msgs:/home/darius/turtlebot3_ws/install/turtlebot3_gazebo:${AMENT_PREFIX_PATH} CMAKE_PREFIX_PATH=/home/darius/turtlebot3_ws/install/turtlebot3_fake_node:/home/darius/turtlebot3_ws/install/turtlebot3_msgs:/home/darius/turtlebot3_ws/install/turtlebot3_gazebo:/opt/ros/humble LD_LIBRARY_PATH=/home/darius/turtlebot3_ws/install/turtlebot3_msgs/lib:/usr/lib/x86_64-linux-gnu/gazebo-11/plugins:/opt/ros/humble/opt/rviz_ogre_vendor/lib:/opt/ros/humble/lib/x86_64-linux-gnu:/opt/ros/humble/lib:/usr/lib/x86_64-linux-gnu/gazebo-11/plugins PYTHONPATH=/home/darius/turtlebot3_ws/install/turtlebot3_msgs/local/lib/python3.10/dist-packages:${PYTHONPATH} /usr/bin/cmake /home/darius/turtlebot3_ws/src/turtlebot3_simulations/turtlebot3_simulations -DCMAKE_INSTALL_PREFIX=/home/darius/turtlebot3_ws/install/turtlebot3_simulations
[1.115s] Invoking command in '/home/darius/turtlebot3_ws/build/turtlebot3_simulations': AMENT_PREFIX_PATH=/home/darius/turtlebot3_ws/install/turtlebot3_fake_node:/home/darius/turtlebot3_ws/install/turtlebot3_msgs:/home/darius/turtlebot3_ws/install/turtlebot3_gazebo:${AMENT_PREFIX_PATH} CMAKE_PREFIX_PATH=/home/darius/turtlebot3_ws/install/turtlebot3_fake_node:/home/darius/turtlebot3_ws/install/turtlebot3_msgs:/home/darius/turtlebot3_ws/install/turtlebot3_gazebo:/opt/ros/humble LD_LIBRARY_PATH=/home/darius/turtlebot3_ws/install/turtlebot3_msgs/lib:/usr/lib/x86_64-linux-gnu/gazebo-11/plugins:/opt/ros/humble/opt/rviz_ogre_vendor/lib:/opt/ros/humble/lib/x86_64-linux-gnu:/opt/ros/humble/lib:/usr/lib/x86_64-linux-gnu/gazebo-11/plugins PYTHONPATH=/home/darius/turtlebot3_ws/install/turtlebot3_msgs/local/lib/python3.10/dist-packages:${PYTHONPATH} /usr/bin/cmake --build /home/darius/turtlebot3_ws/build/turtlebot3_simulations
[1.185s] Invoked command in '/home/darius/turtlebot3_ws/build/turtlebot3_simulations' returned '0': AMENT_PREFIX_PATH=/home/darius/turtlebot3_ws/install/turtlebot3_fake_node:/home/darius/turtlebot3_ws/install/turtlebot3_msgs:/home/darius/turtlebot3_ws/install/turtlebot3_gazebo:${AMENT_PREFIX_PATH} CMAKE_PREFIX_PATH=/home/darius/turtlebot3_ws/install/turtlebot3_fake_node:/home/darius/turtlebot3_ws/install/turtlebot3_msgs:/home/darius/turtlebot3_ws/install/turtlebot3_gazebo:/opt/ros/humble LD_LIBRARY_PATH=/home/darius/turtlebot3_ws/install/turtlebot3_msgs/lib:/usr/lib/x86_64-linux-gnu/gazebo-11/plugins:/opt/ros/humble/opt/rviz_ogre_vendor/lib:/opt/ros/humble/lib/x86_64-linux-gnu:/opt/ros/humble/lib:/usr/lib/x86_64-linux-gnu/gazebo-11/plugins PYTHONPATH=/home/darius/turtlebot3_ws/install/turtlebot3_msgs/local/lib/python3.10/dist-packages:${PYTHONPATH} /usr/bin/cmake --build /home/darius/turtlebot3_ws/build/turtlebot3_simulations
[1.188s] Invoking command in '/home/darius/turtlebot3_ws/build/turtlebot3_simulations': AMENT_PREFIX_PATH=/home/darius/turtlebot3_ws/install/turtlebot3_fake_node:/home/darius/turtlebot3_ws/install/turtlebot3_msgs:/home/darius/turtlebot3_ws/install/turtlebot3_gazebo:${AMENT_PREFIX_PATH} CMAKE_PREFIX_PATH=/home/darius/turtlebot3_ws/install/turtlebot3_fake_node:/home/darius/turtlebot3_ws/install/turtlebot3_msgs:/home/darius/turtlebot3_ws/install/turtlebot3_gazebo:/opt/ros/humble LD_LIBRARY_PATH=/home/darius/turtlebot3_ws/install/turtlebot3_msgs/lib:/usr/lib/x86_64-linux-gnu/gazebo-11/plugins:/opt/ros/humble/opt/rviz_ogre_vendor/lib:/opt/ros/humble/lib/x86_64-linux-gnu:/opt/ros/humble/lib:/usr/lib/x86_64-linux-gnu/gazebo-11/plugins PYTHONPATH=/home/darius/turtlebot3_ws/install/turtlebot3_msgs/local/lib/python3.10/dist-packages:${PYTHONPATH} /usr/bin/cmake --install /home/darius/turtlebot3_ws/build/turtlebot3_simulations
[1.202s] -- Install configuration: ""
[1.203s] -- Installing: /home/darius/turtlebot3_ws/install/turtlebot3_simulations/share/ament_index/resource_index/package_run_dependencies/turtlebot3_simulations
[1.203s] -- Installing: /home/darius/turtlebot3_ws/install/turtlebot3_simulations/share/ament_index/resource_index/parent_prefix_path/turtlebot3_simulations
[1.203s] -- Installing: /home/darius/turtlebot3_ws/install/turtlebot3_simulations/share/turtlebot3_simulations/environment/ament_prefix_path.sh
[1.204s] -- Installing: /home/darius/turtlebot3_ws/install/turtlebot3_simulations/share/turtlebot3_simulations/environment/ament_prefix_path.dsv
[1.204s] -- Installing: /home/darius/turtlebot3_ws/install/turtlebot3_simulations/share/turtlebot3_simulations/environment/path.sh
[1.204s] -- Installing: /home/darius/turtlebot3_ws/install/turtlebot3_simulations/share/turtlebot3_simulations/environment/path.dsv
[1.204s] -- Installing: /home/darius/turtlebot3_ws/install/turtlebot3_simulations/share/turtlebot3_simulations/local_setup.bash
[1.204s] -- Installing: /home/darius/turtlebot3_ws/install/turtlebot3_simulations/share/turtlebot3_simulations/local_setup.sh
[1.205s] -- Installing: /home/darius/turtlebot3_ws/install/turtlebot3_simulations/share/turtlebot3_simulations/local_setup.zsh
[1.205s] -- Installing: /home/darius/turtlebot3_ws/install/turtlebot3_simulations/share/turtlebot3_simulations/local_setup.dsv
[1.205s] -- Installing: /home/darius/turtlebot3_ws/install/turtlebot3_simulations/share/turtlebot3_simulations/package.dsv
[1.205s] -- Installing: /home/darius/turtlebot3_ws/install/turtlebot3_simulations/share/ament_index/resource_index/packages/turtlebot3_simulations
[1.206s] -- Installing: /home/darius/turtlebot3_ws/install/turtlebot3_simulations/share/turtlebot3_simulations/cmake/turtlebot3_simulationsConfig.cmake
[1.206s] -- Installing: /home/darius/turtlebot3_ws/install/turtlebot3_simulations/share/turtlebot3_simulations/cmake/turtlebot3_simulationsConfig-version.cmake
[1.206s] -- Installing: /home/darius/turtlebot3_ws/install/turtlebot3_simulations/share/turtlebot3_simulations/package.xml
[1.210s] Invoked command in '/home/darius/turtlebot3_ws/build/turtlebot3_simulations' returned '0': AMENT_PREFIX_PATH=/home/darius/turtlebot3_ws/install/turtlebot3_fake_node:/home/darius/turtlebot3_ws/install/turtlebot3_msgs:/home/darius/turtlebot3_ws/install/turtlebot3_gazebo:${AMENT_PREFIX_PATH} CMAKE_PREFIX_PATH=/home/darius/turtlebot3_ws/install/turtlebot3_fake_node:/home/darius/turtlebot3_ws/install/turtlebot3_msgs:/home/darius/turtlebot3_ws/install/turtlebot3_gazebo:/opt/ros/humble LD_LIBRARY_PATH=/home/darius/turtlebot3_ws/install/turtlebot3_msgs/lib:/usr/lib/x86_64-linux-gnu/gazebo-11/plugins:/opt/ros/humble/opt/rviz_ogre_vendor/lib:/opt/ros/humble/lib/x86_64-linux-gnu:/opt/ros/humble/lib:/usr/lib/x86_64-linux-gnu/gazebo-11/plugins PYTHONPATH=/home/darius/turtlebot3_ws/install/turtlebot3_msgs/local/lib/python3.10/dist-packages:${PYTHONPATH} /usr/bin/cmake --install /home/darius/turtlebot3_ws/build/turtlebot3_simulations
