[0.462s] Invoking command in '/home/darius/turtlebot3_ws/build/grass_plane': /usr/bin/cmake /home/darius/turtlebot3_ws/src/gazebo_models_worlds_collection/models/grass_plane -DCMAKE_INSTALL_PREFIX=/home/darius/turtlebot3_ws/install/grass_plane
[0.472s] [33mCMake Warning (dev) in CMakeLists.txt:
[0.472s]   No project() command is present.  The top-level CMakeLists.txt file must
[0.473s]   contain a literal, direct call to the project() command.  Add a line of
[0.473s]   code such as
[0.473s] 
[0.473s]     project(ProjectName)
[0.474s] 
[0.474s]   near the top of the file, but after cmake_minimum_required().
[0.474s] 
[0.474s]   CMake is pretending there is a "project(Project)" command on the first
[0.475s]   line.
[0.475s] This warning is for project developers.  Use -Wno-dev to suppress it.
[0.475s] [0m
[0.653s] -- The C compiler identification is GNU 11.4.0
[0.828s] -- The CXX compiler identification is GNU 11.4.0
[0.850s] -- Detecting C compiler ABI info
[0.975s] -- Detecting C compiler ABI info - done
[0.994s] -- Check for working C compiler: /usr/bin/cc - skipped
[0.995s] -- Detecting C compile features
[0.996s] -- Detecting C compile features - done
[1.003s] -- Detecting CXX compiler ABI info
[1.203s] -- Detecting CXX compiler ABI info - done
[1.225s] -- Check for working CXX compiler: /usr/bin/c++ - skipped
[1.226s] -- Detecting CXX compile features
[1.226s] -- Detecting CXX compile features - done
[1.230s] -- Configuring done
[1.230s] [33mCMake Warning (dev) in CMakeLists.txt:
[1.230s]   No cmake_minimum_required command is present.  A line of code such as
[1.230s] 
[1.230s]     cmake_minimum_required(VERSION 3.22)
[1.230s] 
[1.231s]   should be added at the top of the file.  The version specified may be lower
[1.231s]   if you wish to support older CMake versions for this project.  For more
[1.231s]   information run "cmake --help-policy CMP0000".
[1.231s] This warning is for project developers.  Use -Wno-dev to suppress it.
[1.231s] [0m
[1.243s] -- Generating done
[1.244s] -- Build files have been written to: /home/darius/turtlebot3_ws/build/grass_plane
[1.252s] Invoked command in '/home/darius/turtlebot3_ws/build/grass_plane' returned '0': /usr/bin/cmake /home/darius/turtlebot3_ws/src/gazebo_models_worlds_collection/models/grass_plane -DCMAKE_INSTALL_PREFIX=/home/darius/turtlebot3_ws/install/grass_plane
[1.258s] Invoking command in '/home/darius/turtlebot3_ws/build/grass_plane': /usr/bin/cmake --build /home/darius/turtlebot3_ws/build/grass_plane -- -j8 -l8
[1.356s] Invoked command in '/home/darius/turtlebot3_ws/build/grass_plane' returned '0': /usr/bin/cmake --build /home/darius/turtlebot3_ws/build/grass_plane -- -j8 -l8
[1.359s] Invoking command in '/home/darius/turtlebot3_ws/build/grass_plane': /usr/bin/cmake --install /home/darius/turtlebot3_ws/build/grass_plane
[1.370s] -- Install configuration: ""
[1.374s] -- Installing: /home/darius/turtlebot3_ws/install/grass_plane/share/Project/gazebo_models/environments/grass_plane/model.config
[1.374s] -- Installing: /home/darius/turtlebot3_ws/install/grass_plane/share/Project/gazebo_models/environments/grass_plane/model.sdf
[1.374s] -- Installing: /home/darius/turtlebot3_ws/install/grass_plane/share/Project/gazebo_models/environments/grass_plane/materials/scripts/grass.material
[1.374s] -- Installing: /home/darius/turtlebot3_ws/install/grass_plane/share/Project/gazebo_models/environments/grass_plane/materials/textures/grass_dry.png
[1.400s] Invoked command in '/home/darius/turtlebot3_ws/build/grass_plane' returned '0': /usr/bin/cmake --install /home/darius/turtlebot3_ws/build/grass_plane
