[0.767s] Invoking command in '/home/darius/turtlebot3_ws/build/line_follower': /usr/bin/cmake /home/darius/turtlebot3_ws/src/riabot/line_follower -DCATKIN_INSTALL_INTO_PREFIX_ROOT=0 -DCMAKE_INSTALL_PREFIX=/home/darius/turtlebot3_ws/install/line_follower
[0.857s] [0mCMake Deprecation Warning at CMakeLists.txt:1 (cmake_minimum_required):
[0.858s]   Compatibility with CMake < 2.8.12 will be removed from a future version of
[0.860s]   CMake.
[0.860s] 
[0.860s]   Update the VERSION argument <min> value or use a ...<max> suffix to tell
[0.860s]   CMake that the project does not need compatibility with older versions.
[0.860s] 
[0.861s] [0m
[0.861s] [31mCMake Error at CMakeLists.txt:10 (find_package):
[0.861s]   By not providing "Findcatkin.cmake" in CMAKE_MODULE_PATH this project has
[0.861s]   asked CMake to find a package configuration file provided by "catkin", but
[0.861s]   CMake did not find one.
[0.861s] 
[0.862s]   Could not find a package configuration file provided by "catkin" with any
[0.862s]   of the following names:
[0.862s] 
[0.862s]     catkinConfig.cmake
[0.862s]     catkin-config.cmake
[0.862s] 
[0.862s]   Add the installation prefix of "catkin" to CMAKE_PREFIX_PATH or set
[0.863s]   "catkin_DIR" to a directory containing one of the above files.  If "catkin"
[0.863s]   provides a separate development package or SDK, be sure it has been
[0.863s]   installed.
[0.865s] 
[0.865s] [0m
[0.865s] -- Configuring incomplete, errors occurred!
[0.866s] See also "/home/darius/turtlebot3_ws/build/line_follower/CMakeFiles/CMakeOutput.log".
[0.938s] Invoked command in '/home/darius/turtlebot3_ws/build/line_follower' returned '1': /usr/bin/cmake /home/darius/turtlebot3_ws/src/riabot/line_follower -DCATKIN_INSTALL_INTO_PREFIX_ROOT=0 -DCMAKE_INSTALL_PREFIX=/home/darius/turtlebot3_ws/install/line_follower
