[0.054s] Invoking command in '/home/darius/turtlebot3_ws/build/turtlebot3_navigation2': CMAKE_PREFIX_PATH=${CMAKE_PREFIX_PATH}:/home/darius/turtlebot3_ws/install/turtlebot3_teleop:/home/darius/turtlebot3_ws/install/turtlebot3_example:/home/darius/turtlebot3_ws/install/my_simulation:/home/darius/turtlebot3_ws/install/Autobot_Ver1:/opt/ros/humble /usr/bin/cmake /home/darius/turtlebot3_ws/src/turtlebot3/turtlebot3_navigation2 -DCMAKE_INSTALL_PREFIX=/home/darius/turtlebot3_ws/install/turtlebot3_navigation2
[1.585s] -- The C compiler identification is GNU 11.4.0
[1.587s] -- The CXX compiler identification is GNU 11.4.0
[1.588s] -- Detecting C compiler ABI info
[1.588s] -- Detecting C compiler ABI info - done
[1.589s] -- Check for working C compiler: /usr/bin/cc - skipped
[1.589s] -- Detecting C compile features
[1.590s] -- Detecting C compile features - done
[1.591s] -- Detecting CXX compiler ABI info
[1.591s] -- Detecting CXX compiler ABI info - done
[1.591s] -- Check for working CXX compiler: /usr/bin/c++ - skipped
[1.591s] -- Detecting CXX compile features
[1.591s] -- Detecting CXX compile features - done
[1.591s] -- Found ament_cmake: 1.3.11 (/opt/ros/humble/share/ament_cmake/cmake)
[1.592s] -- Found Python3: /usr/bin/python3 (found version "3.10.12") found components: Interpreter 
[1.592s] -- Configuring done
[1.592s] -- Generating done
[1.592s] -- Build files have been written to: /home/darius/turtlebot3_ws/build/turtlebot3_navigation2
[1.595s] Invoked command in '/home/darius/turtlebot3_ws/build/turtlebot3_navigation2' returned '0': CMAKE_PREFIX_PATH=${CMAKE_PREFIX_PATH}:/home/darius/turtlebot3_ws/install/turtlebot3_teleop:/home/darius/turtlebot3_ws/install/turtlebot3_example:/home/darius/turtlebot3_ws/install/my_simulation:/home/darius/turtlebot3_ws/install/Autobot_Ver1:/opt/ros/humble /usr/bin/cmake /home/darius/turtlebot3_ws/src/turtlebot3/turtlebot3_navigation2 -DCMAKE_INSTALL_PREFIX=/home/darius/turtlebot3_ws/install/turtlebot3_navigation2
[1.596s] Invoking command in '/home/darius/turtlebot3_ws/build/turtlebot3_navigation2': CMAKE_PREFIX_PATH=${CMAKE_PREFIX_PATH}:/home/darius/turtlebot3_ws/install/turtlebot3_teleop:/home/darius/turtlebot3_ws/install/turtlebot3_example:/home/darius/turtlebot3_ws/install/my_simulation:/home/darius/turtlebot3_ws/install/Autobot_Ver1:/opt/ros/humble /usr/bin/cmake --build /home/darius/turtlebot3_ws/build/turtlebot3_navigation2 -- -j8 -l8
[1.723s] Invoked command in '/home/darius/turtlebot3_ws/build/turtlebot3_navigation2' returned '0': CMAKE_PREFIX_PATH=${CMAKE_PREFIX_PATH}:/home/darius/turtlebot3_ws/install/turtlebot3_teleop:/home/darius/turtlebot3_ws/install/turtlebot3_example:/home/darius/turtlebot3_ws/install/my_simulation:/home/darius/turtlebot3_ws/install/Autobot_Ver1:/opt/ros/humble /usr/bin/cmake --build /home/darius/turtlebot3_ws/build/turtlebot3_navigation2 -- -j8 -l8
[1.727s] Invoking command in '/home/darius/turtlebot3_ws/build/turtlebot3_navigation2': CMAKE_PREFIX_PATH=${CMAKE_PREFIX_PATH}:/home/darius/turtlebot3_ws/install/turtlebot3_teleop:/home/darius/turtlebot3_ws/install/turtlebot3_example:/home/darius/turtlebot3_ws/install/my_simulation:/home/darius/turtlebot3_ws/install/Autobot_Ver1:/opt/ros/humble /usr/bin/cmake --install /home/darius/turtlebot3_ws/build/turtlebot3_navigation2
[1.809s] -- Install configuration: ""
[1.809s] -- Installing: /home/darius/turtlebot3_ws/install/turtlebot3_navigation2/share/turtlebot3_navigation2/launch
[1.809s] -- Installing: /home/darius/turtlebot3_ws/install/turtlebot3_navigation2/share/turtlebot3_navigation2/launch/navigation2.launch.py
[1.810s] -- Installing: /home/darius/turtlebot3_ws/install/turtlebot3_navigation2/share/turtlebot3_navigation2/map
[1.810s] -- Installing: /home/darius/turtlebot3_ws/install/turtlebot3_navigation2/share/turtlebot3_navigation2/map/map.yaml
[1.810s] -- Installing: /home/darius/turtlebot3_ws/install/turtlebot3_navigation2/share/turtlebot3_navigation2/map/map.pgm
[1.810s] -- Installing: /home/darius/turtlebot3_ws/install/turtlebot3_navigation2/share/turtlebot3_navigation2/param
[1.810s] -- Installing: /home/darius/turtlebot3_ws/install/turtlebot3_navigation2/share/turtlebot3_navigation2/param/burger.yaml
[1.810s] -- Installing: /home/darius/turtlebot3_ws/install/turtlebot3_navigation2/share/turtlebot3_navigation2/param/waffle_pi.yaml
[1.810s] -- Installing: /home/darius/turtlebot3_ws/install/turtlebot3_navigation2/share/turtlebot3_navigation2/param/waffle.yaml
[1.810s] -- Installing: /home/darius/turtlebot3_ws/install/turtlebot3_navigation2/share/turtlebot3_navigation2/rviz
[1.811s] -- Installing: /home/darius/turtlebot3_ws/install/turtlebot3_navigation2/share/turtlebot3_navigation2/rviz/tb3_navigation2.rviz
[1.811s] -- Installing: /home/darius/turtlebot3_ws/install/turtlebot3_navigation2/share/ament_index/resource_index/package_run_dependencies/turtlebot3_navigation2
[1.811s] -- Installing: /home/darius/turtlebot3_ws/install/turtlebot3_navigation2/share/ament_index/resource_index/parent_prefix_path/turtlebot3_navigation2
[1.811s] -- Installing: /home/darius/turtlebot3_ws/install/turtlebot3_navigation2/share/turtlebot3_navigation2/environment/ament_prefix_path.sh
[1.811s] -- Installing: /home/darius/turtlebot3_ws/install/turtlebot3_navigation2/share/turtlebot3_navigation2/environment/ament_prefix_path.dsv
[1.811s] -- Installing: /home/darius/turtlebot3_ws/install/turtlebot3_navigation2/share/turtlebot3_navigation2/environment/path.sh
[1.811s] -- Installing: /home/darius/turtlebot3_ws/install/turtlebot3_navigation2/share/turtlebot3_navigation2/environment/path.dsv
[1.812s] -- Installing: /home/darius/turtlebot3_ws/install/turtlebot3_navigation2/share/turtlebot3_navigation2/local_setup.bash
[1.812s] -- Installing: /home/darius/turtlebot3_ws/install/turtlebot3_navigation2/share/turtlebot3_navigation2/local_setup.sh
[1.816s] -- Installing: /home/darius/turtlebot3_ws/install/turtlebot3_navigation2/share/turtlebot3_navigation2/local_setup.zsh
[1.816s] -- Installing: /home/darius/turtlebot3_ws/install/turtlebot3_navigation2/share/turtlebot3_navigation2/local_setup.dsv
[1.816s] -- Installing: /home/darius/turtlebot3_ws/install/turtlebot3_navigation2/share/turtlebot3_navigation2/package.dsv
[1.816s] -- Installing: /home/darius/turtlebot3_ws/install/turtlebot3_navigation2/share/ament_index/resource_index/packages/turtlebot3_navigation2
[1.817s] -- Installing: /home/darius/turtlebot3_ws/install/turtlebot3_navigation2/share/turtlebot3_navigation2/cmake/turtlebot3_navigation2Config.cmake
[1.817s] -- Installing: /home/darius/turtlebot3_ws/install/turtlebot3_navigation2/share/turtlebot3_navigation2/cmake/turtlebot3_navigation2Config-version.cmake
[1.817s] -- Installing: /home/darius/turtlebot3_ws/install/turtlebot3_navigation2/share/turtlebot3_navigation2/package.xml
[1.882s] Invoked command in '/home/darius/turtlebot3_ws/build/turtlebot3_navigation2' returned '0': CMAKE_PREFIX_PATH=${CMAKE_PREFIX_PATH}:/home/darius/turtlebot3_ws/install/turtlebot3_teleop:/home/darius/turtlebot3_ws/install/turtlebot3_example:/home/darius/turtlebot3_ws/install/my_simulation:/home/darius/turtlebot3_ws/install/Autobot_Ver1:/opt/ros/humble /usr/bin/cmake --install /home/darius/turtlebot3_ws/build/turtlebot3_navigation2
