[0.030s] Invoking command in '/home/darius/turtlebot3_ws/build/dynamixel_sdk_examples': CMAKE_PREFIX_PATH=/home/darius/turtlebot3_ws/install/dynamixel_sdk_custom_interfaces:/home/darius/turtlebot3_ws/install/dynamixel_sdk:/home/darius/turtlebot3_ws/install/turtlebot3_navigation2:/home/darius/turtlebot3_ws/install/turtlebot3_description:/home/darius/turtlebot3_ws/install/turtlebot3_cartographer:/home/darius/turtlebot3_ws/install/turtlebot3_teleop:/home/darius/turtlebot3_ws/install/my_simulation:/home/darius/turtlebot3_ws/install/Autobot_Ver1:/opt/ros/humble LD_LIBRARY_PATH=/home/darius/turtlebot3_ws/install/dynamixel_sdk_custom_interfaces/lib:/home/darius/turtlebot3_ws/install/dynamixel_sdk/lib:/usr/lib/x86_64-linux-gnu/gazebo-11/plugins:/opt/ros/humble/opt/rviz_ogre_vendor/lib:/opt/ros/humble/lib/x86_64-linux-gnu:/opt/ros/humble/lib:/usr/lib/x86_64-linux-gnu/gazebo-11/plugins /usr/bin/cmake --build /home/darius/turtlebot3_ws/build/dynamixel_sdk_examples
[0.162s] [ 50%] [32mBuilding CXX object CMakeFiles/read_write_node.dir/src/read_write_node.cpp.o[0m
[13.326s] [100%] [32m[1mLinking CXX executable read_write_node[0m
[14.079s] [100%] Built target read_write_node
[14.102s] Invoked command in '/home/darius/turtlebot3_ws/build/dynamixel_sdk_examples' returned '0': CMAKE_PREFIX_PATH=/home/darius/turtlebot3_ws/install/dynamixel_sdk_custom_interfaces:/home/darius/turtlebot3_ws/install/dynamixel_sdk:/home/darius/turtlebot3_ws/install/turtlebot3_navigation2:/home/darius/turtlebot3_ws/install/turtlebot3_description:/home/darius/turtlebot3_ws/install/turtlebot3_cartographer:/home/darius/turtlebot3_ws/install/turtlebot3_teleop:/home/darius/turtlebot3_ws/install/my_simulation:/home/darius/turtlebot3_ws/install/Autobot_Ver1:/opt/ros/humble LD_LIBRARY_PATH=/home/darius/turtlebot3_ws/install/dynamixel_sdk_custom_interfaces/lib:/home/darius/turtlebot3_ws/install/dynamixel_sdk/lib:/usr/lib/x86_64-linux-gnu/gazebo-11/plugins:/opt/ros/humble/opt/rviz_ogre_vendor/lib:/opt/ros/humble/lib/x86_64-linux-gnu:/opt/ros/humble/lib:/usr/lib/x86_64-linux-gnu/gazebo-11/plugins /usr/bin/cmake --build /home/darius/turtlebot3_ws/build/dynamixel_sdk_examples
[14.107s] Invoking command in '/home/darius/turtlebot3_ws/build/dynamixel_sdk_examples': CMAKE_PREFIX_PATH=/home/darius/turtlebot3_ws/install/dynamixel_sdk_custom_interfaces:/home/darius/turtlebot3_ws/install/dynamixel_sdk:/home/darius/turtlebot3_ws/install/turtlebot3_navigation2:/home/darius/turtlebot3_ws/install/turtlebot3_description:/home/darius/turtlebot3_ws/install/turtlebot3_cartographer:/home/darius/turtlebot3_ws/install/turtlebot3_teleop:/home/darius/turtlebot3_ws/install/my_simulation:/home/darius/turtlebot3_ws/install/Autobot_Ver1:/opt/ros/humble LD_LIBRARY_PATH=/home/darius/turtlebot3_ws/install/dynamixel_sdk_custom_interfaces/lib:/home/darius/turtlebot3_ws/install/dynamixel_sdk/lib:/usr/lib/x86_64-linux-gnu/gazebo-11/plugins:/opt/ros/humble/opt/rviz_ogre_vendor/lib:/opt/ros/humble/lib/x86_64-linux-gnu:/opt/ros/humble/lib:/usr/lib/x86_64-linux-gnu/gazebo-11/plugins /usr/bin/cmake --install /home/darius/turtlebot3_ws/build/dynamixel_sdk_examples
[14.128s] -- Install configuration: ""
[14.129s] -- Installing: /home/darius/turtlebot3_ws/install/dynamixel_sdk_examples/lib/dynamixel_sdk_examples/read_write_node
[14.135s] -- Set runtime path of "/home/darius/turtlebot3_ws/install/dynamixel_sdk_examples/lib/dynamixel_sdk_examples/read_write_node" to ""
[14.136s] -- Installing: /home/darius/turtlebot3_ws/install/dynamixel_sdk_examples/share/ament_index/resource_index/package_run_dependencies/dynamixel_sdk_examples
[14.136s] -- Installing: /home/darius/turtlebot3_ws/install/dynamixel_sdk_examples/share/ament_index/resource_index/parent_prefix_path/dynamixel_sdk_examples
[14.137s] -- Installing: /home/darius/turtlebot3_ws/install/dynamixel_sdk_examples/share/dynamixel_sdk_examples/environment/ament_prefix_path.sh
[14.137s] -- Installing: /home/darius/turtlebot3_ws/install/dynamixel_sdk_examples/share/dynamixel_sdk_examples/environment/ament_prefix_path.dsv
[14.137s] -- Installing: /home/darius/turtlebot3_ws/install/dynamixel_sdk_examples/share/dynamixel_sdk_examples/environment/path.sh
[14.138s] -- Installing: /home/darius/turtlebot3_ws/install/dynamixel_sdk_examples/share/dynamixel_sdk_examples/environment/path.dsv
[14.138s] -- Installing: /home/darius/turtlebot3_ws/install/dynamixel_sdk_examples/share/dynamixel_sdk_examples/local_setup.bash
[14.139s] -- Installing: /home/darius/turtlebot3_ws/install/dynamixel_sdk_examples/share/dynamixel_sdk_examples/local_setup.sh
[14.139s] -- Installing: /home/darius/turtlebot3_ws/install/dynamixel_sdk_examples/share/dynamixel_sdk_examples/local_setup.zsh
[14.140s] -- Installing: /home/darius/turtlebot3_ws/install/dynamixel_sdk_examples/share/dynamixel_sdk_examples/local_setup.dsv
[14.140s] -- Installing: /home/darius/turtlebot3_ws/install/dynamixel_sdk_examples/share/dynamixel_sdk_examples/package.dsv
[14.141s] -- Installing: /home/darius/turtlebot3_ws/install/dynamixel_sdk_examples/share/ament_index/resource_index/packages/dynamixel_sdk_examples
[14.141s] -- Installing: /home/darius/turtlebot3_ws/install/dynamixel_sdk_examples/share/dynamixel_sdk_examples/cmake/dynamixel_sdk_examplesConfig.cmake
[14.142s] -- Installing: /home/darius/turtlebot3_ws/install/dynamixel_sdk_examples/share/dynamixel_sdk_examples/cmake/dynamixel_sdk_examplesConfig-version.cmake
[14.142s] -- Installing: /home/darius/turtlebot3_ws/install/dynamixel_sdk_examples/share/dynamixel_sdk_examples/package.xml
[14.146s] Invoked command in '/home/darius/turtlebot3_ws/build/dynamixel_sdk_examples' returned '0': CMAKE_PREFIX_PATH=/home/darius/turtlebot3_ws/install/dynamixel_sdk_custom_interfaces:/home/darius/turtlebot3_ws/install/dynamixel_sdk:/home/darius/turtlebot3_ws/install/turtlebot3_navigation2:/home/darius/turtlebot3_ws/install/turtlebot3_description:/home/darius/turtlebot3_ws/install/turtlebot3_cartographer:/home/darius/turtlebot3_ws/install/turtlebot3_teleop:/home/darius/turtlebot3_ws/install/my_simulation:/home/darius/turtlebot3_ws/install/Autobot_Ver1:/opt/ros/humble LD_LIBRARY_PATH=/home/darius/turtlebot3_ws/install/dynamixel_sdk_custom_interfaces/lib:/home/darius/turtlebot3_ws/install/dynamixel_sdk/lib:/usr/lib/x86_64-linux-gnu/gazebo-11/plugins:/opt/ros/humble/opt/rviz_ogre_vendor/lib:/opt/ros/humble/lib/x86_64-linux-gnu:/opt/ros/humble/lib:/usr/lib/x86_64-linux-gnu/gazebo-11/plugins /usr/bin/cmake --install /home/darius/turtlebot3_ws/build/dynamixel_sdk_examples
