[0.040s] Invoking command in '/home/darius/turtlebot3_ws/build/dynamixel_sdk': CMAKE_PREFIX_PATH=/opt/ros/humble /usr/bin/cmake --build /home/darius/turtlebot3_ws/build/dynamixel_sdk
[0.115s] [35m[1mConsolidate compiler generated dependencies of target dynamixel_sdk[0m
[0.144s] [100%] Built target dynamixel_sdk
[0.502s] Invoked command in '/home/darius/turtlebot3_ws/build/dynamixel_sdk' returned '0': CMAKE_PREFIX_PATH=/opt/ros/humble /usr/bin/cmake --build /home/darius/turtlebot3_ws/build/dynamixel_sdk
[0.509s] Invoking command in '/home/darius/turtlebot3_ws/build/dynamixel_sdk': CMAKE_PREFIX_PATH=/opt/ros/humble /usr/bin/cmake --install /home/darius/turtlebot3_ws/build/dynamixel_sdk
[0.522s] -- Install configuration: ""
[0.523s] -- Execute custom install script
[0.524s] -- Up-to-date symlink: /home/darius/turtlebot3_ws/install/dynamixel_sdk/include//dynamixel_sdk/dynamixel_sdk.h
[0.525s] -- Up-to-date symlink: /home/darius/turtlebot3_ws/install/dynamixel_sdk/include//dynamixel_sdk/group_bulk_read.h
[0.525s] -- Up-to-date symlink: /home/darius/turtlebot3_ws/install/dynamixel_sdk/include//dynamixel_sdk/group_bulk_write.h
[0.525s] -- Up-to-date symlink: /home/darius/turtlebot3_ws/install/dynamixel_sdk/include//dynamixel_sdk/group_fast_bulk_read.h
[0.525s] -- Up-to-date symlink: /home/darius/turtlebot3_ws/install/dynamixel_sdk/include//dynamixel_sdk/group_fast_sync_read.h
[0.526s] -- Up-to-date symlink: /home/darius/turtlebot3_ws/install/dynamixel_sdk/include//dynamixel_sdk/group_handler.h
[0.526s] -- Up-to-date symlink: /home/darius/turtlebot3_ws/install/dynamixel_sdk/include//dynamixel_sdk/group_sync_read.h
[0.526s] -- Up-to-date symlink: /home/darius/turtlebot3_ws/install/dynamixel_sdk/include//dynamixel_sdk/group_sync_write.h
[0.526s] -- Up-to-date symlink: /home/darius/turtlebot3_ws/install/dynamixel_sdk/include//dynamixel_sdk/packet_handler.h
[0.526s] -- Up-to-date symlink: /home/darius/turtlebot3_ws/install/dynamixel_sdk/include//dynamixel_sdk/port_handler.h
[0.527s] -- Up-to-date symlink: /home/darius/turtlebot3_ws/install/dynamixel_sdk/include//dynamixel_sdk/port_handler_arduino.h
[0.527s] -- Up-to-date symlink: /home/darius/turtlebot3_ws/install/dynamixel_sdk/include//dynamixel_sdk/port_handler_linux.h
[0.527s] -- Up-to-date symlink: /home/darius/turtlebot3_ws/install/dynamixel_sdk/include//dynamixel_sdk/port_handler_mac.h
[0.527s] -- Up-to-date symlink: /home/darius/turtlebot3_ws/install/dynamixel_sdk/include//dynamixel_sdk/port_handler_windows.h
[0.528s] -- Up-to-date symlink: /home/darius/turtlebot3_ws/install/dynamixel_sdk/include//dynamixel_sdk/protocol1_packet_handler.h
[0.528s] -- Up-to-date symlink: /home/darius/turtlebot3_ws/install/dynamixel_sdk/include//dynamixel_sdk/protocol2_packet_handler.h
[0.530s] -- Up-to-date symlink: /home/darius/turtlebot3_ws/install/dynamixel_sdk/lib/libdynamixel_sdk.so
[0.530s] -- Up-to-date symlink: /home/darius/turtlebot3_ws/install/dynamixel_sdk/share/dynamixel_sdk/environment/library_path.sh
[0.530s] -- Up-to-date symlink: /home/darius/turtlebot3_ws/install/dynamixel_sdk/share/dynamixel_sdk/environment/library_path.dsv
[0.530s] -- Up-to-date symlink: /home/darius/turtlebot3_ws/install/dynamixel_sdk/share/ament_index/resource_index/package_run_dependencies/dynamixel_sdk
[0.530s] -- Up-to-date symlink: /home/darius/turtlebot3_ws/install/dynamixel_sdk/share/ament_index/resource_index/parent_prefix_path/dynamixel_sdk
[0.531s] -- Up-to-date symlink: /home/darius/turtlebot3_ws/install/dynamixel_sdk/share/dynamixel_sdk/environment/ament_prefix_path.sh
[0.531s] -- Up-to-date symlink: /home/darius/turtlebot3_ws/install/dynamixel_sdk/share/dynamixel_sdk/environment/ament_prefix_path.dsv
[0.531s] -- Up-to-date symlink: /home/darius/turtlebot3_ws/install/dynamixel_sdk/share/dynamixel_sdk/environment/path.sh
[0.531s] -- Up-to-date symlink: /home/darius/turtlebot3_ws/install/dynamixel_sdk/share/dynamixel_sdk/environment/path.dsv
[0.531s] -- Up-to-date symlink: /home/darius/turtlebot3_ws/install/dynamixel_sdk/share/dynamixel_sdk/local_setup.bash
[0.531s] -- Up-to-date symlink: /home/darius/turtlebot3_ws/install/dynamixel_sdk/share/dynamixel_sdk/local_setup.sh
[0.531s] -- Up-to-date symlink: /home/darius/turtlebot3_ws/install/dynamixel_sdk/share/dynamixel_sdk/local_setup.zsh
[0.532s] -- Up-to-date symlink: /home/darius/turtlebot3_ws/install/dynamixel_sdk/share/dynamixel_sdk/local_setup.dsv
[0.532s] -- Symlinking: /home/darius/turtlebot3_ws/install/dynamixel_sdk/share/dynamixel_sdk/package.dsv
[0.549s] -- Up-to-date symlink: /home/darius/turtlebot3_ws/install/dynamixel_sdk/share/ament_index/resource_index/packages/dynamixel_sdk
[0.549s] -- Up-to-date symlink: /home/darius/turtlebot3_ws/install/dynamixel_sdk/share/dynamixel_sdk/cmake/ament_cmake_export_include_directories-extras.cmake
[0.550s] -- Up-to-date symlink: /home/darius/turtlebot3_ws/install/dynamixel_sdk/share/dynamixel_sdk/cmake/ament_cmake_export_libraries-extras.cmake
[0.551s] -- Up-to-date symlink: /home/darius/turtlebot3_ws/install/dynamixel_sdk/share/dynamixel_sdk/cmake/dynamixel_sdkConfig.cmake
[0.551s] -- Up-to-date symlink: /home/darius/turtlebot3_ws/install/dynamixel_sdk/share/dynamixel_sdk/cmake/dynamixel_sdkConfig-version.cmake
[0.551s] -- Up-to-date symlink: /home/darius/turtlebot3_ws/install/dynamixel_sdk/share/dynamixel_sdk/package.xml
[0.599s] Invoked command in '/home/darius/turtlebot3_ws/build/dynamixel_sdk' returned '0': CMAKE_PREFIX_PATH=/opt/ros/humble /usr/bin/cmake --install /home/darius/turtlebot3_ws/build/dynamixel_sdk
