[0.047s] Invoking command in '/home/darius/turtlebot3_ws/build/dynamixel_sdk': CMAKE_PREFIX_PATH=/opt/ros/humble /usr/bin/cmake /home/darius/turtlebot3_ws/src/DynamixelSDK/dynamixel_sdk -DCMAKE_INSTALL_PREFIX=/home/darius/turtlebot3_ws/install/dynamixel_sdk
[0.235s] -- The C compiler identification is GNU 11.4.0
[0.399s] -- The CXX compiler identification is GNU 11.4.0
[0.425s] -- Detecting C compiler ABI info
[0.634s] -- Detecting C compiler ABI info - done
[0.664s] -- Check for working C compiler: /usr/bin/cc - skipped
[0.664s] -- Detecting C compile features
[0.664s] -- Detecting C compile features - done
[0.672s] -- Detecting CXX compiler ABI info
[0.918s] -- Detecting CXX compiler ABI info - done
[0.939s] -- Check for working CXX compiler: /usr/bin/c++ - skipped
[0.939s] -- Detecting CXX compile features
[0.941s] -- Detecting CXX compile features - done
[0.946s] -- Found ament_cmake: 1.3.11 (/opt/ros/humble/share/ament_cmake/cmake)
[1.357s] -- Found Python3: /usr/bin/python3 (found version "3.10.12") found components: Interpreter 
[1.743s] -- Configuring done
[1.773s] -- Generating done
[1.773s] -- Build files have been written to: /home/darius/turtlebot3_ws/build/dynamixel_sdk
[1.779s] Invoked command in '/home/darius/turtlebot3_ws/build/dynamixel_sdk' returned '0': CMAKE_PREFIX_PATH=/opt/ros/humble /usr/bin/cmake /home/darius/turtlebot3_ws/src/DynamixelSDK/dynamixel_sdk -DCMAKE_INSTALL_PREFIX=/home/darius/turtlebot3_ws/install/dynamixel_sdk
[1.780s] Invoking command in '/home/darius/turtlebot3_ws/build/dynamixel_sdk': CMAKE_PREFIX_PATH=/opt/ros/humble /usr/bin/cmake --build /home/darius/turtlebot3_ws/build/dynamixel_sdk
[1.904s] [  7%] [32mBuilding CXX object CMakeFiles/dynamixel_sdk.dir/src/dynamixel_sdk/packet_handler.cpp.o[0m
[2.127s] [ 15%] [32mBuilding CXX object CMakeFiles/dynamixel_sdk.dir/src/dynamixel_sdk/protocol1_packet_handler.cpp.o[0m
[2.469s] [ 23%] [32mBuilding CXX object CMakeFiles/dynamixel_sdk.dir/src/dynamixel_sdk/protocol2_packet_handler.cpp.o[0m
[2.833s] [ 30%] [32mBuilding CXX object CMakeFiles/dynamixel_sdk.dir/src/dynamixel_sdk/group_sync_read.cpp.o[0m
[3.712s] [ 38%] [32mBuilding CXX object CMakeFiles/dynamixel_sdk.dir/src/dynamixel_sdk/group_sync_write.cpp.o[0m
[4.374s] [ 46%] [32mBuilding CXX object CMakeFiles/dynamixel_sdk.dir/src/dynamixel_sdk/group_bulk_read.cpp.o[0m
[5.092s] [ 53%] [32mBuilding CXX object CMakeFiles/dynamixel_sdk.dir/src/dynamixel_sdk/group_bulk_write.cpp.o[0m
[5.745s] [ 61%] [32mBuilding CXX object CMakeFiles/dynamixel_sdk.dir/src/dynamixel_sdk/group_fast_bulk_read.cpp.o[0m
[6.295s] [ 69%] [32mBuilding CXX object CMakeFiles/dynamixel_sdk.dir/src/dynamixel_sdk/group_fast_sync_read.cpp.o[0m
[6.792s] [ 76%] [32mBuilding CXX object CMakeFiles/dynamixel_sdk.dir/src/dynamixel_sdk/group_handler.cpp.o[0m
[7.026s] [ 84%] [32mBuilding CXX object CMakeFiles/dynamixel_sdk.dir/src/dynamixel_sdk/port_handler.cpp.o[0m
[7.071s] [ 92%] [32mBuilding CXX object CMakeFiles/dynamixel_sdk.dir/src/dynamixel_sdk/port_handler_linux.cpp.o[0m
[7.171s] [100%] [32m[1mLinking CXX shared library libdynamixel_sdk.so[0m
[7.344s] [100%] Built target dynamixel_sdk
[7.368s] Invoked command in '/home/darius/turtlebot3_ws/build/dynamixel_sdk' returned '0': CMAKE_PREFIX_PATH=/opt/ros/humble /usr/bin/cmake --build /home/darius/turtlebot3_ws/build/dynamixel_sdk
[7.370s] Invoking command in '/home/darius/turtlebot3_ws/build/dynamixel_sdk': CMAKE_PREFIX_PATH=/opt/ros/humble /usr/bin/cmake --install /home/darius/turtlebot3_ws/build/dynamixel_sdk
[7.385s] -- Install configuration: ""
[7.385s] -- Installing: /home/darius/turtlebot3_ws/install/dynamixel_sdk/include/
[7.386s] -- Installing: /home/darius/turtlebot3_ws/install/dynamixel_sdk/include//dynamixel_sdk
[7.386s] -- Installing: /home/darius/turtlebot3_ws/install/dynamixel_sdk/include//dynamixel_sdk/port_handler_mac.h
[7.386s] -- Installing: /home/darius/turtlebot3_ws/install/dynamixel_sdk/include//dynamixel_sdk/protocol1_packet_handler.h
[7.387s] -- Installing: /home/darius/turtlebot3_ws/install/dynamixel_sdk/include//dynamixel_sdk/group_bulk_write.h
[7.387s] -- Installing: /home/darius/turtlebot3_ws/install/dynamixel_sdk/include//dynamixel_sdk/group_sync_write.h
[7.388s] -- Installing: /home/darius/turtlebot3_ws/install/dynamixel_sdk/include//dynamixel_sdk/group_bulk_read.h
[7.388s] -- Installing: /home/darius/turtlebot3_ws/install/dynamixel_sdk/include//dynamixel_sdk/group_fast_sync_read.h
[7.388s] -- Installing: /home/darius/turtlebot3_ws/install/dynamixel_sdk/include//dynamixel_sdk/group_sync_read.h
[7.389s] -- Installing: /home/darius/turtlebot3_ws/install/dynamixel_sdk/include//dynamixel_sdk/port_handler_windows.h
[7.389s] -- Installing: /home/darius/turtlebot3_ws/install/dynamixel_sdk/include//dynamixel_sdk/packet_handler.h
[7.389s] -- Installing: /home/darius/turtlebot3_ws/install/dynamixel_sdk/include//dynamixel_sdk/protocol2_packet_handler.h
[7.390s] -- Installing: /home/darius/turtlebot3_ws/install/dynamixel_sdk/include//dynamixel_sdk/group_fast_bulk_read.h
[7.391s] -- Installing: /home/darius/turtlebot3_ws/install/dynamixel_sdk/include//dynamixel_sdk/port_handler_linux.h
[7.391s] -- Installing: /home/darius/turtlebot3_ws/install/dynamixel_sdk/include//dynamixel_sdk/dynamixel_sdk.h
[7.391s] -- Installing: /home/darius/turtlebot3_ws/install/dynamixel_sdk/include//dynamixel_sdk/port_handler.h
[7.391s] -- Installing: /home/darius/turtlebot3_ws/install/dynamixel_sdk/include//dynamixel_sdk/port_handler_arduino.h
[7.392s] -- Installing: /home/darius/turtlebot3_ws/install/dynamixel_sdk/include//dynamixel_sdk/group_handler.h
[7.392s] -- Installing: /home/darius/turtlebot3_ws/install/dynamixel_sdk/lib/libdynamixel_sdk.so
[7.394s] -- Installing: /home/darius/turtlebot3_ws/install/dynamixel_sdk/share/dynamixel_sdk/environment/library_path.sh
[7.394s] -- Installing: /home/darius/turtlebot3_ws/install/dynamixel_sdk/share/dynamixel_sdk/environment/library_path.dsv
[7.394s] -- Installing: /home/darius/turtlebot3_ws/install/dynamixel_sdk/share/ament_index/resource_index/package_run_dependencies/dynamixel_sdk
[7.395s] -- Installing: /home/darius/turtlebot3_ws/install/dynamixel_sdk/share/ament_index/resource_index/parent_prefix_path/dynamixel_sdk
[7.395s] -- Installing: /home/darius/turtlebot3_ws/install/dynamixel_sdk/share/dynamixel_sdk/environment/ament_prefix_path.sh
[7.395s] -- Installing: /home/darius/turtlebot3_ws/install/dynamixel_sdk/share/dynamixel_sdk/environment/ament_prefix_path.dsv
[7.396s] -- Installing: /home/darius/turtlebot3_ws/install/dynamixel_sdk/share/dynamixel_sdk/environment/path.sh
[7.396s] -- Installing: /home/darius/turtlebot3_ws/install/dynamixel_sdk/share/dynamixel_sdk/environment/path.dsv
[7.396s] -- Installing: /home/darius/turtlebot3_ws/install/dynamixel_sdk/share/dynamixel_sdk/local_setup.bash
[7.397s] -- Installing: /home/darius/turtlebot3_ws/install/dynamixel_sdk/share/dynamixel_sdk/local_setup.sh
[7.397s] -- Installing: /home/darius/turtlebot3_ws/install/dynamixel_sdk/share/dynamixel_sdk/local_setup.zsh
[7.397s] -- Installing: /home/darius/turtlebot3_ws/install/dynamixel_sdk/share/dynamixel_sdk/local_setup.dsv
[7.398s] -- Installing: /home/darius/turtlebot3_ws/install/dynamixel_sdk/share/dynamixel_sdk/package.dsv
[7.398s] -- Installing: /home/darius/turtlebot3_ws/install/dynamixel_sdk/share/ament_index/resource_index/packages/dynamixel_sdk
[7.398s] -- Installing: /home/darius/turtlebot3_ws/install/dynamixel_sdk/share/dynamixel_sdk/cmake/ament_cmake_export_include_directories-extras.cmake
[7.399s] -- Installing: /home/darius/turtlebot3_ws/install/dynamixel_sdk/share/dynamixel_sdk/cmake/ament_cmake_export_libraries-extras.cmake
[7.399s] -- Installing: /home/darius/turtlebot3_ws/install/dynamixel_sdk/share/dynamixel_sdk/cmake/dynamixel_sdkConfig.cmake
[7.399s] -- Installing: /home/darius/turtlebot3_ws/install/dynamixel_sdk/share/dynamixel_sdk/cmake/dynamixel_sdkConfig-version.cmake
[7.400s] -- Installing: /home/darius/turtlebot3_ws/install/dynamixel_sdk/share/dynamixel_sdk/package.xml
[7.405s] Invoked command in '/home/darius/turtlebot3_ws/build/dynamixel_sdk' returned '0': CMAKE_PREFIX_PATH=/opt/ros/humble /usr/bin/cmake --install /home/darius/turtlebot3_ws/build/dynamixel_sdk
