[0.027s] Invoking command in '/home/darius/turtlebot3_ws/build/turtlebot3_bringup': AMENT_PREFIX_PATH=/home/darius/turtlebot3_ws/install/turtlebot3_node:/home/darius/turtlebot3_ws/install/turtlebot3_msgs:/home/darius/turtlebot3_ws/install/turtlebot3_description:/home/darius/turtlebot3_ws/install/dynamixel_sdk:${AMENT_PREFIX_PATH} CMAKE_PREFIX_PATH=/home/darius/turtlebot3_ws/install/turtlebot3_node:/home/darius/turtlebot3_ws/install/turtlebot3_msgs:/home/darius/turtlebot3_ws/install/turtlebot3_description:/home/darius/turtlebot3_ws/install/dynamixel_sdk:/opt/ros/humble LD_LIBRARY_PATH=/home/darius/turtlebot3_ws/install/turtlebot3_msgs/lib:/home/darius/turtlebot3_ws/install/dynamixel_sdk/lib:/usr/lib/x86_64-linux-gnu/gazebo-11/plugins:/opt/ros/humble/opt/rviz_ogre_vendor/lib:/opt/ros/humble/lib/x86_64-linux-gnu:/opt/ros/humble/lib:/usr/lib/x86_64-linux-gnu/gazebo-11/plugins PYTHONPATH=/home/darius/turtlebot3_ws/install/turtlebot3_msgs/local/lib/python3.10/dist-packages:${PYTHONPATH} /usr/bin/cmake /home/darius/turtlebot3_ws/src/turtlebot3/turtlebot3_bringup -DCMAKE_INSTALL_PREFIX=/home/darius/turtlebot3_ws/install/turtlebot3_bringup
[0.113s] -- The C compiler identification is GNU 11.4.0
[0.205s] -- The CXX compiler identification is GNU 11.4.0
[0.228s] -- Detecting C compiler ABI info
[0.365s] -- Detecting C compiler ABI info - done
[0.376s] -- Check for working C compiler: /usr/bin/cc - skipped
[0.376s] -- Detecting C compile features
[0.376s] -- Detecting C compile features - done
[0.380s] -- Detecting CXX compiler ABI info
[0.503s] -- Detecting CXX compiler ABI info - done
[0.515s] -- Check for working CXX compiler: /usr/bin/c++ - skipped
[0.515s] -- Detecting CXX compile features
[0.516s] -- Detecting CXX compile features - done
[0.520s] -- Found ament_cmake: 1.3.11 (/opt/ros/humble/share/ament_cmake/cmake)
[0.729s] -- Found Python3: /usr/bin/python3 (found version "3.10.12") found components: Interpreter 
[0.961s] -- Configuring done
[0.965s] -- Generating done
[0.967s] -- Build files have been written to: /home/darius/turtlebot3_ws/build/turtlebot3_bringup
[0.973s] Invoked command in '/home/darius/turtlebot3_ws/build/turtlebot3_bringup' returned '0': AMENT_PREFIX_PATH=/home/darius/turtlebot3_ws/install/turtlebot3_node:/home/darius/turtlebot3_ws/install/turtlebot3_msgs:/home/darius/turtlebot3_ws/install/turtlebot3_description:/home/darius/turtlebot3_ws/install/dynamixel_sdk:${AMENT_PREFIX_PATH} CMAKE_PREFIX_PATH=/home/darius/turtlebot3_ws/install/turtlebot3_node:/home/darius/turtlebot3_ws/install/turtlebot3_msgs:/home/darius/turtlebot3_ws/install/turtlebot3_description:/home/darius/turtlebot3_ws/install/dynamixel_sdk:/opt/ros/humble LD_LIBRARY_PATH=/home/darius/turtlebot3_ws/install/turtlebot3_msgs/lib:/home/darius/turtlebot3_ws/install/dynamixel_sdk/lib:/usr/lib/x86_64-linux-gnu/gazebo-11/plugins:/opt/ros/humble/opt/rviz_ogre_vendor/lib:/opt/ros/humble/lib/x86_64-linux-gnu:/opt/ros/humble/lib:/usr/lib/x86_64-linux-gnu/gazebo-11/plugins PYTHONPATH=/home/darius/turtlebot3_ws/install/turtlebot3_msgs/local/lib/python3.10/dist-packages:${PYTHONPATH} /usr/bin/cmake /home/darius/turtlebot3_ws/src/turtlebot3/turtlebot3_bringup -DCMAKE_INSTALL_PREFIX=/home/darius/turtlebot3_ws/install/turtlebot3_bringup
[0.976s] Invoking command in '/home/darius/turtlebot3_ws/build/turtlebot3_bringup': AMENT_PREFIX_PATH=/home/darius/turtlebot3_ws/install/turtlebot3_node:/home/darius/turtlebot3_ws/install/turtlebot3_msgs:/home/darius/turtlebot3_ws/install/turtlebot3_description:/home/darius/turtlebot3_ws/install/dynamixel_sdk:${AMENT_PREFIX_PATH} CMAKE_PREFIX_PATH=/home/darius/turtlebot3_ws/install/turtlebot3_node:/home/darius/turtlebot3_ws/install/turtlebot3_msgs:/home/darius/turtlebot3_ws/install/turtlebot3_description:/home/darius/turtlebot3_ws/install/dynamixel_sdk:/opt/ros/humble LD_LIBRARY_PATH=/home/darius/turtlebot3_ws/install/turtlebot3_msgs/lib:/home/darius/turtlebot3_ws/install/dynamixel_sdk/lib:/usr/lib/x86_64-linux-gnu/gazebo-11/plugins:/opt/ros/humble/opt/rviz_ogre_vendor/lib:/opt/ros/humble/lib/x86_64-linux-gnu:/opt/ros/humble/lib:/usr/lib/x86_64-linux-gnu/gazebo-11/plugins PYTHONPATH=/home/darius/turtlebot3_ws/install/turtlebot3_msgs/local/lib/python3.10/dist-packages:${PYTHONPATH} /usr/bin/cmake --build /home/darius/turtlebot3_ws/build/turtlebot3_bringup
[1.050s] Invoked command in '/home/darius/turtlebot3_ws/build/turtlebot3_bringup' returned '0': AMENT_PREFIX_PATH=/home/darius/turtlebot3_ws/install/turtlebot3_node:/home/darius/turtlebot3_ws/install/turtlebot3_msgs:/home/darius/turtlebot3_ws/install/turtlebot3_description:/home/darius/turtlebot3_ws/install/dynamixel_sdk:${AMENT_PREFIX_PATH} CMAKE_PREFIX_PATH=/home/darius/turtlebot3_ws/install/turtlebot3_node:/home/darius/turtlebot3_ws/install/turtlebot3_msgs:/home/darius/turtlebot3_ws/install/turtlebot3_description:/home/darius/turtlebot3_ws/install/dynamixel_sdk:/opt/ros/humble LD_LIBRARY_PATH=/home/darius/turtlebot3_ws/install/turtlebot3_msgs/lib:/home/darius/turtlebot3_ws/install/dynamixel_sdk/lib:/usr/lib/x86_64-linux-gnu/gazebo-11/plugins:/opt/ros/humble/opt/rviz_ogre_vendor/lib:/opt/ros/humble/lib/x86_64-linux-gnu:/opt/ros/humble/lib:/usr/lib/x86_64-linux-gnu/gazebo-11/plugins PYTHONPATH=/home/darius/turtlebot3_ws/install/turtlebot3_msgs/local/lib/python3.10/dist-packages:${PYTHONPATH} /usr/bin/cmake --build /home/darius/turtlebot3_ws/build/turtlebot3_bringup
[1.052s] Invoking command in '/home/darius/turtlebot3_ws/build/turtlebot3_bringup': AMENT_PREFIX_PATH=/home/darius/turtlebot3_ws/install/turtlebot3_node:/home/darius/turtlebot3_ws/install/turtlebot3_msgs:/home/darius/turtlebot3_ws/install/turtlebot3_description:/home/darius/turtlebot3_ws/install/dynamixel_sdk:${AMENT_PREFIX_PATH} CMAKE_PREFIX_PATH=/home/darius/turtlebot3_ws/install/turtlebot3_node:/home/darius/turtlebot3_ws/install/turtlebot3_msgs:/home/darius/turtlebot3_ws/install/turtlebot3_description:/home/darius/turtlebot3_ws/install/dynamixel_sdk:/opt/ros/humble LD_LIBRARY_PATH=/home/darius/turtlebot3_ws/install/turtlebot3_msgs/lib:/home/darius/turtlebot3_ws/install/dynamixel_sdk/lib:/usr/lib/x86_64-linux-gnu/gazebo-11/plugins:/opt/ros/humble/opt/rviz_ogre_vendor/lib:/opt/ros/humble/lib/x86_64-linux-gnu:/opt/ros/humble/lib:/usr/lib/x86_64-linux-gnu/gazebo-11/plugins PYTHONPATH=/home/darius/turtlebot3_ws/install/turtlebot3_msgs/local/lib/python3.10/dist-packages:${PYTHONPATH} /usr/bin/cmake --install /home/darius/turtlebot3_ws/build/turtlebot3_bringup
[1.065s] -- Install configuration: ""
[1.066s] -- Installing: /home/darius/turtlebot3_ws/install/turtlebot3_bringup/share/turtlebot3_bringup/launch
[1.066s] -- Installing: /home/darius/turtlebot3_ws/install/turtlebot3_bringup/share/turtlebot3_bringup/launch/rviz2.launch.py
[1.066s] -- Installing: /home/darius/turtlebot3_ws/install/turtlebot3_bringup/share/turtlebot3_bringup/launch/robot.launch.py
[1.066s] -- Installing: /home/darius/turtlebot3_ws/install/turtlebot3_bringup/share/turtlebot3_bringup/launch/turtlebot3_state_publisher.launch.py
[1.067s] -- Installing: /home/darius/turtlebot3_ws/install/turtlebot3_bringup/share/turtlebot3_bringup/param
[1.067s] -- Installing: /home/darius/turtlebot3_ws/install/turtlebot3_bringup/share/turtlebot3_bringup/param/burger.yaml
[1.067s] -- Installing: /home/darius/turtlebot3_ws/install/turtlebot3_bringup/share/turtlebot3_bringup/param/waffle_pi.yaml
[1.067s] -- Installing: /home/darius/turtlebot3_ws/install/turtlebot3_bringup/share/turtlebot3_bringup/param/waffle.yaml
[1.067s] -- Installing: /home/darius/turtlebot3_ws/install/turtlebot3_bringup/share/turtlebot3_bringup/script
[1.068s] -- Installing: /home/darius/turtlebot3_ws/install/turtlebot3_bringup/share/turtlebot3_bringup/script/create_udev_rules
[1.068s] -- Installing: /home/darius/turtlebot3_ws/install/turtlebot3_bringup/share/turtlebot3_bringup/script/99-turtlebot3-cdc.rules
[1.068s] -- Installing: /home/darius/turtlebot3_ws/install/turtlebot3_bringup/share/ament_index/resource_index/package_run_dependencies/turtlebot3_bringup
[1.069s] -- Installing: /home/darius/turtlebot3_ws/install/turtlebot3_bringup/share/ament_index/resource_index/parent_prefix_path/turtlebot3_bringup
[1.069s] -- Installing: /home/darius/turtlebot3_ws/install/turtlebot3_bringup/share/turtlebot3_bringup/environment/ament_prefix_path.sh
[1.069s] -- Installing: /home/darius/turtlebot3_ws/install/turtlebot3_bringup/share/turtlebot3_bringup/environment/ament_prefix_path.dsv
[1.069s] -- Installing: /home/darius/turtlebot3_ws/install/turtlebot3_bringup/share/turtlebot3_bringup/environment/path.sh
[1.070s] -- Installing: /home/darius/turtlebot3_ws/install/turtlebot3_bringup/share/turtlebot3_bringup/environment/path.dsv
[1.070s] -- Installing: /home/darius/turtlebot3_ws/install/turtlebot3_bringup/share/turtlebot3_bringup/local_setup.bash
[1.070s] -- Installing: /home/darius/turtlebot3_ws/install/turtlebot3_bringup/share/turtlebot3_bringup/local_setup.sh
[1.070s] -- Installing: /home/darius/turtlebot3_ws/install/turtlebot3_bringup/share/turtlebot3_bringup/local_setup.zsh
[1.070s] -- Installing: /home/darius/turtlebot3_ws/install/turtlebot3_bringup/share/turtlebot3_bringup/local_setup.dsv
[1.071s] -- Installing: /home/darius/turtlebot3_ws/install/turtlebot3_bringup/share/turtlebot3_bringup/package.dsv
[1.071s] -- Installing: /home/darius/turtlebot3_ws/install/turtlebot3_bringup/share/ament_index/resource_index/packages/turtlebot3_bringup
[1.071s] -- Installing: /home/darius/turtlebot3_ws/install/turtlebot3_bringup/share/turtlebot3_bringup/cmake/turtlebot3_bringupConfig.cmake
[1.071s] -- Installing: /home/darius/turtlebot3_ws/install/turtlebot3_bringup/share/turtlebot3_bringup/cmake/turtlebot3_bringupConfig-version.cmake
[1.072s] -- Installing: /home/darius/turtlebot3_ws/install/turtlebot3_bringup/share/turtlebot3_bringup/package.xml
[1.075s] Invoked command in '/home/darius/turtlebot3_ws/build/turtlebot3_bringup' returned '0': AMENT_PREFIX_PATH=/home/darius/turtlebot3_ws/install/turtlebot3_node:/home/darius/turtlebot3_ws/install/turtlebot3_msgs:/home/darius/turtlebot3_ws/install/turtlebot3_description:/home/darius/turtlebot3_ws/install/dynamixel_sdk:${AMENT_PREFIX_PATH} CMAKE_PREFIX_PATH=/home/darius/turtlebot3_ws/install/turtlebot3_node:/home/darius/turtlebot3_ws/install/turtlebot3_msgs:/home/darius/turtlebot3_ws/install/turtlebot3_description:/home/darius/turtlebot3_ws/install/dynamixel_sdk:/opt/ros/humble LD_LIBRARY_PATH=/home/darius/turtlebot3_ws/install/turtlebot3_msgs/lib:/home/darius/turtlebot3_ws/install/dynamixel_sdk/lib:/usr/lib/x86_64-linux-gnu/gazebo-11/plugins:/opt/ros/humble/opt/rviz_ogre_vendor/lib:/opt/ros/humble/lib/x86_64-linux-gnu:/opt/ros/humble/lib:/usr/lib/x86_64-linux-gnu/gazebo-11/plugins PYTHONPATH=/home/darius/turtlebot3_ws/install/turtlebot3_msgs/local/lib/python3.10/dist-packages:${PYTHONPATH} /usr/bin/cmake --install /home/darius/turtlebot3_ws/build/turtlebot3_bringup
