running egg_info
creating ../../build/my_simulation/my_simulation.egg-info
writing ../../build/my_simulation/my_simulation.egg-info/PKG-INFO
writing dependency_links to ../../build/my_simulation/my_simulation.egg-info/dependency_links.txt
writing entry points to ../../build/my_simulation/my_simulation.egg-info/entry_points.txt
writing requirements to ../../build/my_simulation/my_simulation.egg-info/requires.txt
writing top-level names to ../../build/my_simulation/my_simulation.egg-info/top_level.txt
writing manifest file '../../build/my_simulation/my_simulation.egg-info/SOURCES.txt'
reading manifest file '../../build/my_simulation/my_simulation.egg-info/SOURCES.txt'
writing manifest file '../../build/my_simulation/my_simulation.egg-info/SOURCES.txt'
running build
running build_py
creating /home/darius/turtlebot3_ws/build/my_simulation/build
creating /home/darius/turtlebot3_ws/build/my_simulation/build/lib
creating /home/darius/turtlebot3_ws/build/my_simulation/build/lib/my_simulation
copying my_simulation/__init__.py -> /home/darius/turtlebot3_ws/build/my_simulation/build/lib/my_simulation
running install
running install_lib
creating /home/darius/turtlebot3_ws/install/my_simulation/lib/python3.10/site-packages/my_simulation
copying /home/darius/turtlebot3_ws/build/my_simulation/build/lib/my_simulation/__init__.py -> /home/darius/turtlebot3_ws/install/my_simulation/lib/python3.10/site-packages/my_simulation
byte-compiling /home/darius/turtlebot3_ws/install/my_simulation/lib/python3.10/site-packages/my_simulation/__init__.py to __init__.cpython-310.pyc
running install_data
creating /home/darius/turtlebot3_ws/install/my_simulation/share/ament_index
creating /home/darius/turtlebot3_ws/install/my_simulation/share/ament_index/resource_index
creating /home/darius/turtlebot3_ws/install/my_simulation/share/ament_index/resource_index/packages
copying resource/my_simulation -> /home/darius/turtlebot3_ws/install/my_simulation/share/ament_index/resource_index/packages
copying package.xml -> /home/darius/turtlebot3_ws/install/my_simulation/share/my_simulation
running install_egg_info
Copying ../../build/my_simulation/my_simulation.egg-info to /home/darius/turtlebot3_ws/install/my_simulation/lib/python3.10/site-packages/my_simulation-0.0.0-py3.10.egg-info
running install_scripts
writing list of installed files to '/home/darius/turtlebot3_ws/build/my_simulation/install.log'
