[1.099s] Invoking command in '/home/darius/turtlebot3_ws/build/turtlebot3_example': CMAKE_PREFIX_PATH=/home/darius/turtlebot3_ws/install/turtlebot3_msgs:/home/darius/turtlebot3_ws/install/turtlebot3:/home/darius/turtlebot3_ws/install/turtlebot3_simulations:/home/darius/turtlebot3_ws/install/turtlebot3_bringup:/home/darius/turtlebot3_ws/install/turtlebot3_node:/home/darius/turtlebot3_ws/install/turtlebot3_navigation2:/home/darius/turtlebot3_ws/install/turtlebot3_fake_node:/home/darius/turtlebot3_ws/install/turtlebot3_gazebo:/home/darius/turtlebot3_ws/install/turtlebot3_description:/home/darius/turtlebot3_ws/install/turtlebot3_cartographer:/home/darius/turtlebot3_ws/install/dynamixel_sdk_examples:/home/darius/turtlebot3_ws/install/dynamixel_sdk_custom_interfaces:/home/darius/turtlebot3_ws/install/dynamixel_sdk LD_LIBRARY_PATH=/home/darius/turtlebot3_ws/install/turtlebot3_msgs/lib:/home/darius/turtlebot3_ws/install/dynamixel_sdk_custom_interfaces/lib:/home/darius/turtlebot3_ws/install/dynamixel_sdk/lib:/usr/lib/x86_64-linux-gnu/gazebo-11/plugins:/opt/ros/humble/opt/rviz_ogre_vendor/lib:/opt/ros/humble/lib/x86_64-linux-gnu:/opt/ros/humble/lib:/usr/lib/x86_64-linux-gnu/gazebo-11/plugins PYTHONPATH=/home/darius/turtlebot3_ws/build/turtlebot3_example/prefix_override:/usr/lib/python3/dist-packages/colcon_core/task/python/colcon_distutils_commands:/home/darius/turtlebot3_ws/install/turtlebot3_example/lib/python3.10/site-packages:${PYTHONPATH} /usr/bin/python3 -W ignore:setup.py install is deprecated -W ignore:easy_install command is deprecated setup.py develop --uninstall --editable --build-directory /home/darius/turtlebot3_ws/build/turtlebot3_example/build
[1.593s] running develop
[1.859s] Removing /home/darius/turtlebot3_ws/install/turtlebot3_example/lib/python3.10/site-packages/turtlebot3-example.egg-link (link to .)
[1.925s] Invoked command in '/home/darius/turtlebot3_ws/build/turtlebot3_example' returned '0': CMAKE_PREFIX_PATH=/home/darius/turtlebot3_ws/install/turtlebot3_msgs:/home/darius/turtlebot3_ws/install/turtlebot3:/home/darius/turtlebot3_ws/install/turtlebot3_simulations:/home/darius/turtlebot3_ws/install/turtlebot3_bringup:/home/darius/turtlebot3_ws/install/turtlebot3_node:/home/darius/turtlebot3_ws/install/turtlebot3_navigation2:/home/darius/turtlebot3_ws/install/turtlebot3_fake_node:/home/darius/turtlebot3_ws/install/turtlebot3_gazebo:/home/darius/turtlebot3_ws/install/turtlebot3_description:/home/darius/turtlebot3_ws/install/turtlebot3_cartographer:/home/darius/turtlebot3_ws/install/dynamixel_sdk_examples:/home/darius/turtlebot3_ws/install/dynamixel_sdk_custom_interfaces:/home/darius/turtlebot3_ws/install/dynamixel_sdk LD_LIBRARY_PATH=/home/darius/turtlebot3_ws/install/turtlebot3_msgs/lib:/home/darius/turtlebot3_ws/install/dynamixel_sdk_custom_interfaces/lib:/home/darius/turtlebot3_ws/install/dynamixel_sdk/lib:/usr/lib/x86_64-linux-gnu/gazebo-11/plugins:/opt/ros/humble/opt/rviz_ogre_vendor/lib:/opt/ros/humble/lib/x86_64-linux-gnu:/opt/ros/humble/lib:/usr/lib/x86_64-linux-gnu/gazebo-11/plugins PYTHONPATH=/home/darius/turtlebot3_ws/build/turtlebot3_example/prefix_override:/usr/lib/python3/dist-packages/colcon_core/task/python/colcon_distutils_commands:/home/darius/turtlebot3_ws/install/turtlebot3_example/lib/python3.10/site-packages:${PYTHONPATH} /usr/bin/python3 -W ignore:setup.py install is deprecated -W ignore:easy_install command is deprecated setup.py develop --uninstall --editable --build-directory /home/darius/turtlebot3_ws/build/turtlebot3_example/build
[1.928s] Invoking command in '/home/darius/turtlebot3_ws/src/turtlebot3/turtlebot3_example': CMAKE_PREFIX_PATH=/home/darius/turtlebot3_ws/install/turtlebot3_msgs:/home/darius/turtlebot3_ws/install/turtlebot3:/home/darius/turtlebot3_ws/install/turtlebot3_simulations:/home/darius/turtlebot3_ws/install/turtlebot3_bringup:/home/darius/turtlebot3_ws/install/turtlebot3_node:/home/darius/turtlebot3_ws/install/turtlebot3_navigation2:/home/darius/turtlebot3_ws/install/turtlebot3_fake_node:/home/darius/turtlebot3_ws/install/turtlebot3_gazebo:/home/darius/turtlebot3_ws/install/turtlebot3_description:/home/darius/turtlebot3_ws/install/turtlebot3_cartographer:/home/darius/turtlebot3_ws/install/dynamixel_sdk_examples:/home/darius/turtlebot3_ws/install/dynamixel_sdk_custom_interfaces:/home/darius/turtlebot3_ws/install/dynamixel_sdk LD_LIBRARY_PATH=/home/darius/turtlebot3_ws/install/turtlebot3_msgs/lib:/home/darius/turtlebot3_ws/install/dynamixel_sdk_custom_interfaces/lib:/home/darius/turtlebot3_ws/install/dynamixel_sdk/lib:/usr/lib/x86_64-linux-gnu/gazebo-11/plugins:/opt/ros/humble/opt/rviz_ogre_vendor/lib:/opt/ros/humble/lib/x86_64-linux-gnu:/opt/ros/humble/lib:/usr/lib/x86_64-linux-gnu/gazebo-11/plugins PYTHONPATH=/home/darius/turtlebot3_ws/build/turtlebot3_example/prefix_override:/usr/lib/python3/dist-packages/colcon_core/task/python/colcon_distutils_commands:/home/darius/turtlebot3_ws/install/turtlebot3_example/lib/python3.10/site-packages:${PYTHONPATH} /usr/bin/python3 -W ignore:setup.py install is deprecated -W ignore:easy_install command is deprecated setup.py egg_info --egg-base ../../../build/turtlebot3_example build --build-base /home/darius/turtlebot3_ws/build/turtlebot3_example/build install --record /home/darius/turtlebot3_ws/build/turtlebot3_example/install.log --single-version-externally-managed install_data --force
[2.312s] running egg_info
[2.312s] writing ../../../build/turtlebot3_example/turtlebot3_example.egg-info/PKG-INFO
[2.316s] writing dependency_links to ../../../build/turtlebot3_example/turtlebot3_example.egg-info/dependency_links.txt
[2.317s] writing entry points to ../../../build/turtlebot3_example/turtlebot3_example.egg-info/entry_points.txt
[2.318s] writing requirements to ../../../build/turtlebot3_example/turtlebot3_example.egg-info/requires.txt
[2.318s] writing top-level names to ../../../build/turtlebot3_example/turtlebot3_example.egg-info/top_level.txt
[2.319s] reading manifest file '../../../build/turtlebot3_example/turtlebot3_example.egg-info/SOURCES.txt'
[2.319s] writing manifest file '../../../build/turtlebot3_example/turtlebot3_example.egg-info/SOURCES.txt'
[2.319s] running build
[2.319s] running build_py
[2.321s] running install
[2.321s] running install_lib
[2.321s] creating /home/darius/turtlebot3_ws/install/turtlebot3_example/lib/python3.10/site-packages/turtlebot3_example
[2.322s] creating /home/darius/turtlebot3_ws/install/turtlebot3_example/lib/python3.10/site-packages/turtlebot3_example/turtlebot3_patrol_server
[2.322s] copying /home/darius/turtlebot3_ws/build/turtlebot3_example/build/lib/turtlebot3_example/turtlebot3_patrol_server/turtlebot3_path.py -> /home/darius/turtlebot3_ws/install/turtlebot3_example/lib/python3.10/site-packages/turtlebot3_example/turtlebot3_patrol_server
[2.322s] copying /home/darius/turtlebot3_ws/build/turtlebot3_example/build/lib/turtlebot3_example/turtlebot3_patrol_server/__init__.py -> /home/darius/turtlebot3_ws/install/turtlebot3_example/lib/python3.10/site-packages/turtlebot3_example/turtlebot3_patrol_server
[2.323s] copying /home/darius/turtlebot3_ws/build/turtlebot3_example/build/lib/turtlebot3_example/turtlebot3_patrol_server/main.py -> /home/darius/turtlebot3_ws/install/turtlebot3_example/lib/python3.10/site-packages/turtlebot3_example/turtlebot3_patrol_server
[2.323s] copying /home/darius/turtlebot3_ws/build/turtlebot3_example/build/lib/turtlebot3_example/turtlebot3_patrol_server/turtlebot3_patrol_server.py -> /home/darius/turtlebot3_ws/install/turtlebot3_example/lib/python3.10/site-packages/turtlebot3_example/turtlebot3_patrol_server
[2.323s] copying /home/darius/turtlebot3_ws/build/turtlebot3_example/build/lib/turtlebot3_example/__init__.py -> /home/darius/turtlebot3_ws/install/turtlebot3_example/lib/python3.10/site-packages/turtlebot3_example
[2.323s] creating /home/darius/turtlebot3_ws/install/turtlebot3_example/lib/python3.10/site-packages/turtlebot3_example/turtlebot3_patrol_client
[2.323s] copying /home/darius/turtlebot3_ws/build/turtlebot3_example/build/lib/turtlebot3_example/turtlebot3_patrol_client/__init__.py -> /home/darius/turtlebot3_ws/install/turtlebot3_example/lib/python3.10/site-packages/turtlebot3_example/turtlebot3_patrol_client
[2.324s] copying /home/darius/turtlebot3_ws/build/turtlebot3_example/build/lib/turtlebot3_example/turtlebot3_patrol_client/main.py -> /home/darius/turtlebot3_ws/install/turtlebot3_example/lib/python3.10/site-packages/turtlebot3_example/turtlebot3_patrol_client
[2.325s] copying /home/darius/turtlebot3_ws/build/turtlebot3_example/build/lib/turtlebot3_example/turtlebot3_patrol_client/turtlebot3_patrol_client.py -> /home/darius/turtlebot3_ws/install/turtlebot3_example/lib/python3.10/site-packages/turtlebot3_example/turtlebot3_patrol_client
[2.325s] creating /home/darius/turtlebot3_ws/install/turtlebot3_example/lib/python3.10/site-packages/turtlebot3_example/turtlebot3_position_control
[2.325s] copying /home/darius/turtlebot3_ws/build/turtlebot3_example/build/lib/turtlebot3_example/turtlebot3_position_control/turtlebot3_path.py -> /home/darius/turtlebot3_ws/install/turtlebot3_example/lib/python3.10/site-packages/turtlebot3_example/turtlebot3_position_control
[2.325s] copying /home/darius/turtlebot3_ws/build/turtlebot3_example/build/lib/turtlebot3_example/turtlebot3_position_control/__init__.py -> /home/darius/turtlebot3_ws/install/turtlebot3_example/lib/python3.10/site-packages/turtlebot3_example/turtlebot3_position_control
[2.325s] copying /home/darius/turtlebot3_ws/build/turtlebot3_example/build/lib/turtlebot3_example/turtlebot3_position_control/turtlebot3_position_control.py -> /home/darius/turtlebot3_ws/install/turtlebot3_example/lib/python3.10/site-packages/turtlebot3_example/turtlebot3_position_control
[2.325s] copying /home/darius/turtlebot3_ws/build/turtlebot3_example/build/lib/turtlebot3_example/turtlebot3_position_control/main.py -> /home/darius/turtlebot3_ws/install/turtlebot3_example/lib/python3.10/site-packages/turtlebot3_example/turtlebot3_position_control
[2.326s] creating /home/darius/turtlebot3_ws/install/turtlebot3_example/lib/python3.10/site-packages/turtlebot3_example/turtlebot3_obstacle_detection
[2.326s] copying /home/darius/turtlebot3_ws/build/turtlebot3_example/build/lib/turtlebot3_example/turtlebot3_obstacle_detection/__init__.py -> /home/darius/turtlebot3_ws/install/turtlebot3_example/lib/python3.10/site-packages/turtlebot3_example/turtlebot3_obstacle_detection
[2.326s] copying /home/darius/turtlebot3_ws/build/turtlebot3_example/build/lib/turtlebot3_example/turtlebot3_obstacle_detection/main.py -> /home/darius/turtlebot3_ws/install/turtlebot3_example/lib/python3.10/site-packages/turtlebot3_example/turtlebot3_obstacle_detection
[2.327s] copying /home/darius/turtlebot3_ws/build/turtlebot3_example/build/lib/turtlebot3_example/turtlebot3_obstacle_detection/turtlebot3_obstacle_detection.py -> /home/darius/turtlebot3_ws/install/turtlebot3_example/lib/python3.10/site-packages/turtlebot3_example/turtlebot3_obstacle_detection
[2.328s] byte-compiling /home/darius/turtlebot3_ws/install/turtlebot3_example/lib/python3.10/site-packages/turtlebot3_example/turtlebot3_patrol_server/turtlebot3_path.py to turtlebot3_path.cpython-310.pyc
[2.328s] byte-compiling /home/darius/turtlebot3_ws/install/turtlebot3_example/lib/python3.10/site-packages/turtlebot3_example/turtlebot3_patrol_server/__init__.py to __init__.cpython-310.pyc
[2.328s] byte-compiling /home/darius/turtlebot3_ws/install/turtlebot3_example/lib/python3.10/site-packages/turtlebot3_example/turtlebot3_patrol_server/main.py to main.cpython-310.pyc
[2.329s] byte-compiling /home/darius/turtlebot3_ws/install/turtlebot3_example/lib/python3.10/site-packages/turtlebot3_example/turtlebot3_patrol_server/turtlebot3_patrol_server.py to turtlebot3_patrol_server.cpython-310.pyc
[2.330s] byte-compiling /home/darius/turtlebot3_ws/install/turtlebot3_example/lib/python3.10/site-packages/turtlebot3_example/__init__.py to __init__.cpython-310.pyc
[2.330s] byte-compiling /home/darius/turtlebot3_ws/install/turtlebot3_example/lib/python3.10/site-packages/turtlebot3_example/turtlebot3_patrol_client/__init__.py to __init__.cpython-310.pyc
[2.330s] byte-compiling /home/darius/turtlebot3_ws/install/turtlebot3_example/lib/python3.10/site-packages/turtlebot3_example/turtlebot3_patrol_client/main.py to main.cpython-310.pyc
[2.331s] byte-compiling /home/darius/turtlebot3_ws/install/turtlebot3_example/lib/python3.10/site-packages/turtlebot3_example/turtlebot3_patrol_client/turtlebot3_patrol_client.py to turtlebot3_patrol_client.cpython-310.pyc
[2.332s] byte-compiling /home/darius/turtlebot3_ws/install/turtlebot3_example/lib/python3.10/site-packages/turtlebot3_example/turtlebot3_position_control/turtlebot3_path.py to turtlebot3_path.cpython-310.pyc
[2.333s] byte-compiling /home/darius/turtlebot3_ws/install/turtlebot3_example/lib/python3.10/site-packages/turtlebot3_example/turtlebot3_position_control/__init__.py to __init__.cpython-310.pyc
[2.333s] byte-compiling /home/darius/turtlebot3_ws/install/turtlebot3_example/lib/python3.10/site-packages/turtlebot3_example/turtlebot3_position_control/turtlebot3_position_control.py to turtlebot3_position_control.cpython-310.pyc
[2.334s] byte-compiling /home/darius/turtlebot3_ws/install/turtlebot3_example/lib/python3.10/site-packages/turtlebot3_example/turtlebot3_position_control/main.py to main.cpython-310.pyc
[2.334s] byte-compiling /home/darius/turtlebot3_ws/install/turtlebot3_example/lib/python3.10/site-packages/turtlebot3_example/turtlebot3_obstacle_detection/__init__.py to __init__.cpython-310.pyc
[2.334s] byte-compiling /home/darius/turtlebot3_ws/install/turtlebot3_example/lib/python3.10/site-packages/turtlebot3_example/turtlebot3_obstacle_detection/main.py to main.cpython-310.pyc
[2.335s] byte-compiling /home/darius/turtlebot3_ws/install/turtlebot3_example/lib/python3.10/site-packages/turtlebot3_example/turtlebot3_obstacle_detection/turtlebot3_obstacle_detection.py to turtlebot3_obstacle_detection.cpython-310.pyc
[2.335s] running install_data
[2.336s] copying resource/turtlebot3_example -> /home/darius/turtlebot3_ws/install/turtlebot3_example/share/ament_index/resource_index/packages
[2.336s] copying package.xml -> /home/darius/turtlebot3_ws/install/turtlebot3_example/share/turtlebot3_example
[2.336s] running install_egg_info
[2.339s] Copying ../../../build/turtlebot3_example/turtlebot3_example.egg-info to /home/darius/turtlebot3_ws/install/turtlebot3_example/lib/python3.10/site-packages/turtlebot3_example-2.1.5-py3.10.egg-info
[2.341s] running install_scripts
[2.367s] Installing turtlebot3_obstacle_detection script to /home/darius/turtlebot3_ws/install/turtlebot3_example/lib/turtlebot3_example
[2.368s] Installing turtlebot3_patrol_client script to /home/darius/turtlebot3_ws/install/turtlebot3_example/lib/turtlebot3_example
[2.368s] Installing turtlebot3_patrol_server script to /home/darius/turtlebot3_ws/install/turtlebot3_example/lib/turtlebot3_example
[2.368s] Installing turtlebot3_position_control script to /home/darius/turtlebot3_ws/install/turtlebot3_example/lib/turtlebot3_example
[2.369s] writing list of installed files to '/home/darius/turtlebot3_ws/build/turtlebot3_example/install.log'
[2.414s] Invoked command in '/home/darius/turtlebot3_ws/src/turtlebot3/turtlebot3_example' returned '0': CMAKE_PREFIX_PATH=/home/darius/turtlebot3_ws/install/turtlebot3_msgs:/home/darius/turtlebot3_ws/install/turtlebot3:/home/darius/turtlebot3_ws/install/turtlebot3_simulations:/home/darius/turtlebot3_ws/install/turtlebot3_bringup:/home/darius/turtlebot3_ws/install/turtlebot3_node:/home/darius/turtlebot3_ws/install/turtlebot3_navigation2:/home/darius/turtlebot3_ws/install/turtlebot3_fake_node:/home/darius/turtlebot3_ws/install/turtlebot3_gazebo:/home/darius/turtlebot3_ws/install/turtlebot3_description:/home/darius/turtlebot3_ws/install/turtlebot3_cartographer:/home/darius/turtlebot3_ws/install/dynamixel_sdk_examples:/home/darius/turtlebot3_ws/install/dynamixel_sdk_custom_interfaces:/home/darius/turtlebot3_ws/install/dynamixel_sdk LD_LIBRARY_PATH=/home/darius/turtlebot3_ws/install/turtlebot3_msgs/lib:/home/darius/turtlebot3_ws/install/dynamixel_sdk_custom_interfaces/lib:/home/darius/turtlebot3_ws/install/dynamixel_sdk/lib:/usr/lib/x86_64-linux-gnu/gazebo-11/plugins:/opt/ros/humble/opt/rviz_ogre_vendor/lib:/opt/ros/humble/lib/x86_64-linux-gnu:/opt/ros/humble/lib:/usr/lib/x86_64-linux-gnu/gazebo-11/plugins PYTHONPATH=/home/darius/turtlebot3_ws/build/turtlebot3_example/prefix_override:/usr/lib/python3/dist-packages/colcon_core/task/python/colcon_distutils_commands:/home/darius/turtlebot3_ws/install/turtlebot3_example/lib/python3.10/site-packages:${PYTHONPATH} /usr/bin/python3 -W ignore:setup.py install is deprecated -W ignore:easy_install command is deprecated setup.py egg_info --egg-base ../../../build/turtlebot3_example build --build-base /home/darius/turtlebot3_ws/build/turtlebot3_example/build install --record /home/darius/turtlebot3_ws/build/turtlebot3_example/install.log --single-version-externally-managed install_data --force
