[1.183s] Invoking command in '/home/darius/turtlebot3_ws/build/turtlebot3_teleop': PYTHONPATH=/home/darius/turtlebot3_ws/build/turtlebot3_teleop/prefix_override:/usr/lib/python3/dist-packages/colcon_core/task/python/colcon_distutils_commands:/home/darius/turtlebot3_ws/install/turtlebot3_teleop/lib/python3.10/site-packages:${PYTHONPATH} /usr/bin/python3 -W ignore:setup.py install is deprecated -W ignore:easy_install command is deprecated setup.py develop --uninstall --editable --build-directory /home/darius/turtlebot3_ws/build/turtlebot3_teleop/build
[1.522s] running develop
[1.743s] Removing /home/darius/turtlebot3_ws/install/turtlebot3_teleop/lib/python3.10/site-packages/turtlebot3-teleop.egg-link (link to .)
[1.797s] Invoked command in '/home/darius/turtlebot3_ws/build/turtlebot3_teleop' returned '0': PYTHONPATH=/home/darius/turtlebot3_ws/build/turtlebot3_teleop/prefix_override:/usr/lib/python3/dist-packages/colcon_core/task/python/colcon_distutils_commands:/home/darius/turtlebot3_ws/install/turtlebot3_teleop/lib/python3.10/site-packages:${PYTHONPATH} /usr/bin/python3 -W ignore:setup.py install is deprecated -W ignore:easy_install command is deprecated setup.py develop --uninstall --editable --build-directory /home/darius/turtlebot3_ws/build/turtlebot3_teleop/build
[1.800s] Invoking command in '/home/darius/turtlebot3_ws/src/turtlebot3/turtlebot3_teleop': PYTHONPATH=/home/darius/turtlebot3_ws/build/turtlebot3_teleop/prefix_override:/usr/lib/python3/dist-packages/colcon_core/task/python/colcon_distutils_commands:/home/darius/turtlebot3_ws/install/turtlebot3_teleop/lib/python3.10/site-packages:${PYTHONPATH} /usr/bin/python3 -W ignore:setup.py install is deprecated -W ignore:easy_install command is deprecated setup.py egg_info --egg-base ../../../build/turtlebot3_teleop build --build-base /home/darius/turtlebot3_ws/build/turtlebot3_teleop/build install --record /home/darius/turtlebot3_ws/build/turtlebot3_teleop/install.log --single-version-externally-managed install_data --force
[2.136s] running egg_info
[2.137s] writing ../../../build/turtlebot3_teleop/turtlebot3_teleop.egg-info/PKG-INFO
[2.137s] writing dependency_links to ../../../build/turtlebot3_teleop/turtlebot3_teleop.egg-info/dependency_links.txt
[2.137s] writing entry points to ../../../build/turtlebot3_teleop/turtlebot3_teleop.egg-info/entry_points.txt
[2.137s] writing requirements to ../../../build/turtlebot3_teleop/turtlebot3_teleop.egg-info/requires.txt
[2.138s] writing top-level names to ../../../build/turtlebot3_teleop/turtlebot3_teleop.egg-info/top_level.txt
[2.141s] reading manifest file '../../../build/turtlebot3_teleop/turtlebot3_teleop.egg-info/SOURCES.txt'
[2.142s] writing manifest file '../../../build/turtlebot3_teleop/turtlebot3_teleop.egg-info/SOURCES.txt'
[2.142s] running build
[2.142s] running build_py
[2.143s] creating /home/darius/turtlebot3_ws/build/turtlebot3_teleop/build
[2.143s] creating /home/darius/turtlebot3_ws/build/turtlebot3_teleop/build/lib
[2.143s] creating /home/darius/turtlebot3_ws/build/turtlebot3_teleop/build/lib/turtlebot3_teleop
[2.143s] copying turtlebot3_teleop/__init__.py -> /home/darius/turtlebot3_ws/build/turtlebot3_teleop/build/lib/turtlebot3_teleop
[2.143s] creating /home/darius/turtlebot3_ws/build/turtlebot3_teleop/build/lib/turtlebot3_teleop/script
[2.143s] copying turtlebot3_teleop/script/__init__.py -> /home/darius/turtlebot3_ws/build/turtlebot3_teleop/build/lib/turtlebot3_teleop/script
[2.143s] copying turtlebot3_teleop/script/teleop_keyboard.py -> /home/darius/turtlebot3_ws/build/turtlebot3_teleop/build/lib/turtlebot3_teleop/script
[2.144s] running install
[2.144s] running install_lib
[2.145s] creating /home/darius/turtlebot3_ws/install/turtlebot3_teleop/lib/python3.10/site-packages/turtlebot3_teleop
[2.145s] creating /home/darius/turtlebot3_ws/install/turtlebot3_teleop/lib/python3.10/site-packages/turtlebot3_teleop/script
[2.145s] copying /home/darius/turtlebot3_ws/build/turtlebot3_teleop/build/lib/turtlebot3_teleop/script/__init__.py -> /home/darius/turtlebot3_ws/install/turtlebot3_teleop/lib/python3.10/site-packages/turtlebot3_teleop/script
[2.146s] copying /home/darius/turtlebot3_ws/build/turtlebot3_teleop/build/lib/turtlebot3_teleop/script/teleop_keyboard.py -> /home/darius/turtlebot3_ws/install/turtlebot3_teleop/lib/python3.10/site-packages/turtlebot3_teleop/script
[2.146s] copying /home/darius/turtlebot3_ws/build/turtlebot3_teleop/build/lib/turtlebot3_teleop/__init__.py -> /home/darius/turtlebot3_ws/install/turtlebot3_teleop/lib/python3.10/site-packages/turtlebot3_teleop
[2.146s] byte-compiling /home/darius/turtlebot3_ws/install/turtlebot3_teleop/lib/python3.10/site-packages/turtlebot3_teleop/script/__init__.py to __init__.cpython-310.pyc
[2.147s] byte-compiling /home/darius/turtlebot3_ws/install/turtlebot3_teleop/lib/python3.10/site-packages/turtlebot3_teleop/script/teleop_keyboard.py to teleop_keyboard.cpython-310.pyc
[2.148s] byte-compiling /home/darius/turtlebot3_ws/install/turtlebot3_teleop/lib/python3.10/site-packages/turtlebot3_teleop/__init__.py to __init__.cpython-310.pyc
[2.149s] running install_data
[2.149s] copying resource/turtlebot3_teleop -> /home/darius/turtlebot3_ws/install/turtlebot3_teleop/share/ament_index/resource_index/packages
[2.149s] copying package.xml -> /home/darius/turtlebot3_ws/install/turtlebot3_teleop/share/turtlebot3_teleop
[2.149s] running install_egg_info
[2.154s] Copying ../../../build/turtlebot3_teleop/turtlebot3_teleop.egg-info to /home/darius/turtlebot3_ws/install/turtlebot3_teleop/lib/python3.10/site-packages/turtlebot3_teleop-2.1.5-py3.10.egg-info
[2.155s] running install_scripts
[2.183s] Installing teleop_keyboard script to /home/darius/turtlebot3_ws/install/turtlebot3_teleop/lib/turtlebot3_teleop
[2.184s] writing list of installed files to '/home/darius/turtlebot3_ws/build/turtlebot3_teleop/install.log'
[2.231s] Invoked command in '/home/darius/turtlebot3_ws/src/turtlebot3/turtlebot3_teleop' returned '0': PYTHONPATH=/home/darius/turtlebot3_ws/build/turtlebot3_teleop/prefix_override:/usr/lib/python3/dist-packages/colcon_core/task/python/colcon_distutils_commands:/home/darius/turtlebot3_ws/install/turtlebot3_teleop/lib/python3.10/site-packages:${PYTHONPATH} /usr/bin/python3 -W ignore:setup.py install is deprecated -W ignore:easy_install command is deprecated setup.py egg_info --egg-base ../../../build/turtlebot3_teleop build --build-base /home/darius/turtlebot3_ws/build/turtlebot3_teleop/build install --record /home/darius/turtlebot3_ws/build/turtlebot3_teleop/install.log --single-version-externally-managed install_data --force
