[2.125s] Invoking command in '/home/darius/turtlebot3_ws/src/turtlebot3/turtlebot3_teleop': PYTHONPATH=/home/darius/turtlebot3_ws/build/turtlebot3_teleop/prefix_override:/usr/lib/python3/dist-packages/colcon_core/task/python/colcon_distutils_commands:/home/darius/turtlebot3_ws/install/turtlebot3_teleop/lib/python3.10/site-packages:${PYTHONPATH} /usr/bin/python3 -W ignore:setup.py install is deprecated -W ignore:easy_install command is deprecated setup.py egg_info --egg-base ../../../build/turtlebot3_teleop build --build-base /home/darius/turtlebot3_ws/build/turtlebot3_teleop/build install --record /home/darius/turtlebot3_ws/build/turtlebot3_teleop/install.log --single-version-externally-managed install_data
[2.689s] running egg_info
[2.689s] writing ../../../build/turtlebot3_teleop/turtlebot3_teleop.egg-info/PKG-INFO
[2.690s] writing dependency_links to ../../../build/turtlebot3_teleop/turtlebot3_teleop.egg-info/dependency_links.txt
[2.691s] writing entry points to ../../../build/turtlebot3_teleop/turtlebot3_teleop.egg-info/entry_points.txt
[2.691s] writing requirements to ../../../build/turtlebot3_teleop/turtlebot3_teleop.egg-info/requires.txt
[2.691s] writing top-level names to ../../../build/turtlebot3_teleop/turtlebot3_teleop.egg-info/top_level.txt
[2.694s] reading manifest file '../../../build/turtlebot3_teleop/turtlebot3_teleop.egg-info/SOURCES.txt'
[2.697s] writing manifest file '../../../build/turtlebot3_teleop/turtlebot3_teleop.egg-info/SOURCES.txt'
[2.697s] running build
[2.697s] running build_py
[2.698s] running install
[2.699s] running install_lib
[2.702s] running install_data
[2.703s] running install_egg_info
[2.707s] removing '/home/darius/turtlebot3_ws/install/turtlebot3_teleop/lib/python3.10/site-packages/turtlebot3_teleop-2.1.5-py3.10.egg-info' (and everything under it)
[2.708s] Copying ../../../build/turtlebot3_teleop/turtlebot3_teleop.egg-info to /home/darius/turtlebot3_ws/install/turtlebot3_teleop/lib/python3.10/site-packages/turtlebot3_teleop-2.1.5-py3.10.egg-info
[2.712s] running install_scripts
[2.751s] Installing teleop_keyboard script to /home/darius/turtlebot3_ws/install/turtlebot3_teleop/lib/turtlebot3_teleop
[2.752s] writing list of installed files to '/home/darius/turtlebot3_ws/build/turtlebot3_teleop/install.log'
