[0.045s] Invoking command in '/home/darius/turtlebot3_ws/build/turtlebot3_navigation2': CMAKE_PREFIX_PATH=/opt/ros/humble /usr/bin/cmake /home/darius/turtlebot3_ws/src/turtlebot3/turtlebot3_navigation2 -DCMAKE_INSTALL_PREFIX=/home/darius/turtlebot3_ws/install/turtlebot3_navigation2
[1.739s] -- The C compiler identification is GNU 11.4.0
[1.740s] -- The CXX compiler identification is GNU 11.4.0
[1.740s] -- Detecting C compiler ABI info
[1.740s] -- Detecting C compiler ABI info - done
[1.740s] -- Check for working C compiler: /usr/bin/cc - skipped
[1.740s] -- Detecting C compile features
[1.740s] -- Detecting C compile features - done
[1.740s] -- Detecting CXX compiler ABI info
[1.741s] -- Detecting CXX compiler ABI info - done
[1.741s] -- Check for working CXX compiler: /usr/bin/c++ - skipped
[1.741s] -- Detecting CXX compile features
[1.741s] -- Detecting CXX compile features - done
[1.741s] -- Found ament_cmake: 1.3.11 (/opt/ros/humble/share/ament_cmake/cmake)
[1.741s] -- Found Python3: /usr/bin/python3 (found version "3.10.12") found components: Interpreter 
[1.741s] -- Configuring done
[1.742s] -- Generating done
[1.742s] -- Build files have been written to: /home/darius/turtlebot3_ws/build/turtlebot3_navigation2
[1.750s] Invoked command in '/home/darius/turtlebot3_ws/build/turtlebot3_navigation2' returned '0': CMAKE_PREFIX_PATH=/opt/ros/humble /usr/bin/cmake /home/darius/turtlebot3_ws/src/turtlebot3/turtlebot3_navigation2 -DCMAKE_INSTALL_PREFIX=/home/darius/turtlebot3_ws/install/turtlebot3_navigation2
[1.755s] Invoking command in '/home/darius/turtlebot3_ws/build/turtlebot3_navigation2': CMAKE_PREFIX_PATH=/opt/ros/humble /usr/bin/cmake --build /home/darius/turtlebot3_ws/build/turtlebot3_navigation2
[1.840s] Invoked command in '/home/darius/turtlebot3_ws/build/turtlebot3_navigation2' returned '0': CMAKE_PREFIX_PATH=/opt/ros/humble /usr/bin/cmake --build /home/darius/turtlebot3_ws/build/turtlebot3_navigation2
[1.864s] Invoking command in '/home/darius/turtlebot3_ws/build/turtlebot3_navigation2': CMAKE_PREFIX_PATH=/opt/ros/humble /usr/bin/cmake --install /home/darius/turtlebot3_ws/build/turtlebot3_navigation2
[1.892s] -- Install configuration: ""
[1.893s] -- Installing: /home/darius/turtlebot3_ws/install/turtlebot3_navigation2/share/turtlebot3_navigation2/launch
[1.893s] -- Installing: /home/darius/turtlebot3_ws/install/turtlebot3_navigation2/share/turtlebot3_navigation2/launch/navigation2.launch.py
[1.893s] -- Installing: /home/darius/turtlebot3_ws/install/turtlebot3_navigation2/share/turtlebot3_navigation2/map
[1.894s] -- Installing: /home/darius/turtlebot3_ws/install/turtlebot3_navigation2/share/turtlebot3_navigation2/map/map.yaml
[1.894s] -- Installing: /home/darius/turtlebot3_ws/install/turtlebot3_navigation2/share/turtlebot3_navigation2/map/map.pgm
[1.895s] -- Installing: /home/darius/turtlebot3_ws/install/turtlebot3_navigation2/share/turtlebot3_navigation2/param
[1.898s] -- Installing: /home/darius/turtlebot3_ws/install/turtlebot3_navigation2/share/turtlebot3_navigation2/param/burger.yaml
[1.899s] -- Installing: /home/darius/turtlebot3_ws/install/turtlebot3_navigation2/share/turtlebot3_navigation2/param/waffle_pi.yaml
[1.899s] -- Installing: /home/darius/turtlebot3_ws/install/turtlebot3_navigation2/share/turtlebot3_navigation2/param/waffle.yaml
[1.899s] -- Installing: /home/darius/turtlebot3_ws/install/turtlebot3_navigation2/share/turtlebot3_navigation2/rviz
[1.899s] -- Installing: /home/darius/turtlebot3_ws/install/turtlebot3_navigation2/share/turtlebot3_navigation2/rviz/tb3_navigation2.rviz
[1.901s] -- Installing: /home/darius/turtlebot3_ws/install/turtlebot3_navigation2/share/ament_index/resource_index/package_run_dependencies/turtlebot3_navigation2
[1.902s] -- Installing: /home/darius/turtlebot3_ws/install/turtlebot3_navigation2/share/ament_index/resource_index/parent_prefix_path/turtlebot3_navigation2
[1.903s] -- Installing: /home/darius/turtlebot3_ws/install/turtlebot3_navigation2/share/turtlebot3_navigation2/environment/ament_prefix_path.sh
[1.904s] -- Installing: /home/darius/turtlebot3_ws/install/turtlebot3_navigation2/share/turtlebot3_navigation2/environment/ament_prefix_path.dsv
[1.905s] -- Installing: /home/darius/turtlebot3_ws/install/turtlebot3_navigation2/share/turtlebot3_navigation2/environment/path.sh
[1.906s] -- Installing: /home/darius/turtlebot3_ws/install/turtlebot3_navigation2/share/turtlebot3_navigation2/environment/path.dsv
[1.907s] -- Installing: /home/darius/turtlebot3_ws/install/turtlebot3_navigation2/share/turtlebot3_navigation2/local_setup.bash
[1.909s] -- Installing: /home/darius/turtlebot3_ws/install/turtlebot3_navigation2/share/turtlebot3_navigation2/local_setup.sh
[1.916s] -- Installing: /home/darius/turtlebot3_ws/install/turtlebot3_navigation2/share/turtlebot3_navigation2/local_setup.zsh
[1.916s] -- Installing: /home/darius/turtlebot3_ws/install/turtlebot3_navigation2/share/turtlebot3_navigation2/local_setup.dsv
[1.916s] -- Installing: /home/darius/turtlebot3_ws/install/turtlebot3_navigation2/share/turtlebot3_navigation2/package.dsv
[1.917s] -- Installing: /home/darius/turtlebot3_ws/install/turtlebot3_navigation2/share/ament_index/resource_index/packages/turtlebot3_navigation2
[1.917s] -- Installing: /home/darius/turtlebot3_ws/install/turtlebot3_navigation2/share/turtlebot3_navigation2/cmake/turtlebot3_navigation2Config.cmake
[1.917s] -- Installing: /home/darius/turtlebot3_ws/install/turtlebot3_navigation2/share/turtlebot3_navigation2/cmake/turtlebot3_navigation2Config-version.cmake
[1.917s] -- Installing: /home/darius/turtlebot3_ws/install/turtlebot3_navigation2/share/turtlebot3_navigation2/package.xml
[1.921s] Invoked command in '/home/darius/turtlebot3_ws/build/turtlebot3_navigation2' returned '0': CMAKE_PREFIX_PATH=/opt/ros/humble /usr/bin/cmake --install /home/darius/turtlebot3_ws/build/turtlebot3_navigation2
