[0.049s] Invoking command in '/home/darius/turtlebot3_ws/build/turtlebot3_gazebo': CMAKE_PREFIX_PATH=${CMAKE_PREFIX_PATH}:/home/darius/turtlebot3_ws/install/turtlebot3_teleop:/home/darius/turtlebot3_ws/install/turtlebot3_example:/home/darius/turtlebot3_ws/install/my_simulation:/home/darius/turtlebot3_ws/install/Autobot_Ver1:/opt/ros/humble /usr/bin/cmake /home/darius/turtlebot3_ws/src/turtlebot3_simulations/turtlebot3_gazebo -DCMAKE_INSTALL_PREFIX=/home/darius/turtlebot3_ws/install/turtlebot3_gazebo
[0.205s] -- The C compiler identification is GNU 11.4.0
[0.345s] -- The CXX compiler identification is GNU 11.4.0
[0.360s] -- Detecting C compiler ABI info
[0.528s] -- Detecting C compiler ABI info - done
[0.545s] -- Check for working C compiler: /usr/bin/cc - skipped
[0.546s] -- Detecting C compile features
[0.546s] -- Detecting C compile features - done
[0.549s] -- Detecting CXX compiler ABI info
[0.762s] -- Detecting CXX compiler ABI info - done
[0.779s] -- Check for working CXX compiler: /usr/bin/c++ - skipped
[0.779s] -- Detecting CXX compile features
[0.780s] -- Detecting CXX compile features - done
[0.785s] -- Found ament_cmake: 1.3.11 (/opt/ros/humble/share/ament_cmake/cmake)
[1.162s] -- Found Python3: /usr/bin/python3 (found version "3.10.12") found components: Interpreter 
[1.464s] [33mCMake Warning (dev) at /usr/share/cmake-3.22/Modules/FindPackageHandleStandardArgs.cmake:438 (message):
[1.465s]   The package name passed to `find_package_handle_standard_args` (PkgConfig)
[1.465s]   does not match the name of the calling package (gazebo).  This can lead to
[1.465s]   problems in calling code that expects `find_package` result variables
[1.465s]   (e.g., `_FOUND`) to follow a certain pattern.
[1.465s] Call Stack (most recent call first):
[1.465s]   /usr/share/cmake-3.22/Modules/FindPkgConfig.cmake:99 (find_package_handle_standard_args)
[1.465s]   /usr/lib/x86_64-linux-gnu/cmake/gazebo/gazebo-config.cmake:72 (include)
[1.466s]   CMakeLists.txt:23 (find_package)
[1.466s] This warning is for project developers.  Use -Wno-dev to suppress it.
[1.466s] [0m
[1.466s] -- Found PkgConfig: /usr/bin/pkg-config (found version "0.29.2") 
[1.473s] -- Checking for module 'bullet>=2.82'
[1.512s] --   Found bullet, version 3.05
[1.842s] -- Found fcl: /usr/include (found suitable version "0.7.0", minimum required is "0.5.0") 
[2.047s] -- Found assimp: /usr/include (found version "5.2.0") 
[2.190s] -- Found DART: /usr/include (Required is at least version "6.6") found components: dart 
[3.162s] -- Found Boost: /usr/lib/x86_64-linux-gnu/cmake/Boost-1.74.0/BoostConfig.cmake (found suitable version "1.74.0", minimum required is "1.40.0") found components: thread system filesystem program_options regex iostreams date_time 
[3.227s] -- Found Protobuf: /usr/lib/x86_64-linux-gnu/libprotobuf.so (found version "3.12.4") 
[3.244s] -- Looking for ignition-math6 -- found version 6.15.1
[3.267s] -- Searching for dependencies of ignition-math6
[3.272s] -- Looking for OGRE...
[3.273s] -- OGRE_PREFIX_WATCH changed.
[3.285s] -- Checking for module 'OGRE'
[3.325s] --   Found OGRE, version 1.9.0
[3.411s] -- Found Ogre Ghadamon (1.9.0)
[3.444s] -- Found OGRE: optimized;/usr/lib/x86_64-linux-gnu/libOgreMain.so;debug;/usr/lib/x86_64-linux-gnu/libOgreMain.so
[3.460s] -- Looking for OGRE_Paging...
[3.478s] -- Found OGRE_Paging: optimized;/usr/lib/x86_64-linux-gnu/libOgrePaging.so;debug;/usr/lib/x86_64-linux-gnu/libOgrePaging.so
[3.479s] -- Looking for OGRE_Terrain...
[3.498s] -- Found OGRE_Terrain: optimized;/usr/lib/x86_64-linux-gnu/libOgreTerrain.so;debug;/usr/lib/x86_64-linux-gnu/libOgreTerrain.so
[3.500s] -- Looking for OGRE_Property...
[3.521s] -- Found OGRE_Property: optimized;/usr/lib/x86_64-linux-gnu/libOgreProperty.so;debug;/usr/lib/x86_64-linux-gnu/libOgreProperty.so
[3.521s] -- Looking for OGRE_RTShaderSystem...
[3.544s] -- Found OGRE_RTShaderSystem: optimized;/usr/lib/x86_64-linux-gnu/libOgreRTShaderSystem.so;debug;/usr/lib/x86_64-linux-gnu/libOgreRTShaderSystem.so
[3.544s] -- Looking for OGRE_Volume...
[3.567s] -- Found OGRE_Volume: optimized;/usr/lib/x86_64-linux-gnu/libOgreVolume.so;debug;/usr/lib/x86_64-linux-gnu/libOgreVolume.so
[3.567s] -- Looking for OGRE_Overlay...
[3.583s] -- Found OGRE_Overlay: optimized;/usr/lib/x86_64-linux-gnu/libOgreOverlay.so;debug;/usr/lib/x86_64-linux-gnu/libOgreOverlay.so
[3.977s] -- Looking for ignition-math6 -- found version 6.15.1
[3.984s] -- Looking for ignition-transport8 -- found version 8.2.1
[3.985s] -- Searching for dependencies of ignition-transport8
[4.024s] -- Found Protobuf: /usr/lib/x86_64-linux-gnu/libprotobuf.so (found suitable version "3.12.4", minimum required is "3") 
[4.049s] -- Config-file not installed for ZeroMQ -- checking for pkg-config
[4.062s] -- Checking for module 'libzmq >= 4'
[4.094s] --   Found libzmq , version 4.3.4
[4.181s] -- Found ZeroMQ: TRUE (Required is at least version "4") 
[4.192s] -- Checking for module 'uuid'
[4.227s] --   Found uuid, version 2.37.2
[4.306s] -- Found UUID: TRUE  
[4.312s] -- Looking for ignition-msgs5 -- found version 5.8.1
[4.312s] -- Searching for dependencies of ignition-msgs5
[4.352s] -- Looking for ignition-math6 -- found version 6.15.1
[4.367s] -- Checking for module 'tinyxml2'
[4.402s] --   Found tinyxml2, version 9.0.0
[4.506s] -- Looking for ignition-msgs5 -- found version 5.8.1
[4.516s] -- Looking for ignition-common3 -- found version 3.14.0
[4.517s] -- Searching for dependencies of ignition-common3
[4.518s] -- Looking for dlfcn.h - found
[4.521s] -- Looking for libdl - found
[4.524s] -- Found DL: TRUE  
[4.560s] -- Found tinyobjloader: /usr/lib/x86_64-linux-gnu/cmake/tinyobjloader/tinyobjloader-config.cmake (found version "2.0.0") 
[4.565s] -- Searching for <ignition-common3> component [graphics]
[4.572s] -- Looking for ignition-common3-graphics -- found version 3.14.0
[4.576s] -- Searching for dependencies of ignition-common3-graphics
[4.576s] -- Looking for ignition-math6 -- found version 6.15.1
[4.584s] -- Looking for ignition-fuel_tools4 -- found version 4.4.0
[4.584s] -- Searching for dependencies of ignition-fuel_tools4
[4.786s] -- Found CURL: /usr/lib/x86_64-linux-gnu/libcurl.so (found version "7.81.0")  
[4.807s] -- Checking for module 'jsoncpp'
[4.843s] --   Found jsoncpp, version 1.9.5
[4.933s] -- Found JSONCPP: TRUE  
[4.952s] -- Checking for module 'libzip'
[4.987s] --   Found libzip, version 1.7.3
[5.090s] -- Found ZIP: TRUE  
[5.091s] -- Looking for ignition-common3 -- found version 3.14.0
[5.095s] -- Looking for ignition-math6 -- found version 6.15.1
[5.096s] -- Looking for ignition-msgs5 -- found version 5.8.1
[5.125s] -- Found gazebo_ros_pkgs: 3.7.0 (/opt/ros/humble/share/gazebo_ros_pkgs/cmake)
[5.132s] -- Found geometry_msgs: 4.2.4 (/opt/ros/humble/share/geometry_msgs/cmake)
[5.226s] -- Found rosidl_generator_c: 3.1.6 (/opt/ros/humble/share/rosidl_generator_c/cmake)
[5.243s] -- Found rosidl_adapter: 3.1.6 (/opt/ros/humble/share/rosidl_adapter/cmake)
[5.287s] -- Found rosidl_generator_cpp: 3.1.6 (/opt/ros/humble/share/rosidl_generator_cpp/cmake)
[5.303s] -- Using all available rosidl_typesupport_c: rosidl_typesupport_fastrtps_c;rosidl_typesupport_introspection_c
[5.353s] -- Using all available rosidl_typesupport_cpp: rosidl_typesupport_fastrtps_cpp;rosidl_typesupport_introspection_cpp
[5.502s] -- Found nav_msgs: 4.2.4 (/opt/ros/humble/share/nav_msgs/cmake)
[5.596s] -- Found rclcpp: 16.0.11 (/opt/ros/humble/share/rclcpp/cmake)
[5.844s] -- Found rmw_implementation_cmake: 6.1.2 (/opt/ros/humble/share/rmw_implementation_cmake/cmake)
[5.869s] -- Found rmw_fastrtps_cpp: 6.2.7 (/opt/ros/humble/share/rmw_fastrtps_cpp/cmake)
[6.338s] -- Found OpenSSL: /usr/lib/x86_64-linux-gnu/libcrypto.so (found version "3.0.2")  
[6.416s] -- Found FastRTPS: /opt/ros/humble/include  
[6.553s] -- Using RMW implementation 'rmw_fastrtps_cpp' as default
[6.615s] -- Found Threads: TRUE  
[6.874s] -- Found sensor_msgs: 4.2.4 (/opt/ros/humble/share/sensor_msgs/cmake)
[6.992s] -- Found tf2: 0.25.9 (/opt/ros/humble/share/tf2/cmake)
[7.366s] -- Configuring done
[7.513s] -- Generating done
[7.530s] -- Build files have been written to: /home/darius/turtlebot3_ws/build/turtlebot3_gazebo
[7.570s] Invoked command in '/home/darius/turtlebot3_ws/build/turtlebot3_gazebo' returned '0': CMAKE_PREFIX_PATH=${CMAKE_PREFIX_PATH}:/home/darius/turtlebot3_ws/install/turtlebot3_teleop:/home/darius/turtlebot3_ws/install/turtlebot3_example:/home/darius/turtlebot3_ws/install/my_simulation:/home/darius/turtlebot3_ws/install/Autobot_Ver1:/opt/ros/humble /usr/bin/cmake /home/darius/turtlebot3_ws/src/turtlebot3_simulations/turtlebot3_gazebo -DCMAKE_INSTALL_PREFIX=/home/darius/turtlebot3_ws/install/turtlebot3_gazebo
[7.582s] Invoking command in '/home/darius/turtlebot3_ws/build/turtlebot3_gazebo': CMAKE_PREFIX_PATH=${CMAKE_PREFIX_PATH}:/home/darius/turtlebot3_ws/install/turtlebot3_teleop:/home/darius/turtlebot3_ws/install/turtlebot3_example:/home/darius/turtlebot3_ws/install/my_simulation:/home/darius/turtlebot3_ws/install/Autobot_Ver1:/opt/ros/humble /usr/bin/cmake --build /home/darius/turtlebot3_ws/build/turtlebot3_gazebo -- -j8 -l8
[7.728s] [ 12%] [32mBuilding CXX object CMakeFiles/obstacle1.dir/models/turtlebot3_dqn_world/obstacle_plugin/obstacle1.cc.o[0m
[7.732s] [ 37%] [32mBuilding CXX object CMakeFiles/obstacle2.dir/models/turtlebot3_dqn_world/obstacle_plugin/obstacle2.cc.o[0m
[7.732s] [ 25%] [32mBuilding CXX object CMakeFiles/turtlebot3_drive.dir/src/turtlebot3_drive.cpp.o[0m
[7.757s] [ 50%] [32mBuilding CXX object CMakeFiles/obstacles.dir/models/turtlebot3_dqn_world/obstacle_plugin/obstacles.cc.o[0m
