[0.056s] Invoking command in '/home/darius/turtlebot3_ws/build/turtlebot3_gazebo': CMAKE_PREFIX_PATH=${CMAKE_PREFIX_PATH}:/home/darius/turtlebot3_ws/install/turtlebot3_teleop:/home/darius/turtlebot3_ws/install/turtlebot3_example:/opt/ros/humble /usr/bin/cmake /home/darius/turtlebot3_ws/src/turtlebot3_simulations/turtlebot3_gazebo -DAMENT_CMAKE_SYMLINK_INSTALL=1 -DCMAKE_INSTALL_PREFIX=/home/darius/turtlebot3_ws/install/turtlebot3_gazebo
[0.170s] -- The C compiler identification is GNU 11.4.0
[0.276s] -- The CXX compiler identification is GNU 11.4.0
[0.290s] -- Detecting C compiler ABI info
[0.410s] -- Detecting C compiler ABI info - done
[0.423s] -- Check for working C compiler: /usr/bin/cc - skipped
[0.423s] -- Detecting C compile features
[0.424s] -- Detecting C compile features - done
[0.429s] -- Detecting CXX compiler ABI info
[0.584s] -- Detecting CXX compiler ABI info - done
[0.612s] -- Check for working CXX compiler: /usr/bin/c++ - skipped
[0.613s] -- Detecting CXX compile features
[0.613s] -- Detecting CXX compile features - done
[0.616s] -- Found ament_cmake: 1.3.11 (/opt/ros/humble/share/ament_cmake/cmake)
[0.868s] -- Found Python3: /usr/bin/python3 (found version "3.10.12") found components: Interpreter 
[0.969s] -- Override CMake install command with custom implementation using symlinks instead of copying resources
[1.073s] [33mCMake Warning (dev) at /usr/share/cmake-3.22/Modules/FindPackageHandleStandardArgs.cmake:438 (message):
[1.073s]   The package name passed to `find_package_handle_standard_args` (PkgConfig)
[1.073s]   does not match the name of the calling package (gazebo).  This can lead to
[1.074s]   problems in calling code that expects `find_package` result variables
[1.074s]   (e.g., `_FOUND`) to follow a certain pattern.
[1.074s] Call Stack (most recent call first):
[1.074s]   /usr/share/cmake-3.22/Modules/FindPkgConfig.cmake:99 (find_package_handle_standard_args)
[1.074s]   /usr/lib/x86_64-linux-gnu/cmake/gazebo/gazebo-config.cmake:72 (include)
[1.074s]   CMakeLists.txt:23 (find_package)
[1.074s] This warning is for project developers.  Use -Wno-dev to suppress it.
[1.074s] [0m
[1.074s] -- Found PkgConfig: /usr/bin/pkg-config (found version "0.29.2") 
[1.080s] -- Checking for module 'bullet>=2.82'
[1.106s] --   Found bullet, version 3.05
[1.360s] -- Found fcl: /usr/include (found suitable version "0.7.0", minimum required is "0.5.0") 
[1.480s] -- Found assimp: /usr/include (found version "5.2.0") 
[1.545s] -- Found DART: /usr/include (Required is at least version "6.6") found components: dart 
[1.901s] -- Found Boost: /usr/lib/x86_64-linux-gnu/cmake/Boost-1.74.0/BoostConfig.cmake (found suitable version "1.74.0", minimum required is "1.40.0") found components: thread system filesystem program_options regex iostreams date_time 
[1.948s] -- Found Protobuf: /usr/lib/x86_64-linux-gnu/libprotobuf.so (found version "3.12.4") 
[1.963s] -- Looking for ignition-math6 -- found version 6.15.1
[1.986s] -- Searching for dependencies of ignition-math6
[1.990s] -- Looking for OGRE...
[1.991s] -- OGRE_PREFIX_WATCH changed.
[2.001s] -- Checking for module 'OGRE'
[2.034s] --   Found OGRE, version 1.9.0
[2.110s] -- Found Ogre Ghadamon (1.9.0)
[2.133s] -- Found OGRE: optimized;/usr/lib/x86_64-linux-gnu/libOgreMain.so;debug;/usr/lib/x86_64-linux-gnu/libOgreMain.so
[2.147s] -- Looking for OGRE_Paging...
[2.163s] -- Found OGRE_Paging: optimized;/usr/lib/x86_64-linux-gnu/libOgrePaging.so;debug;/usr/lib/x86_64-linux-gnu/libOgrePaging.so
[2.163s] -- Looking for OGRE_Terrain...
[2.179s] -- Found OGRE_Terrain: optimized;/usr/lib/x86_64-linux-gnu/libOgreTerrain.so;debug;/usr/lib/x86_64-linux-gnu/libOgreTerrain.so
[2.179s] -- Looking for OGRE_Property...
[2.194s] -- Found OGRE_Property: optimized;/usr/lib/x86_64-linux-gnu/libOgreProperty.so;debug;/usr/lib/x86_64-linux-gnu/libOgreProperty.so
[2.194s] -- Looking for OGRE_RTShaderSystem...
[2.209s] -- Found OGRE_RTShaderSystem: optimized;/usr/lib/x86_64-linux-gnu/libOgreRTShaderSystem.so;debug;/usr/lib/x86_64-linux-gnu/libOgreRTShaderSystem.so
[2.209s] -- Looking for OGRE_Volume...
[2.223s] -- Found OGRE_Volume: optimized;/usr/lib/x86_64-linux-gnu/libOgreVolume.so;debug;/usr/lib/x86_64-linux-gnu/libOgreVolume.so
[2.223s] -- Looking for OGRE_Overlay...
[2.238s] -- Found OGRE_Overlay: optimized;/usr/lib/x86_64-linux-gnu/libOgreOverlay.so;debug;/usr/lib/x86_64-linux-gnu/libOgreOverlay.so
[2.529s] -- Looking for ignition-math6 -- found version 6.15.1
[2.535s] -- Looking for ignition-transport8 -- found version 8.2.1
[2.536s] -- Searching for dependencies of ignition-transport8
[2.570s] -- Found Protobuf: /usr/lib/x86_64-linux-gnu/libprotobuf.so (found suitable version "3.12.4", minimum required is "3") 
[2.590s] -- Config-file not installed for ZeroMQ -- checking for pkg-config
[2.601s] -- Checking for module 'libzmq >= 4'
[2.640s] --   Found libzmq , version 4.3.4
[2.758s] -- Found ZeroMQ: TRUE (Required is at least version "4") 
[2.785s] -- Checking for module 'uuid'
[2.821s] --   Found uuid, version 2.37.2
[2.903s] -- Found UUID: TRUE  
[2.920s] -- Looking for ignition-msgs5 -- found version 5.8.1
[2.921s] -- Searching for dependencies of ignition-msgs5
[2.956s] -- Looking for ignition-math6 -- found version 6.15.1
[2.968s] -- Checking for module 'tinyxml2'
[3.000s] --   Found tinyxml2, version 9.0.0
[3.089s] -- Looking for ignition-msgs5 -- found version 5.8.1
[3.101s] -- Looking for ignition-common3 -- found version 3.14.0
[3.103s] -- Searching for dependencies of ignition-common3
[3.104s] -- Looking for dlfcn.h - found
[3.106s] -- Looking for libdl - found
[3.109s] -- Found DL: TRUE  
[3.133s] -- Found tinyobjloader: /usr/lib/x86_64-linux-gnu/cmake/tinyobjloader/tinyobjloader-config.cmake (found version "2.0.0") 
[3.135s] -- Searching for <ignition-common3> component [graphics]
[3.140s] -- Looking for ignition-common3-graphics -- found version 3.14.0
[3.141s] -- Searching for dependencies of ignition-common3-graphics
[3.141s] -- Looking for ignition-math6 -- found version 6.15.1
[3.150s] -- Looking for ignition-fuel_tools4 -- found version 4.4.0
[3.150s] -- Searching for dependencies of ignition-fuel_tools4
[3.317s] -- Found CURL: /usr/lib/x86_64-linux-gnu/libcurl.so (found version "7.81.0")  
[3.337s] -- Checking for module 'jsoncpp'
[3.368s] --   Found jsoncpp, version 1.9.5
[3.443s] -- Found JSONCPP: TRUE  
[3.462s] -- Checking for module 'libzip'
[3.504s] --   Found libzip, version 1.7.3
[3.584s] -- Found ZIP: TRUE  
[3.586s] -- Looking for ignition-common3 -- found version 3.14.0
[3.587s] -- Looking for ignition-math6 -- found version 6.15.1
[3.588s] -- Looking for ignition-msgs5 -- found version 5.8.1
[3.612s] -- Found gazebo_ros_pkgs: 3.7.0 (/opt/ros/humble/share/gazebo_ros_pkgs/cmake)
[3.617s] -- Found geometry_msgs: 4.2.4 (/opt/ros/humble/share/geometry_msgs/cmake)
[3.674s] -- Found rosidl_generator_c: 3.1.6 (/opt/ros/humble/share/rosidl_generator_c/cmake)
[3.685s] -- Found rosidl_adapter: 3.1.6 (/opt/ros/humble/share/rosidl_adapter/cmake)
[3.699s] -- Found rosidl_generator_cpp: 3.1.6 (/opt/ros/humble/share/rosidl_generator_cpp/cmake)
[3.720s] -- Using all available rosidl_typesupport_c: rosidl_typesupport_fastrtps_c;rosidl_typesupport_introspection_c
[3.749s] -- Using all available rosidl_typesupport_cpp: rosidl_typesupport_fastrtps_cpp;rosidl_typesupport_introspection_cpp
[3.810s] -- Found nav_msgs: 4.2.4 (/opt/ros/humble/share/nav_msgs/cmake)
[3.833s] -- Found rclcpp: 16.0.11 (/opt/ros/humble/share/rclcpp/cmake)
[3.894s] -- Found rmw_implementation_cmake: 6.1.2 (/opt/ros/humble/share/rmw_implementation_cmake/cmake)
[3.900s] -- Found rmw_fastrtps_cpp: 6.2.7 (/opt/ros/humble/share/rmw_fastrtps_cpp/cmake)
[4.098s] -- Found OpenSSL: /usr/lib/x86_64-linux-gnu/libcrypto.so (found version "3.0.2")  
[4.147s] -- Found FastRTPS: /opt/ros/humble/include  
[4.217s] -- Using RMW implementation 'rmw_fastrtps_cpp' as default
[4.234s] -- Found Threads: TRUE  
[4.289s] -- Found sensor_msgs: 4.2.4 (/opt/ros/humble/share/sensor_msgs/cmake)
[4.314s] -- Found tf2: 0.25.9 (/opt/ros/humble/share/tf2/cmake)
[4.430s] -- Configuring done
[4.495s] -- Generating done
[4.505s] -- Build files have been written to: /home/darius/turtlebot3_ws/build/turtlebot3_gazebo
[4.522s] Invoked command in '/home/darius/turtlebot3_ws/build/turtlebot3_gazebo' returned '0': CMAKE_PREFIX_PATH=${CMAKE_PREFIX_PATH}:/home/darius/turtlebot3_ws/install/turtlebot3_teleop:/home/darius/turtlebot3_ws/install/turtlebot3_example:/opt/ros/humble /usr/bin/cmake /home/darius/turtlebot3_ws/src/turtlebot3_simulations/turtlebot3_gazebo -DAMENT_CMAKE_SYMLINK_INSTALL=1 -DCMAKE_INSTALL_PREFIX=/home/darius/turtlebot3_ws/install/turtlebot3_gazebo
[4.526s] Invoking command in '/home/darius/turtlebot3_ws/build/turtlebot3_gazebo': CMAKE_PREFIX_PATH=${CMAKE_PREFIX_PATH}:/home/darius/turtlebot3_ws/install/turtlebot3_teleop:/home/darius/turtlebot3_ws/install/turtlebot3_example:/opt/ros/humble /usr/bin/cmake --build /home/darius/turtlebot3_ws/build/turtlebot3_gazebo
[4.624s] [ 12%] [32mBuilding CXX object CMakeFiles/turtlebot3_drive.dir/src/turtlebot3_drive.cpp.o[0m
[18.905s] [ 25%] [32m[1mLinking CXX executable turtlebot3_drive[0m
[19.718s] [ 25%] Built target turtlebot3_drive
[19.766s] [ 37%] [32mBuilding CXX object CMakeFiles/obstacle1.dir/models/turtlebot3_dqn_world/obstacle_plugin/obstacle1.cc.o[0m
[33.172s] [ 50%] [32m[1mLinking CXX shared library libobstacle1.so[0m
[33.530s] [ 50%] Built target obstacle1
[33.577s] [ 62%] [32mBuilding CXX object CMakeFiles/obstacle2.dir/models/turtlebot3_dqn_world/obstacle_plugin/obstacle2.cc.o[0m
[46.268s] [ 75%] [32m[1mLinking CXX shared library libobstacle2.so[0m
[46.590s] [ 75%] Built target obstacle2
[46.633s] [ 87%] [32mBuilding CXX object CMakeFiles/obstacles.dir/models/turtlebot3_dqn_world/obstacle_plugin/obstacles.cc.o[0m
[59.421s] [100%] [32m[1mLinking CXX shared library libobstacles.so[0m
[59.759s] [100%] Built target obstacles
[59.779s] Invoked command in '/home/darius/turtlebot3_ws/build/turtlebot3_gazebo' returned '0': CMAKE_PREFIX_PATH=${CMAKE_PREFIX_PATH}:/home/darius/turtlebot3_ws/install/turtlebot3_teleop:/home/darius/turtlebot3_ws/install/turtlebot3_example:/opt/ros/humble /usr/bin/cmake --build /home/darius/turtlebot3_ws/build/turtlebot3_gazebo
[59.783s] Invoking command in '/home/darius/turtlebot3_ws/build/turtlebot3_gazebo': CMAKE_PREFIX_PATH=${CMAKE_PREFIX_PATH}:/home/darius/turtlebot3_ws/install/turtlebot3_teleop:/home/darius/turtlebot3_ws/install/turtlebot3_example:/opt/ros/humble /usr/bin/cmake --install /home/darius/turtlebot3_ws/build/turtlebot3_gazebo
[59.793s] -- Install configuration: ""
[59.794s] -- Execute custom install script
[59.794s] -- Symlinking: /home/darius/turtlebot3_ws/install/turtlebot3_gazebo/lib/turtlebot3_gazebo/turtlebot3_drive
[59.819s] -- Symlinking: /home/darius/turtlebot3_ws/install/turtlebot3_gazebo/share/turtlebot3_gazebo//launch/empty_world.launch.py
[59.832s] -- Symlinking: /home/darius/turtlebot3_ws/install/turtlebot3_gazebo/share/turtlebot3_gazebo//launch/robot_state_publisher.launch.py
[59.846s] -- Symlinking: /home/darius/turtlebot3_ws/install/turtlebot3_gazebo/share/turtlebot3_gazebo//launch/spawn_turtlebot3.launch.py
[59.859s] -- Symlinking: /home/darius/turtlebot3_ws/install/turtlebot3_gazebo/share/turtlebot3_gazebo//launch/turtlebot3_dqn_stage1.launch.py
[59.873s] -- Symlinking: /home/darius/turtlebot3_ws/install/turtlebot3_gazebo/share/turtlebot3_gazebo//launch/turtlebot3_dqn_stage2.launch.py
[59.886s] -- Symlinking: /home/darius/turtlebot3_ws/install/turtlebot3_gazebo/share/turtlebot3_gazebo//launch/turtlebot3_dqn_stage3.launch.py
[59.902s] -- Symlinking: /home/darius/turtlebot3_ws/install/turtlebot3_gazebo/share/turtlebot3_gazebo//launch/turtlebot3_dqn_stage4.launch.py
[59.915s] -- Symlinking: /home/darius/turtlebot3_ws/install/turtlebot3_gazebo/share/turtlebot3_gazebo//launch/turtlebot3_house.launch.py
[59.929s] -- Symlinking: /home/darius/turtlebot3_ws/install/turtlebot3_gazebo/share/turtlebot3_gazebo//launch/turtlebot3_world.launch.py
[59.944s] -- Symlinking: /home/darius/turtlebot3_ws/install/turtlebot3_gazebo/share/turtlebot3_gazebo//models/turtlebot3_burger/model-1_4.sdf
[59.958s] -- Symlinking: /home/darius/turtlebot3_ws/install/turtlebot3_gazebo/share/turtlebot3_gazebo//models/turtlebot3_burger/model.config
[59.972s] -- Symlinking: /home/darius/turtlebot3_ws/install/turtlebot3_gazebo/share/turtlebot3_gazebo//models/turtlebot3_burger/model.sdf
[59.986s] -- Symlinking: /home/darius/turtlebot3_ws/install/turtlebot3_gazebo/share/turtlebot3_gazebo//models/turtlebot3_common/meshes/burger_base.dae
[59.999s] -- Symlinking: /home/darius/turtlebot3_ws/install/turtlebot3_gazebo/share/turtlebot3_gazebo//models/turtlebot3_common/meshes/lds.dae
[60.022s] -- Symlinking: /home/darius/turtlebot3_ws/install/turtlebot3_gazebo/share/turtlebot3_gazebo//models/turtlebot3_common/meshes/r200.dae
[60.037s] -- Symlinking: /home/darius/turtlebot3_ws/install/turtlebot3_gazebo/share/turtlebot3_gazebo//models/turtlebot3_common/meshes/tire.dae
[60.050s] -- Symlinking: /home/darius/turtlebot3_ws/install/turtlebot3_gazebo/share/turtlebot3_gazebo//models/turtlebot3_common/meshes/waffle_base.dae
[60.073s] -- Symlinking: /home/darius/turtlebot3_ws/install/turtlebot3_gazebo/share/turtlebot3_gazebo//models/turtlebot3_common/meshes/waffle_pi_base.dae
[60.090s] -- Symlinking: /home/darius/turtlebot3_ws/install/turtlebot3_gazebo/share/turtlebot3_gazebo//models/turtlebot3_common/model.config
[60.103s] -- Symlinking: /home/darius/turtlebot3_ws/install/turtlebot3_gazebo/share/turtlebot3_gazebo//models/turtlebot3_dqn_world/goal_box/model.config
[60.116s] -- Symlinking: /home/darius/turtlebot3_ws/install/turtlebot3_gazebo/share/turtlebot3_gazebo//models/turtlebot3_dqn_world/goal_box/model.sdf
[60.139s] -- Symlinking: /home/darius/turtlebot3_ws/install/turtlebot3_gazebo/share/turtlebot3_gazebo//models/turtlebot3_dqn_world/inner_walls/model.config
[60.152s] -- Symlinking: /home/darius/turtlebot3_ws/install/turtlebot3_gazebo/share/turtlebot3_gazebo//models/turtlebot3_dqn_world/inner_walls/model.sdf
[60.167s] -- Symlinking: /home/darius/turtlebot3_ws/install/turtlebot3_gazebo/share/turtlebot3_gazebo//models/turtlebot3_dqn_world/model.config
[60.184s] -- Symlinking: /home/darius/turtlebot3_ws/install/turtlebot3_gazebo/share/turtlebot3_gazebo//models/turtlebot3_dqn_world/model.sdf
[60.198s] -- Symlinking: /home/darius/turtlebot3_ws/install/turtlebot3_gazebo/share/turtlebot3_gazebo//models/turtlebot3_dqn_world/obstacle1/model.config
[60.211s] -- Symlinking: /home/darius/turtlebot3_ws/install/turtlebot3_gazebo/share/turtlebot3_gazebo//models/turtlebot3_dqn_world/obstacle1/model.sdf
[60.224s] -- Symlinking: /home/darius/turtlebot3_ws/install/turtlebot3_gazebo/share/turtlebot3_gazebo//models/turtlebot3_dqn_world/obstacle2/model.config
[60.237s] -- Symlinking: /home/darius/turtlebot3_ws/install/turtlebot3_gazebo/share/turtlebot3_gazebo//models/turtlebot3_dqn_world/obstacle2/model.sdf
[60.251s] -- Symlinking: /home/darius/turtlebot3_ws/install/turtlebot3_gazebo/share/turtlebot3_gazebo//models/turtlebot3_dqn_world/obstacle_plugin/CMakeLists.txt
[60.264s] -- Symlinking: /home/darius/turtlebot3_ws/install/turtlebot3_gazebo/share/turtlebot3_gazebo//models/turtlebot3_dqn_world/obstacle_plugin/obstacle1.cc
[60.278s] -- Symlinking: /home/darius/turtlebot3_ws/install/turtlebot3_gazebo/share/turtlebot3_gazebo//models/turtlebot3_dqn_world/obstacle_plugin/obstacle2.cc
[60.291s] -- Symlinking: /home/darius/turtlebot3_ws/install/turtlebot3_gazebo/share/turtlebot3_gazebo//models/turtlebot3_dqn_world/obstacle_plugin/obstacles.cc
[60.304s] -- Symlinking: /home/darius/turtlebot3_ws/install/turtlebot3_gazebo/share/turtlebot3_gazebo//models/turtlebot3_dqn_world/obstacles/model.config
[60.317s] -- Symlinking: /home/darius/turtlebot3_ws/install/turtlebot3_gazebo/share/turtlebot3_gazebo//models/turtlebot3_dqn_world/obstacles/model.sdf
[60.331s] -- Symlinking: /home/darius/turtlebot3_ws/install/turtlebot3_gazebo/share/turtlebot3_gazebo//models/turtlebot3_house/model.config
[60.346s] -- Symlinking: /home/darius/turtlebot3_ws/install/turtlebot3_gazebo/share/turtlebot3_gazebo//models/turtlebot3_house/model.sdf
[60.359s] -- Symlinking: /home/darius/turtlebot3_ws/install/turtlebot3_gazebo/share/turtlebot3_gazebo//models/turtlebot3_waffle/model-1_4.sdf
[60.373s] -- Symlinking: /home/darius/turtlebot3_ws/install/turtlebot3_gazebo/share/turtlebot3_gazebo//models/turtlebot3_waffle/model.config
[60.386s] -- Symlinking: /home/darius/turtlebot3_ws/install/turtlebot3_gazebo/share/turtlebot3_gazebo//models/turtlebot3_waffle/model.sdf
[60.400s] -- Symlinking: /home/darius/turtlebot3_ws/install/turtlebot3_gazebo/share/turtlebot3_gazebo//models/turtlebot3_waffle_pi/model-1_4_.sdf
[60.414s] -- Symlinking: /home/darius/turtlebot3_ws/install/turtlebot3_gazebo/share/turtlebot3_gazebo//models/turtlebot3_waffle_pi/model.config
[60.427s] -- Symlinking: /home/darius/turtlebot3_ws/install/turtlebot3_gazebo/share/turtlebot3_gazebo//models/turtlebot3_waffle_pi/model.sdf
[60.441s] -- Symlinking: /home/darius/turtlebot3_ws/install/turtlebot3_gazebo/share/turtlebot3_gazebo//models/turtlebot3_world/meshes/hexagon.dae
[60.454s] -- Symlinking: /home/darius/turtlebot3_ws/install/turtlebot3_gazebo/share/turtlebot3_gazebo//models/turtlebot3_world/meshes/wall.dae
[60.467s] -- Symlinking: /home/darius/turtlebot3_ws/install/turtlebot3_gazebo/share/turtlebot3_gazebo//models/turtlebot3_world/model-1_4.sdf
[60.492s] -- Symlinking: /home/darius/turtlebot3_ws/install/turtlebot3_gazebo/share/turtlebot3_gazebo//models/turtlebot3_world/model.config
[60.505s] -- Symlinking: /home/darius/turtlebot3_ws/install/turtlebot3_gazebo/share/turtlebot3_gazebo//models/turtlebot3_world/model.sdf
[60.519s] -- Symlinking: /home/darius/turtlebot3_ws/install/turtlebot3_gazebo/share/turtlebot3_gazebo//rviz/tb3_gazebo.rviz
[60.533s] -- Symlinking: /home/darius/turtlebot3_ws/install/turtlebot3_gazebo/share/turtlebot3_gazebo//urdf/common_properties.urdf
[60.557s] -- Symlinking: /home/darius/turtlebot3_ws/install/turtlebot3_gazebo/share/turtlebot3_gazebo//urdf/turtlebot3_burger.urdf
[60.581s] -- Symlinking: /home/darius/turtlebot3_ws/install/turtlebot3_gazebo/share/turtlebot3_gazebo//urdf/turtlebot3_waffle.urdf
[60.594s] -- Symlinking: /home/darius/turtlebot3_ws/install/turtlebot3_gazebo/share/turtlebot3_gazebo//urdf/turtlebot3_waffle_pi.urdf
[60.608s] -- Symlinking: /home/darius/turtlebot3_ws/install/turtlebot3_gazebo/share/turtlebot3_gazebo//worlds/empty_world.world
[60.622s] -- Symlinking: /home/darius/turtlebot3_ws/install/turtlebot3_gazebo/share/turtlebot3_gazebo//worlds/turtlebot3_dqn_stage1.world
[60.635s] -- Symlinking: /home/darius/turtlebot3_ws/install/turtlebot3_gazebo/share/turtlebot3_gazebo//worlds/turtlebot3_dqn_stage2.world
[60.649s] -- Symlinking: /home/darius/turtlebot3_ws/install/turtlebot3_gazebo/share/turtlebot3_gazebo//worlds/turtlebot3_dqn_stage3.world
[60.663s] -- Symlinking: /home/darius/turtlebot3_ws/install/turtlebot3_gazebo/share/turtlebot3_gazebo//worlds/turtlebot3_dqn_stage4.world
[60.676s] -- Symlinking: /home/darius/turtlebot3_ws/install/turtlebot3_gazebo/share/turtlebot3_gazebo//worlds/turtlebot3_house.world
[60.689s] -- Symlinking: /home/darius/turtlebot3_ws/install/turtlebot3_gazebo/share/turtlebot3_gazebo//worlds/turtlebot3_world.world
[60.703s] -- Symlinking: /home/darius/turtlebot3_ws/install/turtlebot3_gazebo/include//turtlebot3_gazebo/turtlebot3_drive.hpp
[60.717s] -- Symlinking: /home/darius/turtlebot3_ws/install/turtlebot3_gazebo/share/ament_index/resource_index/package_run_dependencies/turtlebot3_gazebo
[60.731s] -- Symlinking: /home/darius/turtlebot3_ws/install/turtlebot3_gazebo/share/ament_index/resource_index/parent_prefix_path/turtlebot3_gazebo
[60.745s] -- Symlinking: /home/darius/turtlebot3_ws/install/turtlebot3_gazebo/share/turtlebot3_gazebo/environment/ament_prefix_path.sh
[60.758s] -- Symlinking: /home/darius/turtlebot3_ws/install/turtlebot3_gazebo/share/turtlebot3_gazebo/environment/ament_prefix_path.dsv
[60.772s] -- Symlinking: /home/darius/turtlebot3_ws/install/turtlebot3_gazebo/share/turtlebot3_gazebo/environment/path.sh
[60.785s] -- Symlinking: /home/darius/turtlebot3_ws/install/turtlebot3_gazebo/share/turtlebot3_gazebo/environment/path.dsv
[60.799s] -- Symlinking: /home/darius/turtlebot3_ws/install/turtlebot3_gazebo/share/turtlebot3_gazebo/local_setup.bash
[60.813s] -- Symlinking: /home/darius/turtlebot3_ws/install/turtlebot3_gazebo/share/turtlebot3_gazebo/local_setup.sh
[60.826s] -- Symlinking: /home/darius/turtlebot3_ws/install/turtlebot3_gazebo/share/turtlebot3_gazebo/local_setup.zsh
[60.851s] -- Symlinking: /home/darius/turtlebot3_ws/install/turtlebot3_gazebo/share/turtlebot3_gazebo/local_setup.dsv
[60.865s] -- Symlinking: /home/darius/turtlebot3_ws/install/turtlebot3_gazebo/share/turtlebot3_gazebo/package.dsv
[60.879s] -- Symlinking: /home/darius/turtlebot3_ws/install/turtlebot3_gazebo/share/ament_index/resource_index/packages/turtlebot3_gazebo
[60.893s] -- Symlinking: /home/darius/turtlebot3_ws/install/turtlebot3_gazebo/share/turtlebot3_gazebo/cmake/ament_cmake_export_include_directories-extras.cmake
[60.906s] -- Symlinking: /home/darius/turtlebot3_ws/install/turtlebot3_gazebo/share/turtlebot3_gazebo/cmake/ament_cmake_export_dependencies-extras.cmake
[60.920s] -- Symlinking: /home/darius/turtlebot3_ws/install/turtlebot3_gazebo/share/turtlebot3_gazebo/cmake/turtlebot3_gazeboConfig.cmake
[60.934s] -- Symlinking: /home/darius/turtlebot3_ws/install/turtlebot3_gazebo/share/turtlebot3_gazebo/cmake/turtlebot3_gazeboConfig-version.cmake
[60.947s] -- Symlinking: /home/darius/turtlebot3_ws/install/turtlebot3_gazebo/share/turtlebot3_gazebo/package.xml
[60.976s] Invoked command in '/home/darius/turtlebot3_ws/build/turtlebot3_gazebo' returned '0': CMAKE_PREFIX_PATH=${CMAKE_PREFIX_PATH}:/home/darius/turtlebot3_ws/install/turtlebot3_teleop:/home/darius/turtlebot3_ws/install/turtlebot3_example:/opt/ros/humble /usr/bin/cmake --install /home/darius/turtlebot3_ws/build/turtlebot3_gazebo
