[0.462s] Invoking command in '/home/darius/turtlebot3_ws/build/vrc_heightmap_1': /usr/bin/cmake /home/darius/turtlebot3_ws/src/gazebo_models_worlds_collection/models/vrc_heightmap_1 -DCMAKE_INSTALL_PREFIX=/home/darius/turtlebot3_ws/install/vrc_heightmap_1
[0.479s] [33mCMake Warning (dev) in CMakeLists.txt:
[0.480s]   No project() command is present.  The top-level CMakeLists.txt file must
[0.480s]   contain a literal, direct call to the project() command.  Add a line of
[0.480s]   code such as
[0.481s] 
[0.481s]     project(ProjectName)
[0.481s] 
[0.481s]   near the top of the file, but after cmake_minimum_required().
[0.481s] 
[0.481s]   CMake is pretending there is a "project(Project)" command on the first
[0.482s]   line.
[0.482s] This warning is for project developers.  Use -Wno-dev to suppress it.
[0.482s] [0m
[0.644s] -- The C compiler identification is GNU 11.4.0
[0.821s] -- The CXX compiler identification is GNU 11.4.0
[0.841s] -- Detecting C compiler ABI info
[0.967s] -- Detecting C compiler ABI info - done
[0.987s] -- Check for working C compiler: /usr/bin/cc - skipped
[0.988s] -- Detecting C compile features
[0.989s] -- Detecting C compile features - done
[1.000s] -- Detecting CXX compiler ABI info
[1.235s] -- Detecting CXX compiler ABI info - done
[1.252s] -- Check for working CXX compiler: /usr/bin/c++ - skipped
[1.252s] -- Detecting CXX compile features
[1.252s] -- Detecting CXX compile features - done
[1.253s] -- Configuring done
[1.261s] [33mCMake Warning (dev) in CMakeLists.txt:
[1.263s]   No cmake_minimum_required command is present.  A line of code such as
[1.263s] 
[1.263s]     cmake_minimum_required(VERSION 3.22)
[1.264s] 
[1.264s]   should be added at the top of the file.  The version specified may be lower
[1.264s]   if you wish to support older CMake versions for this project.  For more
[1.264s]   information run "cmake --help-policy CMP0000".
[1.264s] This warning is for project developers.  Use -Wno-dev to suppress it.
[1.265s] [0m
[1.265s] -- Generating done
[1.266s] -- Build files have been written to: /home/darius/turtlebot3_ws/build/vrc_heightmap_1
[1.327s] Invoked command in '/home/darius/turtlebot3_ws/build/vrc_heightmap_1' returned '0': /usr/bin/cmake /home/darius/turtlebot3_ws/src/gazebo_models_worlds_collection/models/vrc_heightmap_1 -DCMAKE_INSTALL_PREFIX=/home/darius/turtlebot3_ws/install/vrc_heightmap_1
[1.328s] Invoking command in '/home/darius/turtlebot3_ws/build/vrc_heightmap_1': /usr/bin/cmake --build /home/darius/turtlebot3_ws/build/vrc_heightmap_1 -- -j8 -l8
[1.409s] Invoked command in '/home/darius/turtlebot3_ws/build/vrc_heightmap_1' returned '0': /usr/bin/cmake --build /home/darius/turtlebot3_ws/build/vrc_heightmap_1 -- -j8 -l8
[1.413s] Invoking command in '/home/darius/turtlebot3_ws/build/vrc_heightmap_1': /usr/bin/cmake --install /home/darius/turtlebot3_ws/build/vrc_heightmap_1
[1.429s] -- Install configuration: ""
[1.429s] -- Installing: /home/darius/turtlebot3_ws/install/vrc_heightmap_1/share/Project/gazebo_models/environments/vrc_heightmap_1/model.config
[1.429s] -- Installing: /home/darius/turtlebot3_ws/install/vrc_heightmap_1/share/Project/gazebo_models/environments/vrc_heightmap_1/model.sdf
[1.430s] -- Installing: /home/darius/turtlebot3_ws/install/vrc_heightmap_1/share/Project/gazebo_models/environments/vrc_heightmap_1/materials/textures/heightmap.png
[1.434s] Invoked command in '/home/darius/turtlebot3_ws/build/vrc_heightmap_1' returned '0': /usr/bin/cmake --install /home/darius/turtlebot3_ws/build/vrc_heightmap_1
