[2.791s] Invoking command in '/home/darius/turtlebot3_ws/src/Autobot_Ver1': PYTHONPATH=/home/darius/turtlebot3_ws/build/Autobot_Ver1/prefix_override:/usr/lib/python3/dist-packages/colcon_core/task/python/colcon_distutils_commands:/home/darius/turtlebot3_ws/install/Autobot_Ver1/lib/python3.10/site-packages:${PYTHONPATH} /usr/bin/python3 -W ignore:setup.py install is deprecated -W ignore:easy_install command is deprecated setup.py egg_info --egg-base ../../build/Autobot_Ver1 build --build-base /home/darius/turtlebot3_ws/build/Autobot_Ver1/build install --record /home/darius/turtlebot3_ws/build/Autobot_Ver1/install.log --single-version-externally-managed install_data
[3.747s] running egg_info
[3.749s] writing ../../build/Autobot_Ver1/Autobot_Ver1.egg-info/PKG-INFO
[3.750s] writing dependency_links to ../../build/Autobot_Ver1/Autobot_Ver1.egg-info/dependency_links.txt
[3.751s] writing entry points to ../../build/Autobot_Ver1/Autobot_Ver1.egg-info/entry_points.txt
[3.752s] writing requirements to ../../build/Autobot_Ver1/Autobot_Ver1.egg-info/requires.txt
[3.752s] writing top-level names to ../../build/Autobot_Ver1/Autobot_Ver1.egg-info/top_level.txt
[3.758s] reading manifest file '../../build/Autobot_Ver1/Autobot_Ver1.egg-info/SOURCES.txt'
[3.762s] writing manifest file '../../build/Autobot_Ver1/Autobot_Ver1.egg-info/SOURCES.txt'
[3.763s] running build
[3.763s] running build_py
[3.764s] copying Autobot_Ver1/Autobot_Ver1.py -> /home/darius/turtlebot3_ws/build/Autobot_Ver1/build/lib/Autobot_Ver1
[3.765s] running install
[3.767s] running install_lib
[3.770s] copying /home/darius/turtlebot3_ws/build/Autobot_Ver1/build/lib/Autobot_Ver1/Autobot_Ver1.py -> /home/darius/turtlebot3_ws/install/Autobot_Ver1/lib/python3.10/site-packages/Autobot_Ver1
[3.775s] byte-compiling /home/darius/turtlebot3_ws/install/Autobot_Ver1/lib/python3.10/site-packages/Autobot_Ver1/Autobot_Ver1.py to Autobot_Ver1.cpython-310.pyc
[3.780s] running install_data
[3.783s] running install_egg_info
[3.791s] removing '/home/darius/turtlebot3_ws/install/Autobot_Ver1/lib/python3.10/site-packages/Autobot_Ver1-0.0.0-py3.10.egg-info' (and everything under it)
[3.791s] Copying ../../build/Autobot_Ver1/Autobot_Ver1.egg-info to /home/darius/turtlebot3_ws/install/Autobot_Ver1/lib/python3.10/site-packages/Autobot_Ver1-0.0.0-py3.10.egg-info
[3.796s] running install_scripts
[3.877s] Installing Autobot_Ver1 script to /home/darius/turtlebot3_ws/install/Autobot_Ver1/lib/Autobot_Ver1
[3.878s] writing list of installed files to '/home/darius/turtlebot3_ws/build/Autobot_Ver1/install.log'
[3.989s] Invoked command in '/home/darius/turtlebot3_ws/src/Autobot_Ver1' returned '0': PYTHONPATH=/home/darius/turtlebot3_ws/build/Autobot_Ver1/prefix_override:/usr/lib/python3/dist-packages/colcon_core/task/python/colcon_distutils_commands:/home/darius/turtlebot3_ws/install/Autobot_Ver1/lib/python3.10/site-packages:${PYTHONPATH} /usr/bin/python3 -W ignore:setup.py install is deprecated -W ignore:easy_install command is deprecated setup.py egg_info --egg-base ../../build/Autobot_Ver1 build --build-base /home/darius/turtlebot3_ws/build/Autobot_Ver1/build install --record /home/darius/turtlebot3_ws/build/Autobot_Ver1/install.log --single-version-externally-managed install_data
