[1.732s] Invoking command in '/home/darius/turtlebot3_ws/src/my_simulation': PYTHONPATH=/home/darius/turtlebot3_ws/build/my_simulation/prefix_override:/usr/lib/python3/dist-packages/colcon_core/task/python/colcon_distutils_commands:/home/darius/turtlebot3_ws/install/my_simulation/lib/python3.10/site-packages:${PYTHONPATH} /usr/bin/python3 -W ignore:setup.py install is deprecated -W ignore:easy_install command is deprecated setup.py egg_info --egg-base ../../build/my_simulation build --build-base /home/darius/turtlebot3_ws/build/my_simulation/build install --record /home/darius/turtlebot3_ws/build/my_simulation/install.log --single-version-externally-managed install_data
[2.263s] running egg_info
[2.264s] writing ../../build/my_simulation/my_simulation.egg-info/PKG-INFO
[2.275s] writing dependency_links to ../../build/my_simulation/my_simulation.egg-info/dependency_links.txt
[2.276s] writing entry points to ../../build/my_simulation/my_simulation.egg-info/entry_points.txt
[2.276s] writing requirements to ../../build/my_simulation/my_simulation.egg-info/requires.txt
[2.277s] writing top-level names to ../../build/my_simulation/my_simulation.egg-info/top_level.txt
[2.280s] reading manifest file '../../build/my_simulation/my_simulation.egg-info/SOURCES.txt'
[2.282s] writing manifest file '../../build/my_simulation/my_simulation.egg-info/SOURCES.txt'
[2.283s] running build
[2.283s] running build_py
[2.283s] running install
[2.284s] running install_lib
[2.287s] running install_data
[2.287s] running install_egg_info
[2.292s] removing '/home/darius/turtlebot3_ws/install/my_simulation/lib/python3.10/site-packages/my_simulation-0.0.0-py3.10.egg-info' (and everything under it)
[2.292s] Copying ../../build/my_simulation/my_simulation.egg-info to /home/darius/turtlebot3_ws/install/my_simulation/lib/python3.10/site-packages/my_simulation-0.0.0-py3.10.egg-info
[2.294s] running install_scripts
[2.326s] writing list of installed files to '/home/darius/turtlebot3_ws/build/my_simulation/install.log'
[2.376s] Invoked command in '/home/darius/turtlebot3_ws/src/my_simulation' returned '0': PYTHONPATH=/home/darius/turtlebot3_ws/build/my_simulation/prefix_override:/usr/lib/python3/dist-packages/colcon_core/task/python/colcon_distutils_commands:/home/darius/turtlebot3_ws/install/my_simulation/lib/python3.10/site-packages:${PYTHONPATH} /usr/bin/python3 -W ignore:setup.py install is deprecated -W ignore:easy_install command is deprecated setup.py egg_info --egg-base ../../build/my_simulation build --build-base /home/darius/turtlebot3_ws/build/my_simulation/build install --record /home/darius/turtlebot3_ws/build/my_simulation/install.log --single-version-externally-managed install_data
