[0.066s] Invoking command in '/home/darius/turtlebot3_ws/build/turtlebot3_msgs': CMAKE_PREFIX_PATH=${CMAKE_PREFIX_PATH}:/home/darius/turtlebot3_ws/install/turtlebot3_teleop:/home/darius/turtlebot3_ws/install/turtlebot3_example:/opt/ros/humble /usr/bin/cmake /home/darius/turtlebot3_ws/src/turtlebot3_msgs -DCMAKE_INSTALL_PREFIX=/home/darius/turtlebot3_ws/install/turtlebot3_msgs
[0.116s] -- Found action_msgs: 1.2.1 (/opt/ros/humble/share/action_msgs/cmake)
[0.513s] -- Override CMake install command with custom implementation using symlinks instead of copying resources
[0.617s] -- Found rosidl_generator_c: 3.1.6 (/opt/ros/humble/share/rosidl_generator_c/cmake)
[0.627s] -- Found rosidl_adapter: 3.1.6 (/opt/ros/humble/share/rosidl_adapter/cmake)
[0.647s] -- Found rosidl_generator_cpp: 3.1.6 (/opt/ros/humble/share/rosidl_generator_cpp/cmake)
[0.684s] -- Using all available rosidl_typesupport_c: rosidl_typesupport_fastrtps_c;rosidl_typesupport_introspection_c
[0.719s] -- Using all available rosidl_typesupport_cpp: rosidl_typesupport_fastrtps_cpp;rosidl_typesupport_introspection_cpp
[0.806s] -- Found rosidl_default_generators: 1.2.0 (/opt/ros/humble/share/rosidl_default_generators/cmake)
[0.818s] -- Found std_msgs: 4.2.4 (/opt/ros/humble/share/std_msgs/cmake)
[1.596s] -- Found ament_cmake_cppcheck: 0.12.11 (/opt/ros/humble/share/ament_cmake_cppcheck/cmake)
[1.598s] -- Found ament_cmake_cpplint: 0.12.11 (/opt/ros/humble/share/ament_cmake_cpplint/cmake)
[1.600s] -- Found ament_cmake_uncrustify: 0.12.11 (/opt/ros/humble/share/ament_cmake_uncrustify/cmake)
[1.602s] -- Found ament_cmake_ros: 0.10.0 (/opt/ros/humble/share/ament_cmake_ros/cmake)
[2.360s] -- Using all available rosidl_typesupport_c: rosidl_typesupport_fastrtps_c;rosidl_typesupport_introspection_c
[2.682s] -- Using all available rosidl_typesupport_cpp: rosidl_typesupport_fastrtps_cpp;rosidl_typesupport_introspection_cpp
[2.760s] -- Found python_cmake_module: 0.10.0 (/opt/ros/humble/share/python_cmake_module/cmake)
[2.838s] -- Using PYTHON_EXECUTABLE: /usr/bin/python3
[2.838s] -- Using PYTHON_INCLUDE_DIRS: /usr/include/python3.10
[2.839s] -- Using PYTHON_LIBRARIES: /usr/lib/x86_64-linux-gnu/libpython3.10.so
[2.950s] -- Found ament_cmake_flake8: 0.12.11 (/opt/ros/humble/share/ament_cmake_flake8/cmake)
[2.961s] -- Found ament_cmake_pep257: 0.12.11 (/opt/ros/humble/share/ament_cmake_pep257/cmake)
[3.022s] -- Configuring done
[3.174s] -- Generating done
[3.209s] -- Build files have been written to: /home/darius/turtlebot3_ws/build/turtlebot3_msgs
[3.229s] Invoked command in '/home/darius/turtlebot3_ws/build/turtlebot3_msgs' returned '0': CMAKE_PREFIX_PATH=${CMAKE_PREFIX_PATH}:/home/darius/turtlebot3_ws/install/turtlebot3_teleop:/home/darius/turtlebot3_ws/install/turtlebot3_example:/opt/ros/humble /usr/bin/cmake /home/darius/turtlebot3_ws/src/turtlebot3_msgs -DCMAKE_INSTALL_PREFIX=/home/darius/turtlebot3_ws/install/turtlebot3_msgs
[3.232s] Invoking command in '/home/darius/turtlebot3_ws/build/turtlebot3_msgs': CMAKE_PREFIX_PATH=${CMAKE_PREFIX_PATH}:/home/darius/turtlebot3_ws/install/turtlebot3_teleop:/home/darius/turtlebot3_ws/install/turtlebot3_example:/opt/ros/humble /usr/bin/cmake --build /home/darius/turtlebot3_ws/build/turtlebot3_msgs -- -j8 -l8
[3.330s] [35m[1mConsolidate compiler generated dependencies of target turtlebot3_msgs__rosidl_generator_c[0m
[3.354s] [  1%] Built target turtlebot3_msgs__cpp
[3.369s] [ 12%] Built target turtlebot3_msgs__rosidl_generator_c
[3.389s] [35m[1mConsolidate compiler generated dependencies of target turtlebot3_msgs__rosidl_typesupport_cpp[0m
[3.403s] [ 12%] Built target ament_cmake_python_symlink_turtlebot3_msgs
[3.415s] [35m[1mConsolidate compiler generated dependencies of target turtlebot3_msgs__rosidl_typesupport_introspection_cpp[0m
[3.418s] [35m[1mConsolidate compiler generated dependencies of target turtlebot3_msgs__rosidl_typesupport_introspection_c[0m
[3.420s] [35m[1mConsolidate compiler generated dependencies of target turtlebot3_msgs__rosidl_typesupport_fastrtps_c[0m
[3.425s] [35m[1mConsolidate compiler generated dependencies of target turtlebot3_msgs__rosidl_typesupport_c[0m
[3.441s] [35m[1mConsolidate compiler generated dependencies of target turtlebot3_msgs__rosidl_typesupport_fastrtps_cpp[0m
[3.491s] [ 23%] Built target turtlebot3_msgs__rosidl_typesupport_cpp
[3.510s] [ 35%] Built target turtlebot3_msgs__rosidl_typesupport_c
[3.521s] [ 46%] Built target turtlebot3_msgs__rosidl_typesupport_fastrtps_cpp
[3.527s] [ 69%] Built target turtlebot3_msgs__rosidl_typesupport_fastrtps_c
[3.528s] [ 69%] Built target turtlebot3_msgs__rosidl_typesupport_introspection_cpp
[3.562s] [ 80%] Built target turtlebot3_msgs__rosidl_typesupport_introspection_c
[3.656s] [ 80%] Built target turtlebot3_msgs
[3.711s] [ 81%] Built target turtlebot3_msgs__py
[3.742s] [35m[1mConsolidate compiler generated dependencies of target turtlebot3_msgs__rosidl_generator_py[0m
[3.775s] [ 91%] Built target turtlebot3_msgs__rosidl_generator_py
[3.797s] [35m[1mConsolidate compiler generated dependencies of target turtlebot3_msgs__rosidl_typesupport_fastrtps_c__pyext[0m
[3.797s] [35m[1mConsolidate compiler generated dependencies of target turtlebot3_msgs__rosidl_typesupport_introspection_c__pyext[0m
[3.797s] [35m[1mConsolidate compiler generated dependencies of target turtlebot3_msgs__rosidl_typesupport_c__pyext[0m
[3.824s] [ 94%] Built target turtlebot3_msgs__rosidl_typesupport_c__pyext
[3.827s] [ 97%] Built target turtlebot3_msgs__rosidl_typesupport_introspection_c__pyext
[3.831s] [100%] Built target turtlebot3_msgs__rosidl_typesupport_fastrtps_c__pyext
[4.024s] running egg_info
[4.025s] writing turtlebot3_msgs.egg-info/PKG-INFO
[4.026s] writing dependency_links to turtlebot3_msgs.egg-info/dependency_links.txt
[4.026s] writing top-level names to turtlebot3_msgs.egg-info/top_level.txt
[4.030s] reading manifest file 'turtlebot3_msgs.egg-info/SOURCES.txt'
[4.031s] writing manifest file 'turtlebot3_msgs.egg-info/SOURCES.txt'
[4.083s] [100%] Built target ament_cmake_python_build_turtlebot3_msgs_egg
[4.114s] Invoked command in '/home/darius/turtlebot3_ws/build/turtlebot3_msgs' returned '0': CMAKE_PREFIX_PATH=${CMAKE_PREFIX_PATH}:/home/darius/turtlebot3_ws/install/turtlebot3_teleop:/home/darius/turtlebot3_ws/install/turtlebot3_example:/opt/ros/humble /usr/bin/cmake --build /home/darius/turtlebot3_ws/build/turtlebot3_msgs -- -j8 -l8
[4.117s] Invoking command in '/home/darius/turtlebot3_ws/build/turtlebot3_msgs': CMAKE_PREFIX_PATH=${CMAKE_PREFIX_PATH}:/home/darius/turtlebot3_ws/install/turtlebot3_teleop:/home/darius/turtlebot3_ws/install/turtlebot3_example:/opt/ros/humble /usr/bin/cmake --install /home/darius/turtlebot3_ws/build/turtlebot3_msgs
[4.131s] -- Install configuration: ""
[4.132s] -- Execute custom install script
[4.132s] -- Up-to-date symlink: /home/darius/turtlebot3_ws/install/turtlebot3_msgs/share/ament_index/resource_index/rosidl_interfaces/turtlebot3_msgs
[4.133s] -- Up-to-date symlink: /home/darius/turtlebot3_ws/install/turtlebot3_msgs/include/turtlebot3_msgs/turtlebot3_msgs/action/detail/patrol__functions.h
[4.133s] -- Up-to-date symlink: /home/darius/turtlebot3_ws/install/turtlebot3_msgs/include/turtlebot3_msgs/turtlebot3_msgs/action/detail/patrol__struct.h
[4.134s] -- Up-to-date symlink: /home/darius/turtlebot3_ws/install/turtlebot3_msgs/include/turtlebot3_msgs/turtlebot3_msgs/action/detail/patrol__type_support.h
[4.134s] -- Up-to-date symlink: /home/darius/turtlebot3_ws/install/turtlebot3_msgs/include/turtlebot3_msgs/turtlebot3_msgs/action/patrol.h
[4.134s] -- Up-to-date symlink: /home/darius/turtlebot3_ws/install/turtlebot3_msgs/include/turtlebot3_msgs/turtlebot3_msgs/msg/detail/sensor_state__functions.h
[4.134s] -- Up-to-date symlink: /home/darius/turtlebot3_ws/install/turtlebot3_msgs/include/turtlebot3_msgs/turtlebot3_msgs/msg/detail/sensor_state__struct.h
[4.134s] -- Up-to-date symlink: /home/darius/turtlebot3_ws/install/turtlebot3_msgs/include/turtlebot3_msgs/turtlebot3_msgs/msg/detail/sensor_state__type_support.h
[4.135s] -- Up-to-date symlink: /home/darius/turtlebot3_ws/install/turtlebot3_msgs/include/turtlebot3_msgs/turtlebot3_msgs/msg/detail/sound__functions.h
[4.135s] -- Up-to-date symlink: /home/darius/turtlebot3_ws/install/turtlebot3_msgs/include/turtlebot3_msgs/turtlebot3_msgs/msg/detail/sound__struct.h
[4.135s] -- Up-to-date symlink: /home/darius/turtlebot3_ws/install/turtlebot3_msgs/include/turtlebot3_msgs/turtlebot3_msgs/msg/detail/sound__type_support.h
[4.135s] -- Up-to-date symlink: /home/darius/turtlebot3_ws/install/turtlebot3_msgs/include/turtlebot3_msgs/turtlebot3_msgs/msg/detail/version_info__functions.h
[4.135s] -- Up-to-date symlink: /home/darius/turtlebot3_ws/install/turtlebot3_msgs/include/turtlebot3_msgs/turtlebot3_msgs/msg/detail/version_info__struct.h
[4.136s] -- Up-to-date symlink: /home/darius/turtlebot3_ws/install/turtlebot3_msgs/include/turtlebot3_msgs/turtlebot3_msgs/msg/detail/version_info__type_support.h
[4.136s] -- Up-to-date symlink: /home/darius/turtlebot3_ws/install/turtlebot3_msgs/include/turtlebot3_msgs/turtlebot3_msgs/msg/rosidl_generator_c__visibility_control.h
[4.136s] -- Up-to-date symlink: /home/darius/turtlebot3_ws/install/turtlebot3_msgs/include/turtlebot3_msgs/turtlebot3_msgs/msg/sensor_state.h
[4.136s] -- Up-to-date symlink: /home/darius/turtlebot3_ws/install/turtlebot3_msgs/include/turtlebot3_msgs/turtlebot3_msgs/msg/sound.h
[4.136s] -- Up-to-date symlink: /home/darius/turtlebot3_ws/install/turtlebot3_msgs/include/turtlebot3_msgs/turtlebot3_msgs/msg/version_info.h
[4.137s] -- Up-to-date symlink: /home/darius/turtlebot3_ws/install/turtlebot3_msgs/include/turtlebot3_msgs/turtlebot3_msgs/srv/detail/dqn__functions.h
[4.137s] -- Up-to-date symlink: /home/darius/turtlebot3_ws/install/turtlebot3_msgs/include/turtlebot3_msgs/turtlebot3_msgs/srv/detail/dqn__struct.h
[4.137s] -- Up-to-date symlink: /home/darius/turtlebot3_ws/install/turtlebot3_msgs/include/turtlebot3_msgs/turtlebot3_msgs/srv/detail/dqn__type_support.h
[4.137s] -- Up-to-date symlink: /home/darius/turtlebot3_ws/install/turtlebot3_msgs/include/turtlebot3_msgs/turtlebot3_msgs/srv/detail/sound__functions.h
[4.137s] -- Up-to-date symlink: /home/darius/turtlebot3_ws/install/turtlebot3_msgs/include/turtlebot3_msgs/turtlebot3_msgs/srv/detail/sound__struct.h
[4.138s] -- Up-to-date symlink: /home/darius/turtlebot3_ws/install/turtlebot3_msgs/include/turtlebot3_msgs/turtlebot3_msgs/srv/detail/sound__type_support.h
[4.138s] -- Up-to-date symlink: /home/darius/turtlebot3_ws/install/turtlebot3_msgs/include/turtlebot3_msgs/turtlebot3_msgs/srv/dqn.h
[4.138s] -- Up-to-date symlink: /home/darius/turtlebot3_ws/install/turtlebot3_msgs/include/turtlebot3_msgs/turtlebot3_msgs/srv/sound.h
[4.138s] -- Up-to-date symlink: /home/darius/turtlebot3_ws/install/turtlebot3_msgs/share/turtlebot3_msgs/environment/library_path.sh
[4.138s] -- Up-to-date symlink: /home/darius/turtlebot3_ws/install/turtlebot3_msgs/share/turtlebot3_msgs/environment/library_path.dsv
[4.140s] -- Up-to-date symlink: /home/darius/turtlebot3_ws/install/turtlebot3_msgs/include/turtlebot3_msgs/turtlebot3_msgs/action/detail/patrol__rosidl_typesupport_fastrtps_c.h
[4.140s] -- Up-to-date symlink: /home/darius/turtlebot3_ws/install/turtlebot3_msgs/include/turtlebot3_msgs/turtlebot3_msgs/msg/detail/sensor_state__rosidl_typesupport_fastrtps_c.h
[4.140s] -- Up-to-date symlink: /home/darius/turtlebot3_ws/install/turtlebot3_msgs/include/turtlebot3_msgs/turtlebot3_msgs/msg/detail/sound__rosidl_typesupport_fastrtps_c.h
[4.140s] -- Up-to-date symlink: /home/darius/turtlebot3_ws/install/turtlebot3_msgs/include/turtlebot3_msgs/turtlebot3_msgs/msg/detail/version_info__rosidl_typesupport_fastrtps_c.h
[4.140s] -- Up-to-date symlink: /home/darius/turtlebot3_ws/install/turtlebot3_msgs/include/turtlebot3_msgs/turtlebot3_msgs/msg/rosidl_typesupport_fastrtps_c__visibility_control.h
[4.141s] -- Up-to-date symlink: /home/darius/turtlebot3_ws/install/turtlebot3_msgs/include/turtlebot3_msgs/turtlebot3_msgs/srv/detail/dqn__rosidl_typesupport_fastrtps_c.h
[4.141s] -- Up-to-date symlink: /home/darius/turtlebot3_ws/install/turtlebot3_msgs/include/turtlebot3_msgs/turtlebot3_msgs/srv/detail/sound__rosidl_typesupport_fastrtps_c.h
[4.142s] -- Up-to-date symlink: /home/darius/turtlebot3_ws/install/turtlebot3_msgs/include/turtlebot3_msgs/turtlebot3_msgs/action/detail/patrol__builder.hpp
[4.142s] -- Up-to-date symlink: /home/darius/turtlebot3_ws/install/turtlebot3_msgs/include/turtlebot3_msgs/turtlebot3_msgs/action/detail/patrol__struct.hpp
[4.142s] -- Up-to-date symlink: /home/darius/turtlebot3_ws/install/turtlebot3_msgs/include/turtlebot3_msgs/turtlebot3_msgs/action/detail/patrol__traits.hpp
[4.142s] -- Up-to-date symlink: /home/darius/turtlebot3_ws/install/turtlebot3_msgs/include/turtlebot3_msgs/turtlebot3_msgs/action/detail/patrol__type_support.hpp
[4.142s] -- Up-to-date symlink: /home/darius/turtlebot3_ws/install/turtlebot3_msgs/include/turtlebot3_msgs/turtlebot3_msgs/action/patrol.hpp
[4.142s] -- Up-to-date symlink: /home/darius/turtlebot3_ws/install/turtlebot3_msgs/include/turtlebot3_msgs/turtlebot3_msgs/msg/detail/sensor_state__builder.hpp
[4.143s] -- Up-to-date symlink: /home/darius/turtlebot3_ws/install/turtlebot3_msgs/include/turtlebot3_msgs/turtlebot3_msgs/msg/detail/sensor_state__struct.hpp
[4.143s] -- Up-to-date symlink: /home/darius/turtlebot3_ws/install/turtlebot3_msgs/include/turtlebot3_msgs/turtlebot3_msgs/msg/detail/sensor_state__traits.hpp
[4.143s] -- Up-to-date symlink: /home/darius/turtlebot3_ws/install/turtlebot3_msgs/include/turtlebot3_msgs/turtlebot3_msgs/msg/detail/sensor_state__type_support.hpp
[4.143s] -- Up-to-date symlink: /home/darius/turtlebot3_ws/install/turtlebot3_msgs/include/turtlebot3_msgs/turtlebot3_msgs/msg/detail/sound__builder.hpp
[4.143s] -- Up-to-date symlink: /home/darius/turtlebot3_ws/install/turtlebot3_msgs/include/turtlebot3_msgs/turtlebot3_msgs/msg/detail/sound__struct.hpp
[4.143s] -- Up-to-date symlink: /home/darius/turtlebot3_ws/install/turtlebot3_msgs/include/turtlebot3_msgs/turtlebot3_msgs/msg/detail/sound__traits.hpp
[4.144s] -- Up-to-date symlink: /home/darius/turtlebot3_ws/install/turtlebot3_msgs/include/turtlebot3_msgs/turtlebot3_msgs/msg/detail/sound__type_support.hpp
[4.144s] -- Up-to-date symlink: /home/darius/turtlebot3_ws/install/turtlebot3_msgs/include/turtlebot3_msgs/turtlebot3_msgs/msg/detail/version_info__builder.hpp
[4.144s] -- Up-to-date symlink: /home/darius/turtlebot3_ws/install/turtlebot3_msgs/include/turtlebot3_msgs/turtlebot3_msgs/msg/detail/version_info__struct.hpp
[4.144s] -- Up-to-date symlink: /home/darius/turtlebot3_ws/install/turtlebot3_msgs/include/turtlebot3_msgs/turtlebot3_msgs/msg/detail/version_info__traits.hpp
[4.144s] -- Up-to-date symlink: /home/darius/turtlebot3_ws/install/turtlebot3_msgs/include/turtlebot3_msgs/turtlebot3_msgs/msg/detail/version_info__type_support.hpp
[4.145s] -- Up-to-date symlink: /home/darius/turtlebot3_ws/install/turtlebot3_msgs/include/turtlebot3_msgs/turtlebot3_msgs/msg/rosidl_generator_cpp__visibility_control.hpp
[4.145s] -- Up-to-date symlink: /home/darius/turtlebot3_ws/install/turtlebot3_msgs/include/turtlebot3_msgs/turtlebot3_msgs/msg/sensor_state.hpp
[4.145s] -- Up-to-date symlink: /home/darius/turtlebot3_ws/install/turtlebot3_msgs/include/turtlebot3_msgs/turtlebot3_msgs/msg/sound.hpp
[4.145s] -- Up-to-date symlink: /home/darius/turtlebot3_ws/install/turtlebot3_msgs/include/turtlebot3_msgs/turtlebot3_msgs/msg/version_info.hpp
[4.145s] -- Up-to-date symlink: /home/darius/turtlebot3_ws/install/turtlebot3_msgs/include/turtlebot3_msgs/turtlebot3_msgs/srv/detail/dqn__builder.hpp
[4.145s] -- Up-to-date symlink: /home/darius/turtlebot3_ws/install/turtlebot3_msgs/include/turtlebot3_msgs/turtlebot3_msgs/srv/detail/dqn__struct.hpp
[4.146s] -- Up-to-date symlink: /home/darius/turtlebot3_ws/install/turtlebot3_msgs/include/turtlebot3_msgs/turtlebot3_msgs/srv/detail/dqn__traits.hpp
[4.146s] -- Up-to-date symlink: /home/darius/turtlebot3_ws/install/turtlebot3_msgs/include/turtlebot3_msgs/turtlebot3_msgs/srv/detail/dqn__type_support.hpp
[4.146s] -- Up-to-date symlink: /home/darius/turtlebot3_ws/install/turtlebot3_msgs/include/turtlebot3_msgs/turtlebot3_msgs/srv/detail/sound__builder.hpp
[4.146s] -- Up-to-date symlink: /home/darius/turtlebot3_ws/install/turtlebot3_msgs/include/turtlebot3_msgs/turtlebot3_msgs/srv/detail/sound__struct.hpp
[4.146s] -- Up-to-date symlink: /home/darius/turtlebot3_ws/install/turtlebot3_msgs/include/turtlebot3_msgs/turtlebot3_msgs/srv/detail/sound__traits.hpp
[4.146s] -- Up-to-date symlink: /home/darius/turtlebot3_ws/install/turtlebot3_msgs/include/turtlebot3_msgs/turtlebot3_msgs/srv/detail/sound__type_support.hpp
[4.147s] -- Up-to-date symlink: /home/darius/turtlebot3_ws/install/turtlebot3_msgs/include/turtlebot3_msgs/turtlebot3_msgs/srv/dqn.hpp
[4.147s] -- Up-to-date symlink: /home/darius/turtlebot3_ws/install/turtlebot3_msgs/include/turtlebot3_msgs/turtlebot3_msgs/srv/sound.hpp
[4.148s] -- Up-to-date symlink: /home/darius/turtlebot3_ws/install/turtlebot3_msgs/include/turtlebot3_msgs/turtlebot3_msgs/action/detail/patrol__rosidl_typesupport_fastrtps_cpp.hpp
[4.148s] -- Up-to-date symlink: /home/darius/turtlebot3_ws/install/turtlebot3_msgs/include/turtlebot3_msgs/turtlebot3_msgs/msg/detail/sensor_state__rosidl_typesupport_fastrtps_cpp.hpp
[4.149s] -- Up-to-date symlink: /home/darius/turtlebot3_ws/install/turtlebot3_msgs/include/turtlebot3_msgs/turtlebot3_msgs/msg/detail/sound__rosidl_typesupport_fastrtps_cpp.hpp
[4.149s] -- Up-to-date symlink: /home/darius/turtlebot3_ws/install/turtlebot3_msgs/include/turtlebot3_msgs/turtlebot3_msgs/msg/detail/version_info__rosidl_typesupport_fastrtps_cpp.hpp
[4.149s] -- Up-to-date symlink: /home/darius/turtlebot3_ws/install/turtlebot3_msgs/include/turtlebot3_msgs/turtlebot3_msgs/msg/rosidl_typesupport_fastrtps_cpp__visibility_control.h
[4.149s] -- Up-to-date symlink: /home/darius/turtlebot3_ws/install/turtlebot3_msgs/include/turtlebot3_msgs/turtlebot3_msgs/srv/detail/dqn__rosidl_typesupport_fastrtps_cpp.hpp
[4.149s] -- Up-to-date symlink: /home/darius/turtlebot3_ws/install/turtlebot3_msgs/include/turtlebot3_msgs/turtlebot3_msgs/srv/detail/sound__rosidl_typesupport_fastrtps_cpp.hpp
[4.150s] -- Up-to-date symlink: /home/darius/turtlebot3_ws/install/turtlebot3_msgs/include/turtlebot3_msgs/turtlebot3_msgs/action/detail/patrol__rosidl_typesupport_introspection_c.h
[4.150s] -- Up-to-date symlink: /home/darius/turtlebot3_ws/install/turtlebot3_msgs/include/turtlebot3_msgs/turtlebot3_msgs/msg/detail/sensor_state__rosidl_typesupport_introspection_c.h
[4.150s] -- Up-to-date symlink: /home/darius/turtlebot3_ws/install/turtlebot3_msgs/include/turtlebot3_msgs/turtlebot3_msgs/msg/detail/sound__rosidl_typesupport_introspection_c.h
[4.150s] -- Up-to-date symlink: /home/darius/turtlebot3_ws/install/turtlebot3_msgs/include/turtlebot3_msgs/turtlebot3_msgs/msg/detail/version_info__rosidl_typesupport_introspection_c.h
[4.151s] -- Up-to-date symlink: /home/darius/turtlebot3_ws/install/turtlebot3_msgs/include/turtlebot3_msgs/turtlebot3_msgs/msg/rosidl_typesupport_introspection_c__visibility_control.h
[4.151s] -- Up-to-date symlink: /home/darius/turtlebot3_ws/install/turtlebot3_msgs/include/turtlebot3_msgs/turtlebot3_msgs/srv/detail/dqn__rosidl_typesupport_introspection_c.h
[4.151s] -- Up-to-date symlink: /home/darius/turtlebot3_ws/install/turtlebot3_msgs/include/turtlebot3_msgs/turtlebot3_msgs/srv/detail/sound__rosidl_typesupport_introspection_c.h
[4.152s] -- Up-to-date symlink: /home/darius/turtlebot3_ws/install/turtlebot3_msgs/include/turtlebot3_msgs/turtlebot3_msgs/action/detail/patrol__rosidl_typesupport_introspection_cpp.hpp
[4.152s] -- Up-to-date symlink: /home/darius/turtlebot3_ws/install/turtlebot3_msgs/include/turtlebot3_msgs/turtlebot3_msgs/msg/detail/sensor_state__rosidl_typesupport_introspection_cpp.hpp
[4.152s] -- Up-to-date symlink: /home/darius/turtlebot3_ws/install/turtlebot3_msgs/include/turtlebot3_msgs/turtlebot3_msgs/msg/detail/sound__rosidl_typesupport_introspection_cpp.hpp
[4.152s] -- Up-to-date symlink: /home/darius/turtlebot3_ws/install/turtlebot3_msgs/include/turtlebot3_msgs/turtlebot3_msgs/msg/detail/version_info__rosidl_typesupport_introspection_cpp.hpp
[4.152s] -- Up-to-date symlink: /home/darius/turtlebot3_ws/install/turtlebot3_msgs/include/turtlebot3_msgs/turtlebot3_msgs/srv/detail/dqn__rosidl_typesupport_introspection_cpp.hpp
[4.153s] -- Up-to-date symlink: /home/darius/turtlebot3_ws/install/turtlebot3_msgs/include/turtlebot3_msgs/turtlebot3_msgs/srv/detail/sound__rosidl_typesupport_introspection_cpp.hpp
[4.153s] -- Up-to-date symlink: /home/darius/turtlebot3_ws/install/turtlebot3_msgs/share/turtlebot3_msgs/environment/pythonpath.sh
[4.153s] -- Up-to-date symlink: /home/darius/turtlebot3_ws/install/turtlebot3_msgs/share/turtlebot3_msgs/environment/pythonpath.dsv
[4.154s] -- Up-to-date symlink: /home/darius/turtlebot3_ws/install/turtlebot3_msgs/local/lib/python3.10/dist-packages/turtlebot3_msgs-2.2.3-py3.10.egg-info/PKG-INFO
[4.154s] -- Up-to-date symlink: /home/darius/turtlebot3_ws/install/turtlebot3_msgs/local/lib/python3.10/dist-packages/turtlebot3_msgs-2.2.3-py3.10.egg-info/SOURCES.txt
[4.154s] -- Up-to-date symlink: /home/darius/turtlebot3_ws/install/turtlebot3_msgs/local/lib/python3.10/dist-packages/turtlebot3_msgs-2.2.3-py3.10.egg-info/dependency_links.txt
[4.154s] -- Up-to-date symlink: /home/darius/turtlebot3_ws/install/turtlebot3_msgs/local/lib/python3.10/dist-packages/turtlebot3_msgs-2.2.3-py3.10.egg-info/top_level.txt
[4.156s] -- Up-to-date symlink: /home/darius/turtlebot3_ws/install/turtlebot3_msgs/local/lib/python3.10/dist-packages/turtlebot3_msgs/__init__.py
[4.157s] -- Up-to-date symlink: /home/darius/turtlebot3_ws/install/turtlebot3_msgs/local/lib/python3.10/dist-packages/turtlebot3_msgs/_turtlebot3_msgs_s.ep.rosidl_typesupport_c.c
[4.157s] -- Up-to-date symlink: /home/darius/turtlebot3_ws/install/turtlebot3_msgs/local/lib/python3.10/dist-packages/turtlebot3_msgs/_turtlebot3_msgs_s.ep.rosidl_typesupport_fastrtps_c.c
[4.157s] -- Up-to-date symlink: /home/darius/turtlebot3_ws/install/turtlebot3_msgs/local/lib/python3.10/dist-packages/turtlebot3_msgs/_turtlebot3_msgs_s.ep.rosidl_typesupport_introspection_c.c
[4.157s] -- Up-to-date symlink: /home/darius/turtlebot3_ws/install/turtlebot3_msgs/local/lib/python3.10/dist-packages/turtlebot3_msgs/action/__init__.py
[4.157s] -- Up-to-date symlink: /home/darius/turtlebot3_ws/install/turtlebot3_msgs/local/lib/python3.10/dist-packages/turtlebot3_msgs/action/_patrol.py
[4.157s] -- Up-to-date symlink: /home/darius/turtlebot3_ws/install/turtlebot3_msgs/local/lib/python3.10/dist-packages/turtlebot3_msgs/action/_patrol_s.c
[4.158s] -- Up-to-date symlink: /home/darius/turtlebot3_ws/install/turtlebot3_msgs/local/lib/python3.10/dist-packages/turtlebot3_msgs/libturtlebot3_msgs__rosidl_generator_py.so
[4.158s] -- Up-to-date symlink: /home/darius/turtlebot3_ws/install/turtlebot3_msgs/local/lib/python3.10/dist-packages/turtlebot3_msgs/msg/__init__.py
[4.158s] -- Up-to-date symlink: /home/darius/turtlebot3_ws/install/turtlebot3_msgs/local/lib/python3.10/dist-packages/turtlebot3_msgs/msg/_sensor_state.py
[4.158s] -- Up-to-date symlink: /home/darius/turtlebot3_ws/install/turtlebot3_msgs/local/lib/python3.10/dist-packages/turtlebot3_msgs/msg/_sensor_state_s.c
[4.158s] -- Up-to-date symlink: /home/darius/turtlebot3_ws/install/turtlebot3_msgs/local/lib/python3.10/dist-packages/turtlebot3_msgs/msg/_sound.py
[4.158s] -- Up-to-date symlink: /home/darius/turtlebot3_ws/install/turtlebot3_msgs/local/lib/python3.10/dist-packages/turtlebot3_msgs/msg/_sound_s.c
[4.159s] -- Up-to-date symlink: /home/darius/turtlebot3_ws/install/turtlebot3_msgs/local/lib/python3.10/dist-packages/turtlebot3_msgs/msg/_version_info.py
[4.159s] -- Up-to-date symlink: /home/darius/turtlebot3_ws/install/turtlebot3_msgs/local/lib/python3.10/dist-packages/turtlebot3_msgs/msg/_version_info_s.c
[4.159s] -- Up-to-date symlink: /home/darius/turtlebot3_ws/install/turtlebot3_msgs/local/lib/python3.10/dist-packages/turtlebot3_msgs/srv/__init__.py
[4.159s] -- Up-to-date symlink: /home/darius/turtlebot3_ws/install/turtlebot3_msgs/local/lib/python3.10/dist-packages/turtlebot3_msgs/srv/_dqn.py
[4.160s] -- Up-to-date symlink: /home/darius/turtlebot3_ws/install/turtlebot3_msgs/local/lib/python3.10/dist-packages/turtlebot3_msgs/srv/_dqn_s.c
[4.160s] -- Up-to-date symlink: /home/darius/turtlebot3_ws/install/turtlebot3_msgs/local/lib/python3.10/dist-packages/turtlebot3_msgs/srv/_sound.py
[4.160s] -- Up-to-date symlink: /home/darius/turtlebot3_ws/install/turtlebot3_msgs/local/lib/python3.10/dist-packages/turtlebot3_msgs/srv/_sound_s.c
[4.160s] -- Up-to-date symlink: /home/darius/turtlebot3_ws/install/turtlebot3_msgs/local/lib/python3.10/dist-packages/turtlebot3_msgs/turtlebot3_msgs_s__rosidl_typesupport_c.cpython-310-x86_64-linux-gnu.so
[4.160s] -- Up-to-date symlink: /home/darius/turtlebot3_ws/install/turtlebot3_msgs/local/lib/python3.10/dist-packages/turtlebot3_msgs/turtlebot3_msgs_s__rosidl_typesupport_fastrtps_c.cpython-310-x86_64-linux-gnu.so
[4.160s] -- Up-to-date symlink: /home/darius/turtlebot3_ws/install/turtlebot3_msgs/local/lib/python3.10/dist-packages/turtlebot3_msgs/turtlebot3_msgs_s__rosidl_typesupport_introspection_c.cpython-310-x86_64-linux-gnu.so
[4.161s] -- Up-to-date symlink: /home/darius/turtlebot3_ws/install/turtlebot3_msgs/local/lib/python3.10/dist-packages/turtlebot3_msgs/turtlebot3_msgs_s__rosidl_typesupport_fastrtps_c.cpython-310-x86_64-linux-gnu.so
[4.161s] -- Up-to-date symlink: /home/darius/turtlebot3_ws/install/turtlebot3_msgs/local/lib/python3.10/dist-packages/turtlebot3_msgs/turtlebot3_msgs_s__rosidl_typesupport_introspection_c.cpython-310-x86_64-linux-gnu.so
[4.161s] -- Up-to-date symlink: /home/darius/turtlebot3_ws/install/turtlebot3_msgs/local/lib/python3.10/dist-packages/turtlebot3_msgs/turtlebot3_msgs_s__rosidl_typesupport_c.cpython-310-x86_64-linux-gnu.so
[4.162s] -- Up-to-date symlink: /home/darius/turtlebot3_ws/install/turtlebot3_msgs/share/turtlebot3_msgs/msg/SensorState.idl
[4.162s] -- Up-to-date symlink: /home/darius/turtlebot3_ws/install/turtlebot3_msgs/share/turtlebot3_msgs/msg/Sound.idl
[4.162s] -- Up-to-date symlink: /home/darius/turtlebot3_ws/install/turtlebot3_msgs/share/turtlebot3_msgs/msg/VersionInfo.idl
[4.162s] -- Up-to-date symlink: /home/darius/turtlebot3_ws/install/turtlebot3_msgs/share/turtlebot3_msgs/srv/Sound.idl
[4.163s] -- Up-to-date symlink: /home/darius/turtlebot3_ws/install/turtlebot3_msgs/share/turtlebot3_msgs/srv/Dqn.idl
[4.163s] -- Up-to-date symlink: /home/darius/turtlebot3_ws/install/turtlebot3_msgs/share/turtlebot3_msgs/action/Patrol.idl
[4.163s] -- Up-to-date symlink: /home/darius/turtlebot3_ws/install/turtlebot3_msgs/share/turtlebot3_msgs/msg/SensorState.msg
[4.163s] -- Up-to-date symlink: /home/darius/turtlebot3_ws/install/turtlebot3_msgs/share/turtlebot3_msgs/msg/Sound.msg
[4.164s] -- Up-to-date symlink: /home/darius/turtlebot3_ws/install/turtlebot3_msgs/share/turtlebot3_msgs/msg/VersionInfo.msg
[4.164s] -- Up-to-date symlink: /home/darius/turtlebot3_ws/install/turtlebot3_msgs/share/turtlebot3_msgs/srv/Sound.srv
[4.164s] -- Up-to-date symlink: /home/darius/turtlebot3_ws/install/turtlebot3_msgs/share/turtlebot3_msgs/srv/Sound_Request.msg
[4.164s] -- Up-to-date symlink: /home/darius/turtlebot3_ws/install/turtlebot3_msgs/share/turtlebot3_msgs/srv/Sound_Response.msg
[4.164s] -- Up-to-date symlink: /home/darius/turtlebot3_ws/install/turtlebot3_msgs/share/turtlebot3_msgs/srv/Dqn.srv
[4.165s] -- Up-to-date symlink: /home/darius/turtlebot3_ws/install/turtlebot3_msgs/share/turtlebot3_msgs/srv/Dqn_Request.msg
[4.165s] -- Up-to-date symlink: /home/darius/turtlebot3_ws/install/turtlebot3_msgs/share/turtlebot3_msgs/srv/Dqn_Response.msg
[4.165s] -- Up-to-date symlink: /home/darius/turtlebot3_ws/install/turtlebot3_msgs/share/turtlebot3_msgs/action/Patrol.action
[4.165s] -- Up-to-date symlink: /home/darius/turtlebot3_ws/install/turtlebot3_msgs/share/ament_index/resource_index/package_run_dependencies/turtlebot3_msgs
[4.166s] -- Up-to-date symlink: /home/darius/turtlebot3_ws/install/turtlebot3_msgs/share/ament_index/resource_index/parent_prefix_path/turtlebot3_msgs
[4.166s] -- Up-to-date symlink: /home/darius/turtlebot3_ws/install/turtlebot3_msgs/share/turtlebot3_msgs/environment/ament_prefix_path.sh
[4.166s] -- Up-to-date symlink: /home/darius/turtlebot3_ws/install/turtlebot3_msgs/share/turtlebot3_msgs/environment/ament_prefix_path.dsv
[4.167s] -- Up-to-date symlink: /home/darius/turtlebot3_ws/install/turtlebot3_msgs/share/turtlebot3_msgs/environment/path.sh
[4.167s] -- Up-to-date symlink: /home/darius/turtlebot3_ws/install/turtlebot3_msgs/share/turtlebot3_msgs/environment/path.dsv
[4.167s] -- Up-to-date symlink: /home/darius/turtlebot3_ws/install/turtlebot3_msgs/share/turtlebot3_msgs/local_setup.bash
[4.168s] -- Up-to-date symlink: /home/darius/turtlebot3_ws/install/turtlebot3_msgs/share/turtlebot3_msgs/local_setup.sh
[4.168s] -- Up-to-date symlink: /home/darius/turtlebot3_ws/install/turtlebot3_msgs/share/turtlebot3_msgs/local_setup.zsh
[4.168s] -- Up-to-date symlink: /home/darius/turtlebot3_ws/install/turtlebot3_msgs/share/turtlebot3_msgs/local_setup.dsv
[4.168s] -- Symlinking: /home/darius/turtlebot3_ws/install/turtlebot3_msgs/share/turtlebot3_msgs/package.dsv
[4.191s] -- Up-to-date symlink: /home/darius/turtlebot3_ws/install/turtlebot3_msgs/share/ament_index/resource_index/packages/turtlebot3_msgs
[4.191s] -- Up-to-date symlink: /home/darius/turtlebot3_ws/install/turtlebot3_msgs/share/turtlebot3_msgs/cmake/rosidl_cmake-extras.cmake
[4.191s] -- Up-to-date symlink: /home/darius/turtlebot3_ws/install/turtlebot3_msgs/share/turtlebot3_msgs/cmake/ament_cmake_export_dependencies-extras.cmake
[4.192s] -- Up-to-date symlink: /home/darius/turtlebot3_ws/install/turtlebot3_msgs/share/turtlebot3_msgs/cmake/ament_cmake_export_include_directories-extras.cmake
[4.193s] -- Up-to-date symlink: /home/darius/turtlebot3_ws/install/turtlebot3_msgs/share/turtlebot3_msgs/cmake/ament_cmake_export_libraries-extras.cmake
[4.193s] -- Up-to-date symlink: /home/darius/turtlebot3_ws/install/turtlebot3_msgs/share/turtlebot3_msgs/cmake/ament_cmake_export_targets-extras.cmake
[4.194s] -- Up-to-date symlink: /home/darius/turtlebot3_ws/install/turtlebot3_msgs/share/turtlebot3_msgs/cmake/rosidl_cmake_export_typesupport_targets-extras.cmake
[4.194s] -- Up-to-date symlink: /home/darius/turtlebot3_ws/install/turtlebot3_msgs/share/turtlebot3_msgs/cmake/rosidl_cmake_export_typesupport_libraries-extras.cmake
[4.194s] -- Up-to-date symlink: /home/darius/turtlebot3_ws/install/turtlebot3_msgs/share/turtlebot3_msgs/cmake/turtlebot3_msgsConfig.cmake
[4.195s] -- Up-to-date symlink: /home/darius/turtlebot3_ws/install/turtlebot3_msgs/share/turtlebot3_msgs/cmake/turtlebot3_msgsConfig-version.cmake
[4.195s] -- Up-to-date symlink: /home/darius/turtlebot3_ws/install/turtlebot3_msgs/share/turtlebot3_msgs/package.xml
[4.196s] -- Up-to-date: /home/darius/turtlebot3_ws/install/turtlebot3_msgs/lib/libturtlebot3_msgs__rosidl_generator_c.so
[4.198s] -- Up-to-date: /home/darius/turtlebot3_ws/install/turtlebot3_msgs/lib/libturtlebot3_msgs__rosidl_typesupport_fastrtps_c.so
[4.199s] -- Up-to-date: /home/darius/turtlebot3_ws/install/turtlebot3_msgs/lib/libturtlebot3_msgs__rosidl_typesupport_fastrtps_cpp.so
[4.201s] -- Up-to-date: /home/darius/turtlebot3_ws/install/turtlebot3_msgs/lib/libturtlebot3_msgs__rosidl_typesupport_introspection_c.so
[4.202s] -- Up-to-date: /home/darius/turtlebot3_ws/install/turtlebot3_msgs/lib/libturtlebot3_msgs__rosidl_typesupport_c.so
[4.203s] -- Up-to-date: /home/darius/turtlebot3_ws/install/turtlebot3_msgs/lib/libturtlebot3_msgs__rosidl_typesupport_introspection_cpp.so
[4.204s] -- Up-to-date: /home/darius/turtlebot3_ws/install/turtlebot3_msgs/lib/libturtlebot3_msgs__rosidl_typesupport_cpp.so
[4.256s] Listing '/home/darius/turtlebot3_ws/install/turtlebot3_msgs/local/lib/python3.10/dist-packages/turtlebot3_msgs'...
[4.257s] Compiling '/home/darius/turtlebot3_ws/install/turtlebot3_msgs/local/lib/python3.10/dist-packages/turtlebot3_msgs/__init__.py'...
[4.257s] Listing '/home/darius/turtlebot3_ws/install/turtlebot3_msgs/local/lib/python3.10/dist-packages/turtlebot3_msgs/action'...
[4.257s] Listing '/home/darius/turtlebot3_ws/install/turtlebot3_msgs/local/lib/python3.10/dist-packages/turtlebot3_msgs/msg'...
[4.257s] Listing '/home/darius/turtlebot3_ws/install/turtlebot3_msgs/local/lib/python3.10/dist-packages/turtlebot3_msgs/srv'...
[4.265s] -- Up-to-date: /home/darius/turtlebot3_ws/install/turtlebot3_msgs/lib/libturtlebot3_msgs__rosidl_generator_py.so
[4.266s] -- Up-to-date: /home/darius/turtlebot3_ws/install/turtlebot3_msgs/share/turtlebot3_msgs/cmake/export_turtlebot3_msgs__rosidl_generator_cExport.cmake
[4.266s] -- Up-to-date: /home/darius/turtlebot3_ws/install/turtlebot3_msgs/share/turtlebot3_msgs/cmake/export_turtlebot3_msgs__rosidl_generator_cExport-noconfig.cmake
[4.267s] -- Up-to-date: /home/darius/turtlebot3_ws/install/turtlebot3_msgs/share/turtlebot3_msgs/cmake/export_turtlebot3_msgs__rosidl_typesupport_fastrtps_cExport.cmake
[4.267s] -- Up-to-date: /home/darius/turtlebot3_ws/install/turtlebot3_msgs/share/turtlebot3_msgs/cmake/export_turtlebot3_msgs__rosidl_typesupport_fastrtps_cExport-noconfig.cmake
[4.268s] -- Up-to-date: /home/darius/turtlebot3_ws/install/turtlebot3_msgs/share/turtlebot3_msgs/cmake/export_turtlebot3_msgs__rosidl_generator_cppExport.cmake
[4.269s] -- Up-to-date: /home/darius/turtlebot3_ws/install/turtlebot3_msgs/share/turtlebot3_msgs/cmake/export_turtlebot3_msgs__rosidl_typesupport_fastrtps_cppExport.cmake
[4.269s] -- Up-to-date: /home/darius/turtlebot3_ws/install/turtlebot3_msgs/share/turtlebot3_msgs/cmake/export_turtlebot3_msgs__rosidl_typesupport_fastrtps_cppExport-noconfig.cmake
[4.270s] -- Up-to-date: /home/darius/turtlebot3_ws/install/turtlebot3_msgs/share/turtlebot3_msgs/cmake/turtlebot3_msgs__rosidl_typesupport_introspection_cExport.cmake
[4.270s] -- Up-to-date: /home/darius/turtlebot3_ws/install/turtlebot3_msgs/share/turtlebot3_msgs/cmake/turtlebot3_msgs__rosidl_typesupport_introspection_cExport-noconfig.cmake
[4.270s] -- Up-to-date: /home/darius/turtlebot3_ws/install/turtlebot3_msgs/share/turtlebot3_msgs/cmake/turtlebot3_msgs__rosidl_typesupport_cExport.cmake
[4.271s] -- Up-to-date: /home/darius/turtlebot3_ws/install/turtlebot3_msgs/share/turtlebot3_msgs/cmake/turtlebot3_msgs__rosidl_typesupport_cExport-noconfig.cmake
[4.271s] -- Up-to-date: /home/darius/turtlebot3_ws/install/turtlebot3_msgs/share/turtlebot3_msgs/cmake/turtlebot3_msgs__rosidl_typesupport_introspection_cppExport.cmake
[4.272s] -- Up-to-date: /home/darius/turtlebot3_ws/install/turtlebot3_msgs/share/turtlebot3_msgs/cmake/turtlebot3_msgs__rosidl_typesupport_introspection_cppExport-noconfig.cmake
[4.272s] -- Up-to-date: /home/darius/turtlebot3_ws/install/turtlebot3_msgs/share/turtlebot3_msgs/cmake/turtlebot3_msgs__rosidl_typesupport_cppExport.cmake
[4.273s] -- Up-to-date: /home/darius/turtlebot3_ws/install/turtlebot3_msgs/share/turtlebot3_msgs/cmake/turtlebot3_msgs__rosidl_typesupport_cppExport-noconfig.cmake
[4.273s] -- Up-to-date: /home/darius/turtlebot3_ws/install/turtlebot3_msgs/share/turtlebot3_msgs/cmake/export_turtlebot3_msgs__rosidl_generator_pyExport.cmake
[4.274s] -- Up-to-date: /home/darius/turtlebot3_ws/install/turtlebot3_msgs/share/turtlebot3_msgs/cmake/export_turtlebot3_msgs__rosidl_generator_pyExport-noconfig.cmake
[4.280s] Invoked command in '/home/darius/turtlebot3_ws/build/turtlebot3_msgs' returned '0': CMAKE_PREFIX_PATH=${CMAKE_PREFIX_PATH}:/home/darius/turtlebot3_ws/install/turtlebot3_teleop:/home/darius/turtlebot3_ws/install/turtlebot3_example:/opt/ros/humble /usr/bin/cmake --install /home/darius/turtlebot3_ws/build/turtlebot3_msgs
