[1.050s] Invoking command in '/home/darius/turtlebot3_ws/src/turtlebot3/turtlebot3_example': CMAKE_PREFIX_PATH=/home/darius/turtlebot3_ws/install/turtlebot3_msgs:/home/darius/turtlebot3_ws/install/turtlebot3:/home/darius/turtlebot3_ws/install/turtlebot3_simulations:/home/darius/turtlebot3_ws/install/turtlebot3_bringup:/home/darius/turtlebot3_ws/install/turtlebot3_node:/home/darius/turtlebot3_ws/install/turtlebot3_navigation2:/home/darius/turtlebot3_ws/install/turtlebot3_fake_node:/home/darius/turtlebot3_ws/install/turtlebot3_gazebo:/home/darius/turtlebot3_ws/install/turtlebot3_description:/home/darius/turtlebot3_ws/install/turtlebot3_cartographer:/home/darius/turtlebot3_ws/install/dynamixel_sdk_examples:/home/darius/turtlebot3_ws/install/dynamixel_sdk_custom_interfaces:/home/darius/turtlebot3_ws/install/dynamixel_sdk LD_LIBRARY_PATH=/home/darius/turtlebot3_ws/install/turtlebot3_msgs/lib:/home/darius/turtlebot3_ws/install/dynamixel_sdk_custom_interfaces/lib:/home/darius/turtlebot3_ws/install/dynamixel_sdk/lib:/usr/lib/x86_64-linux-gnu/gazebo-11/plugins:/opt/ros/humble/opt/rviz_ogre_vendor/lib:/opt/ros/humble/lib/x86_64-linux-gnu:/opt/ros/humble/lib:/usr/lib/x86_64-linux-gnu/gazebo-11/plugins PYTHONPATH=/home/darius/turtlebot3_ws/build/turtlebot3_example/prefix_override:/usr/lib/python3/dist-packages/colcon_core/task/python/colcon_distutils_commands:/home/darius/turtlebot3_ws/install/turtlebot3_example/lib/python3.10/site-packages:${PYTHONPATH} /usr/bin/python3 -W ignore:setup.py install is deprecated -W ignore:easy_install command is deprecated setup.py egg_info --egg-base ../../../build/turtlebot3_example build --build-base /home/darius/turtlebot3_ws/build/turtlebot3_example/build install --record /home/darius/turtlebot3_ws/build/turtlebot3_example/install.log --single-version-externally-managed install_data
[1.335s] running egg_info
[1.336s] writing ../../../build/turtlebot3_example/turtlebot3_example.egg-info/PKG-INFO
[1.336s] writing dependency_links to ../../../build/turtlebot3_example/turtlebot3_example.egg-info/dependency_links.txt
[1.337s] writing entry points to ../../../build/turtlebot3_example/turtlebot3_example.egg-info/entry_points.txt
[1.337s] writing requirements to ../../../build/turtlebot3_example/turtlebot3_example.egg-info/requires.txt
[1.337s] writing top-level names to ../../../build/turtlebot3_example/turtlebot3_example.egg-info/top_level.txt
[1.340s] reading manifest file '../../../build/turtlebot3_example/turtlebot3_example.egg-info/SOURCES.txt'
[1.341s] writing manifest file '../../../build/turtlebot3_example/turtlebot3_example.egg-info/SOURCES.txt'
[1.341s] running build
[1.341s] running build_py
[1.342s] running install
[1.343s] running install_lib
[1.345s] running install_data
[1.345s] running install_egg_info
[1.348s] removing '/home/darius/turtlebot3_ws/install/turtlebot3_example/lib/python3.10/site-packages/turtlebot3_example-2.1.5-py3.10.egg-info' (and everything under it)
[1.349s] Copying ../../../build/turtlebot3_example/turtlebot3_example.egg-info to /home/darius/turtlebot3_ws/install/turtlebot3_example/lib/python3.10/site-packages/turtlebot3_example-2.1.5-py3.10.egg-info
[1.350s] running install_scripts
[1.373s] Installing turtlebot3_obstacle_detection script to /home/darius/turtlebot3_ws/install/turtlebot3_example/lib/turtlebot3_example
[1.373s] Installing turtlebot3_patrol_client script to /home/darius/turtlebot3_ws/install/turtlebot3_example/lib/turtlebot3_example
[1.373s] Installing turtlebot3_patrol_server script to /home/darius/turtlebot3_ws/install/turtlebot3_example/lib/turtlebot3_example
[1.373s] Installing turtlebot3_position_control script to /home/darius/turtlebot3_ws/install/turtlebot3_example/lib/turtlebot3_example
[1.374s] writing list of installed files to '/home/darius/turtlebot3_ws/build/turtlebot3_example/install.log'
[1.407s] Invoked command in '/home/darius/turtlebot3_ws/src/turtlebot3/turtlebot3_example' returned '0': CMAKE_PREFIX_PATH=/home/darius/turtlebot3_ws/install/turtlebot3_msgs:/home/darius/turtlebot3_ws/install/turtlebot3:/home/darius/turtlebot3_ws/install/turtlebot3_simulations:/home/darius/turtlebot3_ws/install/turtlebot3_bringup:/home/darius/turtlebot3_ws/install/turtlebot3_node:/home/darius/turtlebot3_ws/install/turtlebot3_navigation2:/home/darius/turtlebot3_ws/install/turtlebot3_fake_node:/home/darius/turtlebot3_ws/install/turtlebot3_gazebo:/home/darius/turtlebot3_ws/install/turtlebot3_description:/home/darius/turtlebot3_ws/install/turtlebot3_cartographer:/home/darius/turtlebot3_ws/install/dynamixel_sdk_examples:/home/darius/turtlebot3_ws/install/dynamixel_sdk_custom_interfaces:/home/darius/turtlebot3_ws/install/dynamixel_sdk LD_LIBRARY_PATH=/home/darius/turtlebot3_ws/install/turtlebot3_msgs/lib:/home/darius/turtlebot3_ws/install/dynamixel_sdk_custom_interfaces/lib:/home/darius/turtlebot3_ws/install/dynamixel_sdk/lib:/usr/lib/x86_64-linux-gnu/gazebo-11/plugins:/opt/ros/humble/opt/rviz_ogre_vendor/lib:/opt/ros/humble/lib/x86_64-linux-gnu:/opt/ros/humble/lib:/usr/lib/x86_64-linux-gnu/gazebo-11/plugins PYTHONPATH=/home/darius/turtlebot3_ws/build/turtlebot3_example/prefix_override:/usr/lib/python3/dist-packages/colcon_core/task/python/colcon_distutils_commands:/home/darius/turtlebot3_ws/install/turtlebot3_example/lib/python3.10/site-packages:${PYTHONPATH} /usr/bin/python3 -W ignore:setup.py install is deprecated -W ignore:easy_install command is deprecated setup.py egg_info --egg-base ../../../build/turtlebot3_example build --build-base /home/darius/turtlebot3_ws/build/turtlebot3_example/build install --record /home/darius/turtlebot3_ws/build/turtlebot3_example/install.log --single-version-externally-managed install_data
