[0.429s] Invoking command in '/home/darius/turtlebot3_ws/build/turtlebot3_fake_node': CMAKE_PREFIX_PATH=/home/darius/turtlebot3_ws/install/turtlebot3_msgs:/home/darius/turtlebot3_ws/install/turtlebot3:/home/darius/turtlebot3_ws/install/turtlebot3_bringup:/home/darius/turtlebot3_ws/install/turtlebot3_node:/home/darius/turtlebot3_ws/install/turtlebot3_navigation2:/home/darius/turtlebot3_ws/install/turtlebot3_description:/home/darius/turtlebot3_ws/install/turtlebot3_cartographer:/home/darius/turtlebot3_ws/install/dynamixel_sdk_examples:/home/darius/turtlebot3_ws/install/dynamixel_sdk_custom_interfaces:/home/darius/turtlebot3_ws/install/dynamixel_sdk:/home/darius/turtlebot3_ws/install/turtlebot3_teleop:/home/darius/turtlebot3_ws/install/turtlebot3_example:/opt/ros/humble LD_LIBRARY_PATH=/home/darius/turtlebot3_ws/install/turtlebot3_msgs/lib:/home/darius/turtlebot3_ws/install/dynamixel_sdk_custom_interfaces/lib:/home/darius/turtlebot3_ws/install/dynamixel_sdk/lib:/usr/lib/x86_64-linux-gnu/gazebo-11/plugins:/opt/ros/humble/opt/rviz_ogre_vendor/lib:/opt/ros/humble/lib/x86_64-linux-gnu:/opt/ros/humble/lib:/usr/lib/x86_64-linux-gnu/gazebo-11/plugins /usr/bin/cmake /home/darius/turtlebot3_ws/src/turtlebot3_simulations/turtlebot3_fake_node -DAMENT_CMAKE_SYMLINK_INSTALL=1 -DCMAKE_INSTALL_PREFIX=/home/darius/turtlebot3_ws/install/turtlebot3_fake_node
[0.528s] -- The C compiler identification is GNU 11.4.0
[0.628s] -- The CXX compiler identification is GNU 11.4.0
[0.643s] -- Detecting C compiler ABI info
[0.761s] -- Detecting C compiler ABI info - done
[0.776s] -- Check for working C compiler: /usr/bin/cc - skipped
[0.776s] -- Detecting C compile features
[0.777s] -- Detecting C compile features - done
[0.782s] -- Detecting CXX compiler ABI info
[0.920s] -- Detecting CXX compiler ABI info - done
[0.946s] -- Check for working CXX compiler: /usr/bin/c++ - skipped
[0.947s] -- Detecting CXX compile features
[0.948s] -- Detecting CXX compile features - done
[0.960s] -- Found ament_cmake: 1.3.11 (/opt/ros/humble/share/ament_cmake/cmake)
[1.207s] -- Found Python3: /usr/bin/python3 (found version "3.10.12") found components: Interpreter 
[1.301s] -- Override CMake install command with custom implementation using symlinks instead of copying resources
[1.379s] -- Found geometry_msgs: 4.2.4 (/opt/ros/humble/share/geometry_msgs/cmake)
[1.450s] -- Found rosidl_generator_c: 3.1.6 (/opt/ros/humble/share/rosidl_generator_c/cmake)
[1.461s] -- Found rosidl_adapter: 3.1.6 (/opt/ros/humble/share/rosidl_adapter/cmake)
[1.476s] -- Found rosidl_generator_cpp: 3.1.6 (/opt/ros/humble/share/rosidl_generator_cpp/cmake)
[1.497s] -- Using all available rosidl_typesupport_c: rosidl_typesupport_fastrtps_c;rosidl_typesupport_introspection_c
[1.528s] -- Using all available rosidl_typesupport_cpp: rosidl_typesupport_fastrtps_cpp;rosidl_typesupport_introspection_cpp
[1.586s] -- Found nav_msgs: 4.2.4 (/opt/ros/humble/share/nav_msgs/cmake)
[1.610s] -- Found rclcpp: 16.0.11 (/opt/ros/humble/share/rclcpp/cmake)
[1.680s] -- Found rmw_implementation_cmake: 6.1.2 (/opt/ros/humble/share/rmw_implementation_cmake/cmake)
[1.686s] -- Found rmw_fastrtps_cpp: 6.2.7 (/opt/ros/humble/share/rmw_fastrtps_cpp/cmake)
[1.864s] -- Found OpenSSL: /usr/lib/x86_64-linux-gnu/libcrypto.so (found version "3.0.2")  
[1.917s] -- Found FastRTPS: /opt/ros/humble/include  
[1.986s] -- Using RMW implementation 'rmw_fastrtps_cpp' as default
[2.001s] -- Looking for pthread.h
[2.123s] -- Looking for pthread.h - found
[2.123s] -- Performing Test CMAKE_HAVE_LIBC_PTHREAD
[2.260s] -- Performing Test CMAKE_HAVE_LIBC_PTHREAD - Success
[2.262s] -- Found Threads: TRUE  
[2.331s] -- Found sensor_msgs: 4.2.4 (/opt/ros/humble/share/sensor_msgs/cmake)
[2.354s] -- Found tf2: 0.25.9 (/opt/ros/humble/share/tf2/cmake)
[2.371s] -- Found tf2_msgs: 0.25.9 (/opt/ros/humble/share/tf2_msgs/cmake)
[2.425s] -- Found turtlebot3_msgs: 2.2.3 (/home/darius/turtlebot3_ws/install/turtlebot3_msgs/share/turtlebot3_msgs/cmake)
[2.553s] -- Configuring done
[2.571s] -- Generating done
[2.577s] -- Build files have been written to: /home/darius/turtlebot3_ws/build/turtlebot3_fake_node
[2.591s] Invoked command in '/home/darius/turtlebot3_ws/build/turtlebot3_fake_node' returned '0': CMAKE_PREFIX_PATH=/home/darius/turtlebot3_ws/install/turtlebot3_msgs:/home/darius/turtlebot3_ws/install/turtlebot3:/home/darius/turtlebot3_ws/install/turtlebot3_bringup:/home/darius/turtlebot3_ws/install/turtlebot3_node:/home/darius/turtlebot3_ws/install/turtlebot3_navigation2:/home/darius/turtlebot3_ws/install/turtlebot3_description:/home/darius/turtlebot3_ws/install/turtlebot3_cartographer:/home/darius/turtlebot3_ws/install/dynamixel_sdk_examples:/home/darius/turtlebot3_ws/install/dynamixel_sdk_custom_interfaces:/home/darius/turtlebot3_ws/install/dynamixel_sdk:/home/darius/turtlebot3_ws/install/turtlebot3_teleop:/home/darius/turtlebot3_ws/install/turtlebot3_example:/opt/ros/humble LD_LIBRARY_PATH=/home/darius/turtlebot3_ws/install/turtlebot3_msgs/lib:/home/darius/turtlebot3_ws/install/dynamixel_sdk_custom_interfaces/lib:/home/darius/turtlebot3_ws/install/dynamixel_sdk/lib:/usr/lib/x86_64-linux-gnu/gazebo-11/plugins:/opt/ros/humble/opt/rviz_ogre_vendor/lib:/opt/ros/humble/lib/x86_64-linux-gnu:/opt/ros/humble/lib:/usr/lib/x86_64-linux-gnu/gazebo-11/plugins /usr/bin/cmake /home/darius/turtlebot3_ws/src/turtlebot3_simulations/turtlebot3_fake_node -DAMENT_CMAKE_SYMLINK_INSTALL=1 -DCMAKE_INSTALL_PREFIX=/home/darius/turtlebot3_ws/install/turtlebot3_fake_node
[2.593s] Invoking command in '/home/darius/turtlebot3_ws/build/turtlebot3_fake_node': CMAKE_PREFIX_PATH=/home/darius/turtlebot3_ws/install/turtlebot3_msgs:/home/darius/turtlebot3_ws/install/turtlebot3:/home/darius/turtlebot3_ws/install/turtlebot3_bringup:/home/darius/turtlebot3_ws/install/turtlebot3_node:/home/darius/turtlebot3_ws/install/turtlebot3_navigation2:/home/darius/turtlebot3_ws/install/turtlebot3_description:/home/darius/turtlebot3_ws/install/turtlebot3_cartographer:/home/darius/turtlebot3_ws/install/dynamixel_sdk_examples:/home/darius/turtlebot3_ws/install/dynamixel_sdk_custom_interfaces:/home/darius/turtlebot3_ws/install/dynamixel_sdk:/home/darius/turtlebot3_ws/install/turtlebot3_teleop:/home/darius/turtlebot3_ws/install/turtlebot3_example:/opt/ros/humble LD_LIBRARY_PATH=/home/darius/turtlebot3_ws/install/turtlebot3_msgs/lib:/home/darius/turtlebot3_ws/install/dynamixel_sdk_custom_interfaces/lib:/home/darius/turtlebot3_ws/install/dynamixel_sdk/lib:/usr/lib/x86_64-linux-gnu/gazebo-11/plugins:/opt/ros/humble/opt/rviz_ogre_vendor/lib:/opt/ros/humble/lib/x86_64-linux-gnu:/opt/ros/humble/lib:/usr/lib/x86_64-linux-gnu/gazebo-11/plugins /usr/bin/cmake --build /home/darius/turtlebot3_ws/build/turtlebot3_fake_node
[2.685s] [ 50%] [32mBuilding CXX object CMakeFiles/turtlebot3_fake_node.dir/src/turtlebot3_fake_node.cpp.o[0m
[14.643s] [100%] [32m[1mLinking CXX executable turtlebot3_fake_node[0m
[15.502s] [100%] Built target turtlebot3_fake_node
[15.522s] Invoked command in '/home/darius/turtlebot3_ws/build/turtlebot3_fake_node' returned '0': CMAKE_PREFIX_PATH=/home/darius/turtlebot3_ws/install/turtlebot3_msgs:/home/darius/turtlebot3_ws/install/turtlebot3:/home/darius/turtlebot3_ws/install/turtlebot3_bringup:/home/darius/turtlebot3_ws/install/turtlebot3_node:/home/darius/turtlebot3_ws/install/turtlebot3_navigation2:/home/darius/turtlebot3_ws/install/turtlebot3_description:/home/darius/turtlebot3_ws/install/turtlebot3_cartographer:/home/darius/turtlebot3_ws/install/dynamixel_sdk_examples:/home/darius/turtlebot3_ws/install/dynamixel_sdk_custom_interfaces:/home/darius/turtlebot3_ws/install/dynamixel_sdk:/home/darius/turtlebot3_ws/install/turtlebot3_teleop:/home/darius/turtlebot3_ws/install/turtlebot3_example:/opt/ros/humble LD_LIBRARY_PATH=/home/darius/turtlebot3_ws/install/turtlebot3_msgs/lib:/home/darius/turtlebot3_ws/install/dynamixel_sdk_custom_interfaces/lib:/home/darius/turtlebot3_ws/install/dynamixel_sdk/lib:/usr/lib/x86_64-linux-gnu/gazebo-11/plugins:/opt/ros/humble/opt/rviz_ogre_vendor/lib:/opt/ros/humble/lib/x86_64-linux-gnu:/opt/ros/humble/lib:/usr/lib/x86_64-linux-gnu/gazebo-11/plugins /usr/bin/cmake --build /home/darius/turtlebot3_ws/build/turtlebot3_fake_node
[15.525s] Invoking command in '/home/darius/turtlebot3_ws/build/turtlebot3_fake_node': CMAKE_PREFIX_PATH=/home/darius/turtlebot3_ws/install/turtlebot3_msgs:/home/darius/turtlebot3_ws/install/turtlebot3:/home/darius/turtlebot3_ws/install/turtlebot3_bringup:/home/darius/turtlebot3_ws/install/turtlebot3_node:/home/darius/turtlebot3_ws/install/turtlebot3_navigation2:/home/darius/turtlebot3_ws/install/turtlebot3_description:/home/darius/turtlebot3_ws/install/turtlebot3_cartographer:/home/darius/turtlebot3_ws/install/dynamixel_sdk_examples:/home/darius/turtlebot3_ws/install/dynamixel_sdk_custom_interfaces:/home/darius/turtlebot3_ws/install/dynamixel_sdk:/home/darius/turtlebot3_ws/install/turtlebot3_teleop:/home/darius/turtlebot3_ws/install/turtlebot3_example:/opt/ros/humble LD_LIBRARY_PATH=/home/darius/turtlebot3_ws/install/turtlebot3_msgs/lib:/home/darius/turtlebot3_ws/install/dynamixel_sdk_custom_interfaces/lib:/home/darius/turtlebot3_ws/install/dynamixel_sdk/lib:/usr/lib/x86_64-linux-gnu/gazebo-11/plugins:/opt/ros/humble/opt/rviz_ogre_vendor/lib:/opt/ros/humble/lib/x86_64-linux-gnu:/opt/ros/humble/lib:/usr/lib/x86_64-linux-gnu/gazebo-11/plugins /usr/bin/cmake --install /home/darius/turtlebot3_ws/build/turtlebot3_fake_node
[15.537s] -- Install configuration: ""
[15.537s] -- Execute custom install script
[15.538s] -- Symlinking: /home/darius/turtlebot3_ws/install/turtlebot3_fake_node/lib/turtlebot3_fake_node/turtlebot3_fake_node
[15.556s] -- Symlinking: /home/darius/turtlebot3_ws/install/turtlebot3_fake_node/share/turtlebot3_fake_node/launch/rviz2.launch.py
[15.575s] -- Symlinking: /home/darius/turtlebot3_ws/install/turtlebot3_fake_node/share/turtlebot3_fake_node/launch/turtlebot3_fake_node.launch.py
[15.590s] -- Symlinking: /home/darius/turtlebot3_ws/install/turtlebot3_fake_node/share/turtlebot3_fake_node/param/burger.yaml
[15.604s] -- Symlinking: /home/darius/turtlebot3_ws/install/turtlebot3_fake_node/share/turtlebot3_fake_node/param/waffle.yaml
[15.618s] -- Symlinking: /home/darius/turtlebot3_ws/install/turtlebot3_fake_node/share/turtlebot3_fake_node/param/waffle_pi.yaml
[15.633s] -- Symlinking: /home/darius/turtlebot3_ws/install/turtlebot3_fake_node/include//turtlebot3_fake_node/turtlebot3_fake_node.hpp
[15.657s] -- Symlinking: /home/darius/turtlebot3_ws/install/turtlebot3_fake_node/share/ament_index/resource_index/package_run_dependencies/turtlebot3_fake_node
[15.672s] -- Symlinking: /home/darius/turtlebot3_ws/install/turtlebot3_fake_node/share/ament_index/resource_index/parent_prefix_path/turtlebot3_fake_node
[15.687s] -- Symlinking: /home/darius/turtlebot3_ws/install/turtlebot3_fake_node/share/turtlebot3_fake_node/environment/ament_prefix_path.sh
[15.710s] -- Symlinking: /home/darius/turtlebot3_ws/install/turtlebot3_fake_node/share/turtlebot3_fake_node/environment/ament_prefix_path.dsv
[15.724s] -- Symlinking: /home/darius/turtlebot3_ws/install/turtlebot3_fake_node/share/turtlebot3_fake_node/environment/path.sh
[15.739s] -- Symlinking: /home/darius/turtlebot3_ws/install/turtlebot3_fake_node/share/turtlebot3_fake_node/environment/path.dsv
[15.754s] -- Symlinking: /home/darius/turtlebot3_ws/install/turtlebot3_fake_node/share/turtlebot3_fake_node/local_setup.bash
[15.777s] -- Symlinking: /home/darius/turtlebot3_ws/install/turtlebot3_fake_node/share/turtlebot3_fake_node/local_setup.sh
[15.795s] -- Symlinking: /home/darius/turtlebot3_ws/install/turtlebot3_fake_node/share/turtlebot3_fake_node/local_setup.zsh
[15.813s] -- Symlinking: /home/darius/turtlebot3_ws/install/turtlebot3_fake_node/share/turtlebot3_fake_node/local_setup.dsv
[15.827s] -- Symlinking: /home/darius/turtlebot3_ws/install/turtlebot3_fake_node/share/turtlebot3_fake_node/package.dsv
[15.840s] -- Symlinking: /home/darius/turtlebot3_ws/install/turtlebot3_fake_node/share/ament_index/resource_index/packages/turtlebot3_fake_node
[15.855s] -- Symlinking: /home/darius/turtlebot3_ws/install/turtlebot3_fake_node/share/turtlebot3_fake_node/cmake/ament_cmake_export_include_directories-extras.cmake
[15.869s] -- Symlinking: /home/darius/turtlebot3_ws/install/turtlebot3_fake_node/share/turtlebot3_fake_node/cmake/ament_cmake_export_dependencies-extras.cmake
[15.883s] -- Symlinking: /home/darius/turtlebot3_ws/install/turtlebot3_fake_node/share/turtlebot3_fake_node/cmake/turtlebot3_fake_nodeConfig.cmake
[15.896s] -- Symlinking: /home/darius/turtlebot3_ws/install/turtlebot3_fake_node/share/turtlebot3_fake_node/cmake/turtlebot3_fake_nodeConfig-version.cmake
[15.909s] -- Symlinking: /home/darius/turtlebot3_ws/install/turtlebot3_fake_node/share/turtlebot3_fake_node/package.xml
[15.928s] Invoked command in '/home/darius/turtlebot3_ws/build/turtlebot3_fake_node' returned '0': CMAKE_PREFIX_PATH=/home/darius/turtlebot3_ws/install/turtlebot3_msgs:/home/darius/turtlebot3_ws/install/turtlebot3:/home/darius/turtlebot3_ws/install/turtlebot3_bringup:/home/darius/turtlebot3_ws/install/turtlebot3_node:/home/darius/turtlebot3_ws/install/turtlebot3_navigation2:/home/darius/turtlebot3_ws/install/turtlebot3_description:/home/darius/turtlebot3_ws/install/turtlebot3_cartographer:/home/darius/turtlebot3_ws/install/dynamixel_sdk_examples:/home/darius/turtlebot3_ws/install/dynamixel_sdk_custom_interfaces:/home/darius/turtlebot3_ws/install/dynamixel_sdk:/home/darius/turtlebot3_ws/install/turtlebot3_teleop:/home/darius/turtlebot3_ws/install/turtlebot3_example:/opt/ros/humble LD_LIBRARY_PATH=/home/darius/turtlebot3_ws/install/turtlebot3_msgs/lib:/home/darius/turtlebot3_ws/install/dynamixel_sdk_custom_interfaces/lib:/home/darius/turtlebot3_ws/install/dynamixel_sdk/lib:/usr/lib/x86_64-linux-gnu/gazebo-11/plugins:/opt/ros/humble/opt/rviz_ogre_vendor/lib:/opt/ros/humble/lib/x86_64-linux-gnu:/opt/ros/humble/lib:/usr/lib/x86_64-linux-gnu/gazebo-11/plugins /usr/bin/cmake --install /home/darius/turtlebot3_ws/build/turtlebot3_fake_node
