[1.330s] Invoking command in '/home/darius/turtlebot3_ws/src/Autobot_Ver1': PYTHONPATH=/home/darius/turtlebot3_ws/build/Autobot_Ver1/prefix_override:/usr/lib/python3/dist-packages/colcon_core/task/python/colcon_distutils_commands:/home/darius/turtlebot3_ws/install/Autobot_Ver1/lib/python3.10/site-packages:${PYTHONPATH} /usr/bin/python3 -W ignore:setup.py install is deprecated -W ignore:easy_install command is deprecated setup.py egg_info --egg-base ../../build/Autobot_Ver1 build --build-base /home/darius/turtlebot3_ws/build/Autobot_Ver1/build install --record /home/darius/turtlebot3_ws/build/Autobot_Ver1/install.log --single-version-externally-managed install_data
[1.675s] running egg_info
[1.676s] writing ../../build/Autobot_Ver1/Autobot_Ver1.egg-info/PKG-INFO
[1.676s] writing dependency_links to ../../build/Autobot_Ver1/Autobot_Ver1.egg-info/dependency_links.txt
[1.677s] writing entry points to ../../build/Autobot_Ver1/Autobot_Ver1.egg-info/entry_points.txt
[1.677s] writing requirements to ../../build/Autobot_Ver1/Autobot_Ver1.egg-info/requires.txt
[1.677s] writing top-level names to ../../build/Autobot_Ver1/Autobot_Ver1.egg-info/top_level.txt
[1.680s] reading manifest file '../../build/Autobot_Ver1/Autobot_Ver1.egg-info/SOURCES.txt'
[1.682s] writing manifest file '../../build/Autobot_Ver1/Autobot_Ver1.egg-info/SOURCES.txt'
[1.683s] running build
[1.683s] running build_py
[1.683s] running install
[1.684s] running install_lib
[1.686s] running install_data
[1.686s] running install_egg_info
[1.691s] removing '/home/darius/turtlebot3_ws/install/Autobot_Ver1/lib/python3.10/site-packages/Autobot_Ver1-0.0.0-py3.10.egg-info' (and everything under it)
[1.692s] Copying ../../build/Autobot_Ver1/Autobot_Ver1.egg-info to /home/darius/turtlebot3_ws/install/Autobot_Ver1/lib/python3.10/site-packages/Autobot_Ver1-0.0.0-py3.10.egg-info
[1.693s] running install_scripts
[1.733s] writing list of installed files to '/home/darius/turtlebot3_ws/build/Autobot_Ver1/install.log'
[1.777s] Invoked command in '/home/darius/turtlebot3_ws/src/Autobot_Ver1' returned '0': PYTHONPATH=/home/darius/turtlebot3_ws/build/Autobot_Ver1/prefix_override:/usr/lib/python3/dist-packages/colcon_core/task/python/colcon_distutils_commands:/home/darius/turtlebot3_ws/install/Autobot_Ver1/lib/python3.10/site-packages:${PYTHONPATH} /usr/bin/python3 -W ignore:setup.py install is deprecated -W ignore:easy_install command is deprecated setup.py egg_info --egg-base ../../build/Autobot_Ver1 build --build-base /home/darius/turtlebot3_ws/build/Autobot_Ver1/build install --record /home/darius/turtlebot3_ws/build/Autobot_Ver1/install.log --single-version-externally-managed install_data
