[0.040s] Invoking command in '/home/darius/turtlebot3_ws/build/dynamixel_sdk_custom_interfaces': CMAKE_PREFIX_PATH=/opt/ros/humble /usr/bin/cmake /home/darius/turtlebot3_ws/src/DynamixelSDK/dynamixel_sdk_custom_interfaces -DAMENT_CMAKE_SYMLINK_INSTALL=1 -DCMAKE_INSTALL_PREFIX=/home/darius/turtlebot3_ws/install/dynamixel_sdk_custom_interfaces
[0.246s] -- The C compiler identification is GNU 11.4.0
[0.436s] -- The CXX compiler identification is GNU 11.4.0
[0.451s] -- Detecting C compiler ABI info
[0.623s] -- Detecting C compiler ABI info - done
[0.639s] -- Check for working C compiler: /usr/bin/cc - skipped
[0.640s] -- Detecting C compile features
[0.640s] -- Detecting C compile features - done
[0.646s] -- Detecting CXX compiler ABI info
[0.844s] -- Detecting CXX compiler ABI info - done
[0.860s] -- Check for working CXX compiler: /usr/bin/c++ - skipped
[0.862s] -- Detecting CXX compile features
[0.862s] -- Detecting CXX compile features - done
[0.865s] -- Found ament_cmake: 1.3.11 (/opt/ros/humble/share/ament_cmake/cmake)
[1.165s] -- Found Python3: /usr/bin/python3 (found version "3.10.12") found components: Interpreter 
[1.310s] -- Override CMake install command with custom implementation using symlinks instead of copying resources
[1.382s] -- Found builtin_interfaces: 1.2.1 (/opt/ros/humble/share/builtin_interfaces/cmake)
[1.462s] -- Found rosidl_generator_c: 3.1.6 (/opt/ros/humble/share/rosidl_generator_c/cmake)
[1.476s] -- Found rosidl_adapter: 3.1.6 (/opt/ros/humble/share/rosidl_adapter/cmake)
[1.502s] -- Found rosidl_generator_cpp: 3.1.6 (/opt/ros/humble/share/rosidl_generator_cpp/cmake)
[1.544s] -- Using all available rosidl_typesupport_c: rosidl_typesupport_fastrtps_c;rosidl_typesupport_introspection_c
[1.598s] -- Using all available rosidl_typesupport_cpp: rosidl_typesupport_fastrtps_cpp;rosidl_typesupport_introspection_cpp
[1.635s] -- Found rosidl_default_generators: 1.2.0 (/opt/ros/humble/share/rosidl_default_generators/cmake)
[2.226s] -- Found ament_cmake_ros: 0.10.0 (/opt/ros/humble/share/ament_cmake_ros/cmake)
[2.776s] -- Using all available rosidl_typesupport_c: rosidl_typesupport_fastrtps_c;rosidl_typesupport_introspection_c
[2.978s] -- Using all available rosidl_typesupport_cpp: rosidl_typesupport_fastrtps_cpp;rosidl_typesupport_introspection_cpp
[3.018s] -- Found PythonInterp: /usr/bin/python3 (found suitable version "3.10.12", minimum required is "3.6") 
[3.022s] -- Found python_cmake_module: 0.10.0 (/opt/ros/humble/share/python_cmake_module/cmake)
[3.067s] -- Found PythonLibs: /usr/lib/x86_64-linux-gnu/libpython3.10.so (found suitable version "3.10.12", minimum required is "3.5") 
[3.067s] -- Using PYTHON_EXECUTABLE: /usr/bin/python3
[3.068s] -- Using PYTHON_INCLUDE_DIRS: /usr/include/python3.10
[3.068s] -- Using PYTHON_LIBRARIES: /usr/lib/x86_64-linux-gnu/libpython3.10.so
[3.098s] -- Found PythonExtra: .so  
[3.181s] -- Configuring done
[3.235s] -- Generating done
[3.249s] -- Build files have been written to: /home/darius/turtlebot3_ws/build/dynamixel_sdk_custom_interfaces
[3.258s] Invoked command in '/home/darius/turtlebot3_ws/build/dynamixel_sdk_custom_interfaces' returned '0': CMAKE_PREFIX_PATH=/opt/ros/humble /usr/bin/cmake /home/darius/turtlebot3_ws/src/DynamixelSDK/dynamixel_sdk_custom_interfaces -DAMENT_CMAKE_SYMLINK_INSTALL=1 -DCMAKE_INSTALL_PREFIX=/home/darius/turtlebot3_ws/install/dynamixel_sdk_custom_interfaces
[3.261s] Invoking command in '/home/darius/turtlebot3_ws/build/dynamixel_sdk_custom_interfaces': CMAKE_PREFIX_PATH=/opt/ros/humble /usr/bin/cmake --build /home/darius/turtlebot3_ws/build/dynamixel_sdk_custom_interfaces
[3.342s] [  2%] [34m[1mGenerating C++ code for ROS interfaces[0m
[3.853s] [  2%] Built target dynamixel_sdk_custom_interfaces__cpp
[3.873s] [  5%] [34m[1mGenerating C++ type support dispatch for ROS interfaces[0m
[4.293s] [  7%] [32mBuilding CXX object CMakeFiles/dynamixel_sdk_custom_interfaces__rosidl_typesupport_cpp.dir/rosidl_typesupport_cpp/dynamixel_sdk_custom_interfaces/msg/set_position__type_support.cpp.o[0m
[4.672s] [ 10%] [32mBuilding CXX object CMakeFiles/dynamixel_sdk_custom_interfaces__rosidl_typesupport_cpp.dir/rosidl_typesupport_cpp/dynamixel_sdk_custom_interfaces/srv/get_position__type_support.cpp.o[0m
[5.033s] [ 12%] [32m[1mLinking CXX shared library libdynamixel_sdk_custom_interfaces__rosidl_typesupport_cpp.so[0m
[5.119s] [ 12%] Built target dynamixel_sdk_custom_interfaces__rosidl_typesupport_cpp
[5.144s] [ 15%] [34m[1mGenerating C code for ROS interfaces[0m
[5.644s] [ 17%] [32mBuilding C object CMakeFiles/dynamixel_sdk_custom_interfaces__rosidl_generator_c.dir/rosidl_generator_c/dynamixel_sdk_custom_interfaces/msg/detail/set_position__functions.c.o[0m
[5.741s] [ 20%] [32mBuilding C object CMakeFiles/dynamixel_sdk_custom_interfaces__rosidl_generator_c.dir/rosidl_generator_c/dynamixel_sdk_custom_interfaces/srv/detail/get_position__functions.c.o[0m
[5.824s] [ 23%] [32m[1mLinking C shared library libdynamixel_sdk_custom_interfaces__rosidl_generator_c.so[0m
[5.893s] [ 23%] Built target dynamixel_sdk_custom_interfaces__rosidl_generator_c
[5.913s] [ 25%] [34m[1mGenerating C type support for eProsima Fast-RTPS[0m
[6.393s] [ 28%] [32mBuilding CXX object CMakeFiles/dynamixel_sdk_custom_interfaces__rosidl_typesupport_fastrtps_c.dir/rosidl_typesupport_fastrtps_c/dynamixel_sdk_custom_interfaces/msg/detail/set_position__type_support_c.cpp.o[0m
[6.880s] [ 30%] [32mBuilding CXX object CMakeFiles/dynamixel_sdk_custom_interfaces__rosidl_typesupport_fastrtps_c.dir/rosidl_typesupport_fastrtps_c/dynamixel_sdk_custom_interfaces/srv/detail/get_position__type_support_c.cpp.o[0m
[7.361s] [ 33%] [32m[1mLinking CXX shared library libdynamixel_sdk_custom_interfaces__rosidl_typesupport_fastrtps_c.so[0m
[7.503s] [ 33%] Built target dynamixel_sdk_custom_interfaces__rosidl_typesupport_fastrtps_c
[7.521s] [ 35%] [34m[1mGenerating C++ type support for eProsima Fast-RTPS[0m
[7.980s] [ 38%] [32mBuilding CXX object CMakeFiles/dynamixel_sdk_custom_interfaces__rosidl_typesupport_fastrtps_cpp.dir/rosidl_typesupport_fastrtps_cpp/dynamixel_sdk_custom_interfaces/msg/detail/dds_fastrtps/set_position__type_support.cpp.o[0m
[8.461s] [ 41%] [32mBuilding CXX object CMakeFiles/dynamixel_sdk_custom_interfaces__rosidl_typesupport_fastrtps_cpp.dir/rosidl_typesupport_fastrtps_cpp/dynamixel_sdk_custom_interfaces/srv/detail/dds_fastrtps/get_position__type_support.cpp.o[0m
[8.794s] gmake[2]: *** [CMakeFiles/dynamixel_sdk_custom_interfaces__rosidl_typesupport_fastrtps_cpp.dir/build.make:114: CMakeFiles/dynamixel_sdk_custom_interfaces__rosidl_typesupport_fastrtps_cpp.dir/rosidl_typesupport_fastrtps_cpp/dynamixel_sdk_custom_interfaces/srv/detail/dds_fastrtps/get_position__type_support.cpp.o] Interrupt
[8.794s] gmake[1]: *** [CMakeFiles/Makefile2:291: CMakeFiles/dynamixel_sdk_custom_interfaces__rosidl_typesupport_fastrtps_cpp.dir/all] Interrupt
[8.794s] gmake: *** [Makefile:146: all] Interrupt
[8.796s] Invoked command in '/home/darius/turtlebot3_ws/build/dynamixel_sdk_custom_interfaces' returned '-2': CMAKE_PREFIX_PATH=/opt/ros/humble /usr/bin/cmake --build /home/darius/turtlebot3_ws/build/dynamixel_sdk_custom_interfaces
