[0.021s] Invoking command in '/home/darius/turtlebot3_ws/build/dynamixel_sdk_examples': AMENT_PREFIX_PATH=/home/darius/turtlebot3_ws/install/dynamixel_sdk_custom_interfaces:/home/darius/turtlebot3_ws/install/dynamixel_sdk:${AMENT_PREFIX_PATH} CMAKE_PREFIX_PATH=/home/darius/turtlebot3_ws/install/dynamixel_sdk_custom_interfaces:/home/darius/turtlebot3_ws/install/dynamixel_sdk:/opt/ros/humble LD_LIBRARY_PATH=/home/darius/turtlebot3_ws/install/dynamixel_sdk_custom_interfaces/lib:/home/darius/turtlebot3_ws/install/dynamixel_sdk/lib:${LD_LIBRARY_PATH} PYTHONPATH=/home/darius/turtlebot3_ws/install/dynamixel_sdk_custom_interfaces/local/lib/python3.10/dist-packages:${PYTHONPATH} /usr/bin/cmake /home/darius/turtlebot3_ws/src/DynamixelSDK/dynamixel_sdk_examples -DAMENT_CMAKE_SYMLINK_INSTALL=1 -DCMAKE_INSTALL_PREFIX=/home/darius/turtlebot3_ws/install/dynamixel_sdk_examples
[0.038s] -- Found ament_cmake: 1.3.11 (/opt/ros/humble/share/ament_cmake/cmake)
[0.205s] -- Override CMake install command with custom implementation using symlinks instead of copying resources
[0.226s] -- Found dynamixel_sdk: 3.7.60 (/home/darius/turtlebot3_ws/install/dynamixel_sdk/share/dynamixel_sdk/cmake)
[0.232s] -- Found dynamixel_sdk_custom_interfaces: 3.7.60 (/home/darius/turtlebot3_ws/install/dynamixel_sdk_custom_interfaces/share/dynamixel_sdk_custom_interfaces/cmake)
[0.274s] -- Found rosidl_generator_c: 3.1.6 (/opt/ros/humble/share/rosidl_generator_c/cmake)
[0.278s] -- Found rosidl_adapter: 3.1.6 (/opt/ros/humble/share/rosidl_adapter/cmake)
[0.284s] -- Found rosidl_generator_cpp: 3.1.6 (/opt/ros/humble/share/rosidl_generator_cpp/cmake)
[0.296s] -- Using all available rosidl_typesupport_c: rosidl_typesupport_fastrtps_c;rosidl_typesupport_introspection_c
[0.312s] -- Using all available rosidl_typesupport_cpp: rosidl_typesupport_fastrtps_cpp;rosidl_typesupport_introspection_cpp
[0.341s] -- Found rclcpp: 16.0.11 (/opt/ros/humble/share/rclcpp/cmake)
[0.375s] -- Found rmw_implementation_cmake: 6.1.2 (/opt/ros/humble/share/rmw_implementation_cmake/cmake)
[0.376s] -- Found rmw_fastrtps_cpp: 6.2.7 (/opt/ros/humble/share/rmw_fastrtps_cpp/cmake)
[0.531s] -- Using RMW implementation 'rmw_fastrtps_cpp' as default
[0.592s] -- Found ament_lint_auto: 0.12.11 (/opt/ros/humble/share/ament_lint_auto/cmake)
[0.692s] -- Added test 'copyright' to check source files copyright and LICENSE
[0.693s] -- Added test 'cppcheck' to perform static code analysis on C / C++ code
[0.694s] -- Configured cppcheck include dirs: /home/darius/turtlebot3_ws/src/DynamixelSDK/dynamixel_sdk_examples/include
[0.694s] -- Configured cppcheck exclude dirs and/or files: 
[0.694s] -- Added test 'cpplint' to check C / C++ code against the Google style
[0.695s] -- Configured cpplint exclude dirs and/or files: 
[0.695s] -- Added test 'lint_cmake' to check CMake code style
[0.696s] -- Added test 'uncrustify' to check C / C++ code style
[0.696s] -- Configured uncrustify additional arguments: 
[0.697s] -- Added test 'xmllint' to check XML markup files
[0.698s] -- Configuring done
[0.712s] -- Generating done
[0.717s] -- Build files have been written to: /home/darius/turtlebot3_ws/build/dynamixel_sdk_examples
[0.773s] Invoked command in '/home/darius/turtlebot3_ws/build/dynamixel_sdk_examples' returned '0': AMENT_PREFIX_PATH=/home/darius/turtlebot3_ws/install/dynamixel_sdk_custom_interfaces:/home/darius/turtlebot3_ws/install/dynamixel_sdk:${AMENT_PREFIX_PATH} CMAKE_PREFIX_PATH=/home/darius/turtlebot3_ws/install/dynamixel_sdk_custom_interfaces:/home/darius/turtlebot3_ws/install/dynamixel_sdk:/opt/ros/humble LD_LIBRARY_PATH=/home/darius/turtlebot3_ws/install/dynamixel_sdk_custom_interfaces/lib:/home/darius/turtlebot3_ws/install/dynamixel_sdk/lib:${LD_LIBRARY_PATH} PYTHONPATH=/home/darius/turtlebot3_ws/install/dynamixel_sdk_custom_interfaces/local/lib/python3.10/dist-packages:${PYTHONPATH} /usr/bin/cmake /home/darius/turtlebot3_ws/src/DynamixelSDK/dynamixel_sdk_examples -DAMENT_CMAKE_SYMLINK_INSTALL=1 -DCMAKE_INSTALL_PREFIX=/home/darius/turtlebot3_ws/install/dynamixel_sdk_examples
[0.775s] Invoking command in '/home/darius/turtlebot3_ws/build/dynamixel_sdk_examples': AMENT_PREFIX_PATH=/home/darius/turtlebot3_ws/install/dynamixel_sdk_custom_interfaces:/home/darius/turtlebot3_ws/install/dynamixel_sdk:${AMENT_PREFIX_PATH} CMAKE_PREFIX_PATH=/home/darius/turtlebot3_ws/install/dynamixel_sdk_custom_interfaces:/home/darius/turtlebot3_ws/install/dynamixel_sdk:/opt/ros/humble LD_LIBRARY_PATH=/home/darius/turtlebot3_ws/install/dynamixel_sdk_custom_interfaces/lib:/home/darius/turtlebot3_ws/install/dynamixel_sdk/lib:${LD_LIBRARY_PATH} PYTHONPATH=/home/darius/turtlebot3_ws/install/dynamixel_sdk_custom_interfaces/local/lib/python3.10/dist-packages:${PYTHONPATH} /usr/bin/cmake --build /home/darius/turtlebot3_ws/build/dynamixel_sdk_examples
[0.847s] [35m[1mConsolidate compiler generated dependencies of target read_write_node[0m
[0.874s] [100%] Built target read_write_node
[0.905s] Invoked command in '/home/darius/turtlebot3_ws/build/dynamixel_sdk_examples' returned '0': AMENT_PREFIX_PATH=/home/darius/turtlebot3_ws/install/dynamixel_sdk_custom_interfaces:/home/darius/turtlebot3_ws/install/dynamixel_sdk:${AMENT_PREFIX_PATH} CMAKE_PREFIX_PATH=/home/darius/turtlebot3_ws/install/dynamixel_sdk_custom_interfaces:/home/darius/turtlebot3_ws/install/dynamixel_sdk:/opt/ros/humble LD_LIBRARY_PATH=/home/darius/turtlebot3_ws/install/dynamixel_sdk_custom_interfaces/lib:/home/darius/turtlebot3_ws/install/dynamixel_sdk/lib:${LD_LIBRARY_PATH} PYTHONPATH=/home/darius/turtlebot3_ws/install/dynamixel_sdk_custom_interfaces/local/lib/python3.10/dist-packages:${PYTHONPATH} /usr/bin/cmake --build /home/darius/turtlebot3_ws/build/dynamixel_sdk_examples
[0.908s] Invoking command in '/home/darius/turtlebot3_ws/build/dynamixel_sdk_examples': AMENT_PREFIX_PATH=/home/darius/turtlebot3_ws/install/dynamixel_sdk_custom_interfaces:/home/darius/turtlebot3_ws/install/dynamixel_sdk:${AMENT_PREFIX_PATH} CMAKE_PREFIX_PATH=/home/darius/turtlebot3_ws/install/dynamixel_sdk_custom_interfaces:/home/darius/turtlebot3_ws/install/dynamixel_sdk:/opt/ros/humble LD_LIBRARY_PATH=/home/darius/turtlebot3_ws/install/dynamixel_sdk_custom_interfaces/lib:/home/darius/turtlebot3_ws/install/dynamixel_sdk/lib:${LD_LIBRARY_PATH} PYTHONPATH=/home/darius/turtlebot3_ws/install/dynamixel_sdk_custom_interfaces/local/lib/python3.10/dist-packages:${PYTHONPATH} /usr/bin/cmake --install /home/darius/turtlebot3_ws/build/dynamixel_sdk_examples
[0.919s] -- Install configuration: ""
[0.919s] -- Execute custom install script
[0.920s] -- Up-to-date symlink: /home/darius/turtlebot3_ws/install/dynamixel_sdk_examples/lib/dynamixel_sdk_examples/read_write_node
[0.920s] -- Up-to-date symlink: /home/darius/turtlebot3_ws/install/dynamixel_sdk_examples/share/ament_index/resource_index/package_run_dependencies/dynamixel_sdk_examples
[0.921s] -- Up-to-date symlink: /home/darius/turtlebot3_ws/install/dynamixel_sdk_examples/share/ament_index/resource_index/parent_prefix_path/dynamixel_sdk_examples
[0.921s] -- Up-to-date symlink: /home/darius/turtlebot3_ws/install/dynamixel_sdk_examples/share/dynamixel_sdk_examples/environment/ament_prefix_path.sh
[0.921s] -- Up-to-date symlink: /home/darius/turtlebot3_ws/install/dynamixel_sdk_examples/share/dynamixel_sdk_examples/environment/ament_prefix_path.dsv
[0.921s] -- Up-to-date symlink: /home/darius/turtlebot3_ws/install/dynamixel_sdk_examples/share/dynamixel_sdk_examples/environment/path.sh
[0.922s] -- Up-to-date symlink: /home/darius/turtlebot3_ws/install/dynamixel_sdk_examples/share/dynamixel_sdk_examples/environment/path.dsv
[0.922s] -- Up-to-date symlink: /home/darius/turtlebot3_ws/install/dynamixel_sdk_examples/share/dynamixel_sdk_examples/local_setup.bash
[0.922s] -- Up-to-date symlink: /home/darius/turtlebot3_ws/install/dynamixel_sdk_examples/share/dynamixel_sdk_examples/local_setup.sh
[0.922s] -- Up-to-date symlink: /home/darius/turtlebot3_ws/install/dynamixel_sdk_examples/share/dynamixel_sdk_examples/local_setup.zsh
[0.923s] -- Up-to-date symlink: /home/darius/turtlebot3_ws/install/dynamixel_sdk_examples/share/dynamixel_sdk_examples/local_setup.dsv
[0.923s] -- Symlinking: /home/darius/turtlebot3_ws/install/dynamixel_sdk_examples/share/dynamixel_sdk_examples/package.dsv
[0.942s] -- Up-to-date symlink: /home/darius/turtlebot3_ws/install/dynamixel_sdk_examples/share/ament_index/resource_index/packages/dynamixel_sdk_examples
[0.943s] -- Up-to-date symlink: /home/darius/turtlebot3_ws/install/dynamixel_sdk_examples/share/dynamixel_sdk_examples/cmake/dynamixel_sdk_examplesConfig.cmake
[0.943s] -- Up-to-date symlink: /home/darius/turtlebot3_ws/install/dynamixel_sdk_examples/share/dynamixel_sdk_examples/cmake/dynamixel_sdk_examplesConfig-version.cmake
[0.944s] -- Up-to-date symlink: /home/darius/turtlebot3_ws/install/dynamixel_sdk_examples/share/dynamixel_sdk_examples/package.xml
[0.949s] Invoked command in '/home/darius/turtlebot3_ws/build/dynamixel_sdk_examples' returned '0': AMENT_PREFIX_PATH=/home/darius/turtlebot3_ws/install/dynamixel_sdk_custom_interfaces:/home/darius/turtlebot3_ws/install/dynamixel_sdk:${AMENT_PREFIX_PATH} CMAKE_PREFIX_PATH=/home/darius/turtlebot3_ws/install/dynamixel_sdk_custom_interfaces:/home/darius/turtlebot3_ws/install/dynamixel_sdk:/opt/ros/humble LD_LIBRARY_PATH=/home/darius/turtlebot3_ws/install/dynamixel_sdk_custom_interfaces/lib:/home/darius/turtlebot3_ws/install/dynamixel_sdk/lib:${LD_LIBRARY_PATH} PYTHONPATH=/home/darius/turtlebot3_ws/install/dynamixel_sdk_custom_interfaces/local/lib/python3.10/dist-packages:${PYTHONPATH} /usr/bin/cmake --install /home/darius/turtlebot3_ws/build/dynamixel_sdk_examples
