[0.071s] Invoking command in '/home/darius/turtlebot3_ws/build/dynamixel_sdk': CMAKE_PREFIX_PATH=${CMAKE_PREFIX_PATH}:/home/darius/turtlebot3_ws/install/turtlebot3_teleop:/home/darius/turtlebot3_ws/install/turtlebot3_example:/home/darius/turtlebot3_ws/install/Autobot_Ver1:/opt/ros/humble /usr/bin/cmake --build /home/darius/turtlebot3_ws/build/dynamixel_sdk -- -j8 -l8
[0.213s] [100%] Built target dynamixel_sdk
[0.927s] Invoked command in '/home/darius/turtlebot3_ws/build/dynamixel_sdk' returned '0': CMAKE_PREFIX_PATH=${CMAKE_PREFIX_PATH}:/home/darius/turtlebot3_ws/install/turtlebot3_teleop:/home/darius/turtlebot3_ws/install/turtlebot3_example:/home/darius/turtlebot3_ws/install/Autobot_Ver1:/opt/ros/humble /usr/bin/cmake --build /home/darius/turtlebot3_ws/build/dynamixel_sdk -- -j8 -l8
[0.975s] Invoking command in '/home/darius/turtlebot3_ws/build/dynamixel_sdk': CMAKE_PREFIX_PATH=${CMAKE_PREFIX_PATH}:/home/darius/turtlebot3_ws/install/turtlebot3_teleop:/home/darius/turtlebot3_ws/install/turtlebot3_example:/home/darius/turtlebot3_ws/install/Autobot_Ver1:/opt/ros/humble /usr/bin/cmake --install /home/darius/turtlebot3_ws/build/dynamixel_sdk
[1.025s] -- Install configuration: ""
[1.025s] -- Up-to-date: /home/darius/turtlebot3_ws/install/dynamixel_sdk/include/
[1.026s] -- Up-to-date: /home/darius/turtlebot3_ws/install/dynamixel_sdk/include//dynamixel_sdk
[1.026s] -- Up-to-date: /home/darius/turtlebot3_ws/install/dynamixel_sdk/include//dynamixel_sdk/port_handler_mac.h
[1.026s] -- Up-to-date: /home/darius/turtlebot3_ws/install/dynamixel_sdk/include//dynamixel_sdk/protocol1_packet_handler.h
[1.026s] -- Up-to-date: /home/darius/turtlebot3_ws/install/dynamixel_sdk/include//dynamixel_sdk/group_bulk_write.h
[1.026s] -- Up-to-date: /home/darius/turtlebot3_ws/install/dynamixel_sdk/include//dynamixel_sdk/group_sync_write.h
[1.026s] -- Up-to-date: /home/darius/turtlebot3_ws/install/dynamixel_sdk/include//dynamixel_sdk/group_bulk_read.h
[1.027s] -- Up-to-date: /home/darius/turtlebot3_ws/install/dynamixel_sdk/include//dynamixel_sdk/group_fast_sync_read.h
[1.027s] -- Up-to-date: /home/darius/turtlebot3_ws/install/dynamixel_sdk/include//dynamixel_sdk/group_sync_read.h
[1.027s] -- Up-to-date: /home/darius/turtlebot3_ws/install/dynamixel_sdk/include//dynamixel_sdk/port_handler_windows.h
[1.027s] -- Up-to-date: /home/darius/turtlebot3_ws/install/dynamixel_sdk/include//dynamixel_sdk/packet_handler.h
[1.027s] -- Up-to-date: /home/darius/turtlebot3_ws/install/dynamixel_sdk/include//dynamixel_sdk/protocol2_packet_handler.h
[1.029s] -- Up-to-date: /home/darius/turtlebot3_ws/install/dynamixel_sdk/include//dynamixel_sdk/group_fast_bulk_read.h
[1.029s] -- Up-to-date: /home/darius/turtlebot3_ws/install/dynamixel_sdk/include//dynamixel_sdk/port_handler_linux.h
[1.030s] -- Up-to-date: /home/darius/turtlebot3_ws/install/dynamixel_sdk/include//dynamixel_sdk/dynamixel_sdk.h
[1.030s] -- Up-to-date: /home/darius/turtlebot3_ws/install/dynamixel_sdk/include//dynamixel_sdk/port_handler.h
[1.030s] -- Up-to-date: /home/darius/turtlebot3_ws/install/dynamixel_sdk/include//dynamixel_sdk/port_handler_arduino.h
[1.030s] -- Up-to-date: /home/darius/turtlebot3_ws/install/dynamixel_sdk/include//dynamixel_sdk/group_handler.h
[1.032s] -- Up-to-date: /home/darius/turtlebot3_ws/install/dynamixel_sdk/lib/libdynamixel_sdk.so
[1.032s] -- Up-to-date: /home/darius/turtlebot3_ws/install/dynamixel_sdk/share/dynamixel_sdk/environment/library_path.sh
[1.032s] -- Up-to-date: /home/darius/turtlebot3_ws/install/dynamixel_sdk/share/dynamixel_sdk/environment/library_path.dsv
[1.032s] -- Up-to-date: /home/darius/turtlebot3_ws/install/dynamixel_sdk/share/ament_index/resource_index/package_run_dependencies/dynamixel_sdk
[1.032s] -- Up-to-date: /home/darius/turtlebot3_ws/install/dynamixel_sdk/share/ament_index/resource_index/parent_prefix_path/dynamixel_sdk
[1.033s] -- Up-to-date: /home/darius/turtlebot3_ws/install/dynamixel_sdk/share/dynamixel_sdk/environment/ament_prefix_path.sh
[1.033s] -- Up-to-date: /home/darius/turtlebot3_ws/install/dynamixel_sdk/share/dynamixel_sdk/environment/ament_prefix_path.dsv
[1.033s] -- Up-to-date: /home/darius/turtlebot3_ws/install/dynamixel_sdk/share/dynamixel_sdk/environment/path.sh
[1.033s] -- Up-to-date: /home/darius/turtlebot3_ws/install/dynamixel_sdk/share/dynamixel_sdk/environment/path.dsv
[1.033s] -- Up-to-date: /home/darius/turtlebot3_ws/install/dynamixel_sdk/share/dynamixel_sdk/local_setup.bash
[1.033s] -- Up-to-date: /home/darius/turtlebot3_ws/install/dynamixel_sdk/share/dynamixel_sdk/local_setup.sh
[1.033s] -- Up-to-date: /home/darius/turtlebot3_ws/install/dynamixel_sdk/share/dynamixel_sdk/local_setup.zsh
[1.034s] -- Up-to-date: /home/darius/turtlebot3_ws/install/dynamixel_sdk/share/dynamixel_sdk/local_setup.dsv
[1.034s] -- Installing: /home/darius/turtlebot3_ws/install/dynamixel_sdk/share/dynamixel_sdk/package.dsv
[1.034s] -- Up-to-date: /home/darius/turtlebot3_ws/install/dynamixel_sdk/share/ament_index/resource_index/packages/dynamixel_sdk
[1.034s] -- Up-to-date: /home/darius/turtlebot3_ws/install/dynamixel_sdk/share/dynamixel_sdk/cmake/ament_cmake_export_include_directories-extras.cmake
[1.035s] -- Up-to-date: /home/darius/turtlebot3_ws/install/dynamixel_sdk/share/dynamixel_sdk/cmake/ament_cmake_export_libraries-extras.cmake
[1.035s] -- Up-to-date: /home/darius/turtlebot3_ws/install/dynamixel_sdk/share/dynamixel_sdk/cmake/dynamixel_sdkConfig.cmake
[1.035s] -- Up-to-date: /home/darius/turtlebot3_ws/install/dynamixel_sdk/share/dynamixel_sdk/cmake/dynamixel_sdkConfig-version.cmake
[1.035s] -- Up-to-date: /home/darius/turtlebot3_ws/install/dynamixel_sdk/share/dynamixel_sdk/package.xml
[1.191s] Invoked command in '/home/darius/turtlebot3_ws/build/dynamixel_sdk' returned '0': CMAKE_PREFIX_PATH=${CMAKE_PREFIX_PATH}:/home/darius/turtlebot3_ws/install/turtlebot3_teleop:/home/darius/turtlebot3_ws/install/turtlebot3_example:/home/darius/turtlebot3_ws/install/Autobot_Ver1:/opt/ros/humble /usr/bin/cmake --install /home/darius/turtlebot3_ws/build/dynamixel_sdk
