[1.557s] Invoking command in '/home/darius/turtlebot3_ws/src/my_simulation': PYTHONPATH=/home/darius/turtlebot3_ws/build/my_simulation/prefix_override:/usr/lib/python3/dist-packages/colcon_core/task/python/colcon_distutils_commands:/home/darius/turtlebot3_ws/install/my_simulation/lib/python3.10/site-packages:${PYTHONPATH} /usr/bin/python3 -W ignore:setup.py install is deprecated -W ignore:easy_install command is deprecated setup.py egg_info --egg-base ../../build/my_simulation build --build-base /home/darius/turtlebot3_ws/build/my_simulation/build install --record /home/darius/turtlebot3_ws/build/my_simulation/install.log --single-version-externally-managed install_data
[1.929s] running egg_info
[1.930s] writing ../../build/my_simulation/my_simulation.egg-info/PKG-INFO
[1.931s] writing dependency_links to ../../build/my_simulation/my_simulation.egg-info/dependency_links.txt
[1.931s] writing entry points to ../../build/my_simulation/my_simulation.egg-info/entry_points.txt
[1.931s] writing requirements to ../../build/my_simulation/my_simulation.egg-info/requires.txt
[1.931s] writing top-level names to ../../build/my_simulation/my_simulation.egg-info/top_level.txt
[1.934s] reading manifest file '../../build/my_simulation/my_simulation.egg-info/SOURCES.txt'
[1.935s] writing manifest file '../../build/my_simulation/my_simulation.egg-info/SOURCES.txt'
[1.935s] running build
[1.936s] running build_py
[1.936s] running install
[1.936s] running install_lib
[1.938s] running install_data
[1.938s] running install_egg_info
[1.942s] removing '/home/darius/turtlebot3_ws/install/my_simulation/lib/python3.10/site-packages/my_simulation-0.0.0-py3.10.egg-info' (and everything under it)
[1.943s] Copying ../../build/my_simulation/my_simulation.egg-info to /home/darius/turtlebot3_ws/install/my_simulation/lib/python3.10/site-packages/my_simulation-0.0.0-py3.10.egg-info
[1.944s] running install_scripts
[1.973s] writing list of installed files to '/home/darius/turtlebot3_ws/build/my_simulation/install.log'
[2.023s] Invoked command in '/home/darius/turtlebot3_ws/src/my_simulation' returned '0': PYTHONPATH=/home/darius/turtlebot3_ws/build/my_simulation/prefix_override:/usr/lib/python3/dist-packages/colcon_core/task/python/colcon_distutils_commands:/home/darius/turtlebot3_ws/install/my_simulation/lib/python3.10/site-packages:${PYTHONPATH} /usr/bin/python3 -W ignore:setup.py install is deprecated -W ignore:easy_install command is deprecated setup.py egg_info --egg-base ../../build/my_simulation build --build-base /home/darius/turtlebot3_ws/build/my_simulation/build install --record /home/darius/turtlebot3_ws/build/my_simulation/install.log --single-version-externally-managed install_data
