[0.024s] Invoking command in '/home/darius/turtlebot3_ws/build/dynamixel_sdk_examples': AMENT_PREFIX_PATH=/home/darius/turtlebot3_ws/install/dynamixel_sdk_custom_interfaces:/home/darius/turtlebot3_ws/install/dynamixel_sdk:${AMENT_PREFIX_PATH} CMAKE_PREFIX_PATH=/home/darius/turtlebot3_ws/install/dynamixel_sdk_custom_interfaces:/home/darius/turtlebot3_ws/install/dynamixel_sdk:/opt/ros/humble LD_LIBRARY_PATH=/home/darius/turtlebot3_ws/install/dynamixel_sdk_custom_interfaces/lib:/home/darius/turtlebot3_ws/install/dynamixel_sdk/lib:${LD_LIBRARY_PATH} PYTHONPATH=/home/darius/turtlebot3_ws/install/dynamixel_sdk_custom_interfaces/local/lib/python3.10/dist-packages:${PYTHONPATH} /usr/bin/cmake /home/darius/turtlebot3_ws/src/DynamixelSDK/dynamixel_sdk_examples -DCMAKE_INSTALL_PREFIX=/home/darius/turtlebot3_ws/install/dynamixel_sdk_examples
[0.042s] -- Found ament_cmake: 1.3.11 (/opt/ros/humble/share/ament_cmake/cmake)
[0.206s] -- Override CMake install command with custom implementation using symlinks instead of copying resources
[0.217s] -- Found dynamixel_sdk: 3.7.60 (/home/darius/turtlebot3_ws/install/dynamixel_sdk/share/dynamixel_sdk/cmake)
[0.219s] -- Found dynamixel_sdk_custom_interfaces: 3.7.60 (/home/darius/turtlebot3_ws/install/dynamixel_sdk_custom_interfaces/share/dynamixel_sdk_custom_interfaces/cmake)
[0.255s] -- Found rosidl_generator_c: 3.1.6 (/opt/ros/humble/share/rosidl_generator_c/cmake)
[0.258s] -- Found rosidl_adapter: 3.1.6 (/opt/ros/humble/share/rosidl_adapter/cmake)
[0.266s] -- Found rosidl_generator_cpp: 3.1.6 (/opt/ros/humble/share/rosidl_generator_cpp/cmake)
[0.278s] -- Using all available rosidl_typesupport_c: rosidl_typesupport_fastrtps_c;rosidl_typesupport_introspection_c
[0.294s] -- Using all available rosidl_typesupport_cpp: rosidl_typesupport_fastrtps_cpp;rosidl_typesupport_introspection_cpp
[0.322s] -- Found rclcpp: 16.0.11 (/opt/ros/humble/share/rclcpp/cmake)
[0.353s] -- Found rmw_implementation_cmake: 6.1.2 (/opt/ros/humble/share/rmw_implementation_cmake/cmake)
[0.355s] -- Found rmw_fastrtps_cpp: 6.2.7 (/opt/ros/humble/share/rmw_fastrtps_cpp/cmake)
[0.506s] -- Using RMW implementation 'rmw_fastrtps_cpp' as default
[0.567s] -- Found ament_lint_auto: 0.12.11 (/opt/ros/humble/share/ament_lint_auto/cmake)
[0.662s] -- Added test 'copyright' to check source files copyright and LICENSE
[0.663s] -- Added test 'cppcheck' to perform static code analysis on C / C++ code
[0.663s] -- Configured cppcheck include dirs: /home/darius/turtlebot3_ws/src/DynamixelSDK/dynamixel_sdk_examples/include
[0.663s] -- Configured cppcheck exclude dirs and/or files: 
[0.664s] -- Added test 'cpplint' to check C / C++ code against the Google style
[0.664s] -- Configured cpplint exclude dirs and/or files: 
[0.665s] -- Added test 'lint_cmake' to check CMake code style
[0.666s] -- Added test 'uncrustify' to check C / C++ code style
[0.666s] -- Configured uncrustify additional arguments: 
[0.666s] -- Added test 'xmllint' to check XML markup files
[0.668s] -- Configuring done
[0.681s] -- Generating done
[0.686s] -- Build files have been written to: /home/darius/turtlebot3_ws/build/dynamixel_sdk_examples
[0.697s] Invoked command in '/home/darius/turtlebot3_ws/build/dynamixel_sdk_examples' returned '0': AMENT_PREFIX_PATH=/home/darius/turtlebot3_ws/install/dynamixel_sdk_custom_interfaces:/home/darius/turtlebot3_ws/install/dynamixel_sdk:${AMENT_PREFIX_PATH} CMAKE_PREFIX_PATH=/home/darius/turtlebot3_ws/install/dynamixel_sdk_custom_interfaces:/home/darius/turtlebot3_ws/install/dynamixel_sdk:/opt/ros/humble LD_LIBRARY_PATH=/home/darius/turtlebot3_ws/install/dynamixel_sdk_custom_interfaces/lib:/home/darius/turtlebot3_ws/install/dynamixel_sdk/lib:${LD_LIBRARY_PATH} PYTHONPATH=/home/darius/turtlebot3_ws/install/dynamixel_sdk_custom_interfaces/local/lib/python3.10/dist-packages:${PYTHONPATH} /usr/bin/cmake /home/darius/turtlebot3_ws/src/DynamixelSDK/dynamixel_sdk_examples -DCMAKE_INSTALL_PREFIX=/home/darius/turtlebot3_ws/install/dynamixel_sdk_examples
[0.700s] Invoking command in '/home/darius/turtlebot3_ws/build/dynamixel_sdk_examples': AMENT_PREFIX_PATH=/home/darius/turtlebot3_ws/install/dynamixel_sdk_custom_interfaces:/home/darius/turtlebot3_ws/install/dynamixel_sdk:${AMENT_PREFIX_PATH} CMAKE_PREFIX_PATH=/home/darius/turtlebot3_ws/install/dynamixel_sdk_custom_interfaces:/home/darius/turtlebot3_ws/install/dynamixel_sdk:/opt/ros/humble LD_LIBRARY_PATH=/home/darius/turtlebot3_ws/install/dynamixel_sdk_custom_interfaces/lib:/home/darius/turtlebot3_ws/install/dynamixel_sdk/lib:${LD_LIBRARY_PATH} PYTHONPATH=/home/darius/turtlebot3_ws/install/dynamixel_sdk_custom_interfaces/local/lib/python3.10/dist-packages:${PYTHONPATH} /usr/bin/cmake --build /home/darius/turtlebot3_ws/build/dynamixel_sdk_examples
[0.779s] [35m[1mConsolidate compiler generated dependencies of target read_write_node[0m
[0.805s] [100%] Built target read_write_node
[0.826s] Invoked command in '/home/darius/turtlebot3_ws/build/dynamixel_sdk_examples' returned '0': AMENT_PREFIX_PATH=/home/darius/turtlebot3_ws/install/dynamixel_sdk_custom_interfaces:/home/darius/turtlebot3_ws/install/dynamixel_sdk:${AMENT_PREFIX_PATH} CMAKE_PREFIX_PATH=/home/darius/turtlebot3_ws/install/dynamixel_sdk_custom_interfaces:/home/darius/turtlebot3_ws/install/dynamixel_sdk:/opt/ros/humble LD_LIBRARY_PATH=/home/darius/turtlebot3_ws/install/dynamixel_sdk_custom_interfaces/lib:/home/darius/turtlebot3_ws/install/dynamixel_sdk/lib:${LD_LIBRARY_PATH} PYTHONPATH=/home/darius/turtlebot3_ws/install/dynamixel_sdk_custom_interfaces/local/lib/python3.10/dist-packages:${PYTHONPATH} /usr/bin/cmake --build /home/darius/turtlebot3_ws/build/dynamixel_sdk_examples
[0.828s] Invoking command in '/home/darius/turtlebot3_ws/build/dynamixel_sdk_examples': AMENT_PREFIX_PATH=/home/darius/turtlebot3_ws/install/dynamixel_sdk_custom_interfaces:/home/darius/turtlebot3_ws/install/dynamixel_sdk:${AMENT_PREFIX_PATH} CMAKE_PREFIX_PATH=/home/darius/turtlebot3_ws/install/dynamixel_sdk_custom_interfaces:/home/darius/turtlebot3_ws/install/dynamixel_sdk:/opt/ros/humble LD_LIBRARY_PATH=/home/darius/turtlebot3_ws/install/dynamixel_sdk_custom_interfaces/lib:/home/darius/turtlebot3_ws/install/dynamixel_sdk/lib:${LD_LIBRARY_PATH} PYTHONPATH=/home/darius/turtlebot3_ws/install/dynamixel_sdk_custom_interfaces/local/lib/python3.10/dist-packages:${PYTHONPATH} /usr/bin/cmake --install /home/darius/turtlebot3_ws/build/dynamixel_sdk_examples
[0.849s] -- Install configuration: ""
[0.849s] -- Execute custom install script
[0.850s] -- Up-to-date symlink: /home/darius/turtlebot3_ws/install/dynamixel_sdk_examples/lib/dynamixel_sdk_examples/read_write_node
[0.850s] -- Up-to-date symlink: /home/darius/turtlebot3_ws/install/dynamixel_sdk_examples/share/ament_index/resource_index/package_run_dependencies/dynamixel_sdk_examples
[0.850s] -- Up-to-date symlink: /home/darius/turtlebot3_ws/install/dynamixel_sdk_examples/share/ament_index/resource_index/parent_prefix_path/dynamixel_sdk_examples
[0.851s] -- Up-to-date symlink: /home/darius/turtlebot3_ws/install/dynamixel_sdk_examples/share/dynamixel_sdk_examples/environment/ament_prefix_path.sh
[0.851s] -- Up-to-date symlink: /home/darius/turtlebot3_ws/install/dynamixel_sdk_examples/share/dynamixel_sdk_examples/environment/ament_prefix_path.dsv
[0.851s] -- Up-to-date symlink: /home/darius/turtlebot3_ws/install/dynamixel_sdk_examples/share/dynamixel_sdk_examples/environment/path.sh
[0.851s] -- Up-to-date symlink: /home/darius/turtlebot3_ws/install/dynamixel_sdk_examples/share/dynamixel_sdk_examples/environment/path.dsv
[0.852s] -- Up-to-date symlink: /home/darius/turtlebot3_ws/install/dynamixel_sdk_examples/share/dynamixel_sdk_examples/local_setup.bash
[0.852s] -- Up-to-date symlink: /home/darius/turtlebot3_ws/install/dynamixel_sdk_examples/share/dynamixel_sdk_examples/local_setup.sh
[0.852s] -- Up-to-date symlink: /home/darius/turtlebot3_ws/install/dynamixel_sdk_examples/share/dynamixel_sdk_examples/local_setup.zsh
[0.852s] -- Up-to-date symlink: /home/darius/turtlebot3_ws/install/dynamixel_sdk_examples/share/dynamixel_sdk_examples/local_setup.dsv
[0.853s] -- Symlinking: /home/darius/turtlebot3_ws/install/dynamixel_sdk_examples/share/dynamixel_sdk_examples/package.dsv
[0.870s] -- Up-to-date symlink: /home/darius/turtlebot3_ws/install/dynamixel_sdk_examples/share/ament_index/resource_index/packages/dynamixel_sdk_examples
[0.871s] -- Up-to-date symlink: /home/darius/turtlebot3_ws/install/dynamixel_sdk_examples/share/dynamixel_sdk_examples/cmake/dynamixel_sdk_examplesConfig.cmake
[0.871s] -- Up-to-date symlink: /home/darius/turtlebot3_ws/install/dynamixel_sdk_examples/share/dynamixel_sdk_examples/cmake/dynamixel_sdk_examplesConfig-version.cmake
[0.871s] -- Up-to-date symlink: /home/darius/turtlebot3_ws/install/dynamixel_sdk_examples/share/dynamixel_sdk_examples/package.xml
[0.876s] Invoked command in '/home/darius/turtlebot3_ws/build/dynamixel_sdk_examples' returned '0': AMENT_PREFIX_PATH=/home/darius/turtlebot3_ws/install/dynamixel_sdk_custom_interfaces:/home/darius/turtlebot3_ws/install/dynamixel_sdk:${AMENT_PREFIX_PATH} CMAKE_PREFIX_PATH=/home/darius/turtlebot3_ws/install/dynamixel_sdk_custom_interfaces:/home/darius/turtlebot3_ws/install/dynamixel_sdk:/opt/ros/humble LD_LIBRARY_PATH=/home/darius/turtlebot3_ws/install/dynamixel_sdk_custom_interfaces/lib:/home/darius/turtlebot3_ws/install/dynamixel_sdk/lib:${LD_LIBRARY_PATH} PYTHONPATH=/home/darius/turtlebot3_ws/install/dynamixel_sdk_custom_interfaces/local/lib/python3.10/dist-packages:${PYTHONPATH} /usr/bin/cmake --install /home/darius/turtlebot3_ws/build/dynamixel_sdk_examples
