running egg_info
writing ../../build/Autobot_Ver1/Autobot_Ver1.egg-info/PKG-INFO
writing dependency_links to ../../build/Autobot_Ver1/Autobot_Ver1.egg-info/dependency_links.txt
writing entry points to ../../build/Autobot_Ver1/Autobot_Ver1.egg-info/entry_points.txt
writing requirements to ../../build/Autobot_Ver1/Autobot_Ver1.egg-info/requires.txt
writing top-level names to ../../build/Autobot_Ver1/Autobot_Ver1.egg-info/top_level.txt
reading manifest file '../../build/Autobot_Ver1/Autobot_Ver1.egg-info/SOURCES.txt'
writing manifest file '../../build/Autobot_Ver1/Autobot_Ver1.egg-info/SOURCES.txt'
running build
running build_py
copying Autobot_Ver1/Autobot_Ver1.py -> /home/darius/turtlebot3_ws/build/Autobot_Ver1/build/lib/Autobot_Ver1
running install
running install_lib
copying /home/darius/turtlebot3_ws/build/Autobot_Ver1/build/lib/Autobot_Ver1/Autobot_Ver1.py -> /home/darius/turtlebot3_ws/install/Autobot_Ver1/lib/python3.10/site-packages/Autobot_Ver1
byte-compiling /home/darius/turtlebot3_ws/install/Autobot_Ver1/lib/python3.10/site-packages/Autobot_Ver1/Autobot_Ver1.py to Autobot_Ver1.cpython-310.pyc
running install_data
copying package.xml -> /home/darius/turtlebot3_ws/install/Autobot_Ver1/share/Autobot_Ver1
running install_egg_info
removing '/home/darius/turtlebot3_ws/install/Autobot_Ver1/lib/python3.10/site-packages/Autobot_Ver1-0.0.0-py3.10.egg-info' (and everything under it)
Copying ../../build/Autobot_Ver1/Autobot_Ver1.egg-info to /home/darius/turtlebot3_ws/install/Autobot_Ver1/lib/python3.10/site-packages/Autobot_Ver1-0.0.0-py3.10.egg-info
running install_scripts
Installing Autobot_Ver1 script to /home/darius/turtlebot3_ws/install/Autobot_Ver1/lib/Autobot_Ver1
writing list of installed files to '/home/darius/turtlebot3_ws/build/Autobot_Ver1/install.log'
