[2.626s] Invoking command in '/home/darius/turtlebot3_ws/src/turtlebot3/turtlebot3_teleop': PYTHONPATH=/home/darius/turtlebot3_ws/build/turtlebot3_teleop/prefix_override:/usr/lib/python3/dist-packages/colcon_core/task/python/colcon_distutils_commands:/home/darius/turtlebot3_ws/install/turtlebot3_teleop/lib/python3.10/site-packages:${PYTHONPATH} /usr/bin/python3 -W ignore:setup.py install is deprecated -W ignore:easy_install command is deprecated setup.py egg_info --egg-base ../../../build/turtlebot3_teleop build --build-base /home/darius/turtlebot3_ws/build/turtlebot3_teleop/build install --record /home/darius/turtlebot3_ws/build/turtlebot3_teleop/install.log --single-version-externally-managed install_data
[3.173s] running egg_info
[3.174s] creating ../../../build/turtlebot3_teleop/turtlebot3_teleop.egg-info
[3.175s] writing ../../../build/turtlebot3_teleop/turtlebot3_teleop.egg-info/PKG-INFO
[3.176s] writing dependency_links to ../../../build/turtlebot3_teleop/turtlebot3_teleop.egg-info/dependency_links.txt
[3.176s] writing entry points to ../../../build/turtlebot3_teleop/turtlebot3_teleop.egg-info/entry_points.txt
[3.176s] writing requirements to ../../../build/turtlebot3_teleop/turtlebot3_teleop.egg-info/requires.txt
[3.177s] writing top-level names to ../../../build/turtlebot3_teleop/turtlebot3_teleop.egg-info/top_level.txt
[3.177s] writing manifest file '../../../build/turtlebot3_teleop/turtlebot3_teleop.egg-info/SOURCES.txt'
[3.180s] reading manifest file '../../../build/turtlebot3_teleop/turtlebot3_teleop.egg-info/SOURCES.txt'
[3.182s] writing manifest file '../../../build/turtlebot3_teleop/turtlebot3_teleop.egg-info/SOURCES.txt'
[3.182s] running build
[3.183s] running build_py
[3.183s] creating /home/darius/turtlebot3_ws/build/turtlebot3_teleop/build
[3.183s] creating /home/darius/turtlebot3_ws/build/turtlebot3_teleop/build/lib
[3.183s] creating /home/darius/turtlebot3_ws/build/turtlebot3_teleop/build/lib/turtlebot3_teleop
[3.183s] copying turtlebot3_teleop/__init__.py -> /home/darius/turtlebot3_ws/build/turtlebot3_teleop/build/lib/turtlebot3_teleop
[3.184s] creating /home/darius/turtlebot3_ws/build/turtlebot3_teleop/build/lib/turtlebot3_teleop/script
[3.184s] copying turtlebot3_teleop/script/__init__.py -> /home/darius/turtlebot3_ws/build/turtlebot3_teleop/build/lib/turtlebot3_teleop/script
[3.184s] copying turtlebot3_teleop/script/teleop_keyboard.py -> /home/darius/turtlebot3_ws/build/turtlebot3_teleop/build/lib/turtlebot3_teleop/script
[3.184s] running install
[3.186s] running install_lib
[3.189s] creating /home/darius/turtlebot3_ws/install/turtlebot3_teleop/lib/python3.10/site-packages/turtlebot3_teleop
[3.189s] creating /home/darius/turtlebot3_ws/install/turtlebot3_teleop/lib/python3.10/site-packages/turtlebot3_teleop/script
[3.189s] copying /home/darius/turtlebot3_ws/build/turtlebot3_teleop/build/lib/turtlebot3_teleop/script/__init__.py -> /home/darius/turtlebot3_ws/install/turtlebot3_teleop/lib/python3.10/site-packages/turtlebot3_teleop/script
[3.190s] copying /home/darius/turtlebot3_ws/build/turtlebot3_teleop/build/lib/turtlebot3_teleop/script/teleop_keyboard.py -> /home/darius/turtlebot3_ws/install/turtlebot3_teleop/lib/python3.10/site-packages/turtlebot3_teleop/script
[3.190s] copying /home/darius/turtlebot3_ws/build/turtlebot3_teleop/build/lib/turtlebot3_teleop/__init__.py -> /home/darius/turtlebot3_ws/install/turtlebot3_teleop/lib/python3.10/site-packages/turtlebot3_teleop
[3.191s] byte-compiling /home/darius/turtlebot3_ws/install/turtlebot3_teleop/lib/python3.10/site-packages/turtlebot3_teleop/script/__init__.py to __init__.cpython-310.pyc
[3.193s] byte-compiling /home/darius/turtlebot3_ws/install/turtlebot3_teleop/lib/python3.10/site-packages/turtlebot3_teleop/script/teleop_keyboard.py to teleop_keyboard.cpython-310.pyc
[3.194s] byte-compiling /home/darius/turtlebot3_ws/install/turtlebot3_teleop/lib/python3.10/site-packages/turtlebot3_teleop/__init__.py to __init__.cpython-310.pyc
[3.194s] running install_data
[3.195s] creating /home/darius/turtlebot3_ws/install/turtlebot3_teleop/share/ament_index
[3.195s] creating /home/darius/turtlebot3_ws/install/turtlebot3_teleop/share/ament_index/resource_index
[3.195s] creating /home/darius/turtlebot3_ws/install/turtlebot3_teleop/share/ament_index/resource_index/packages
[3.196s] copying resource/turtlebot3_teleop -> /home/darius/turtlebot3_ws/install/turtlebot3_teleop/share/ament_index/resource_index/packages
[3.196s] copying package.xml -> /home/darius/turtlebot3_ws/install/turtlebot3_teleop/share/turtlebot3_teleop
[3.197s] running install_egg_info
[3.205s] Copying ../../../build/turtlebot3_teleop/turtlebot3_teleop.egg-info to /home/darius/turtlebot3_ws/install/turtlebot3_teleop/lib/python3.10/site-packages/turtlebot3_teleop-2.1.5-py3.10.egg-info
[3.207s] running install_scripts
[3.244s] Installing teleop_keyboard script to /home/darius/turtlebot3_ws/install/turtlebot3_teleop/lib/turtlebot3_teleop
[3.245s] writing list of installed files to '/home/darius/turtlebot3_ws/build/turtlebot3_teleop/install.log'
[3.299s] Invoked command in '/home/darius/turtlebot3_ws/src/turtlebot3/turtlebot3_teleop' returned '0': PYTHONPATH=/home/darius/turtlebot3_ws/build/turtlebot3_teleop/prefix_override:/usr/lib/python3/dist-packages/colcon_core/task/python/colcon_distutils_commands:/home/darius/turtlebot3_ws/install/turtlebot3_teleop/lib/python3.10/site-packages:${PYTHONPATH} /usr/bin/python3 -W ignore:setup.py install is deprecated -W ignore:easy_install command is deprecated setup.py egg_info --egg-base ../../../build/turtlebot3_teleop build --build-base /home/darius/turtlebot3_ws/build/turtlebot3_teleop/build install --record /home/darius/turtlebot3_ws/build/turtlebot3_teleop/install.log --single-version-externally-managed install_data
